Copyright 1986-2020 Xilinx, Inc. All Rights Reserved.
----------------------------------------------------------------------------------------------------------------------------------------------------------------------------------
| Tool Version : Vivado v.2020.2 (win64) Build 3064766 Wed Nov 18 09:12:45 MST 2020
| Date         : Fri Jul  3 17:00:31 2026
| Host         : DESKTOP-F81OJT8 running 64-bit major release  (build 9200)
| Command      : report_timing_summary -file {C:/Users/YangGeon/SNN ECG Classifier/results/final_membrane_v2_snn/axi_impl_timing_10ns/profile_en_1/post_synth_timing_summary.rpt}
| Design       : snn_ecg_axi_lite_stream_top
| Device       : 7a100t-csg324
| Speed File   : -1  PRODUCTION 1.23 2018-06-13
----------------------------------------------------------------------------------------------------------------------------------------------------------------------------------

Timing Summary Report

------------------------------------------------------------------------------------------------
| Timer Settings
| --------------
------------------------------------------------------------------------------------------------

  Enable Multi Corner Analysis               :  Yes
  Enable Pessimism Removal                   :  Yes
  Pessimism Removal Resolution               :  Nearest Common Node
  Enable Input Delay Default Clock           :  No
  Enable Preset / Clear Arcs                 :  No
  Disable Flight Delays                      :  No
  Ignore I/O Paths                           :  No
  Timing Early Launch at Borrowing Latches   :  No
  Borrow Time for Max Delay Exceptions       :  Yes
  Merge Timing Exceptions                    :  Yes

  Corner  Analyze    Analyze    
  Name    Max Paths  Min Paths  
  ------  ---------  ---------  
  Slow    Yes        Yes        
  Fast    Yes        Yes        



check_timing report

Table of Contents
-----------------
1. checking no_clock (0)
2. checking constant_clock (0)
3. checking pulse_width_clock (0)
4. checking unconstrained_internal_endpoints (0)
5. checking no_input_delay (0)
6. checking no_output_delay (0)
7. checking multiple_clock (0)
8. checking generated_clocks (0)
9. checking loops (0)
10. checking partial_input_delay (0)
11. checking partial_output_delay (0)
12. checking latch_loops (0)

1. checking no_clock (0)
------------------------
 There are 0 register/latch pins with no clock.


2. checking constant_clock (0)
------------------------------
 There are 0 register/latch pins with constant_clock.


3. checking pulse_width_clock (0)
---------------------------------
 There are 0 register/latch pins which need pulse_width check


4. checking unconstrained_internal_endpoints (0)
------------------------------------------------
 There are 0 pins that are not constrained for maximum delay.

 There are 0 pins that are not constrained for maximum delay due to constant clock.


5. checking no_input_delay (0)
------------------------------
 There are 0 input ports with no input delay specified.

 There are 0 input ports with no input delay but user has a false path constraint.


6. checking no_output_delay (0)
-------------------------------
 There are 0 ports with no output delay specified.

 There are 0 ports with no output delay but user has a false path constraint

 There are 0 ports with no output delay but with a timing clock defined on it or propagating through it


7. checking multiple_clock (0)
------------------------------
 There are 0 register/latch pins with multiple clocks.


8. checking generated_clocks (0)
--------------------------------
 There are 0 generated clocks that are not connected to a clock source.


9. checking loops (0)
---------------------
 There are 0 combinational loops in the design.


10. checking partial_input_delay (0)
------------------------------------
 There are 0 input ports with partial input delay specified.


11. checking partial_output_delay (0)
-------------------------------------
 There are 0 ports with partial output delay specified.


12. checking latch_loops (0)
----------------------------
 There are 0 combinational latch loops in the design through latch input



------------------------------------------------------------------------------------------------
| Design Timing Summary
| ---------------------
------------------------------------------------------------------------------------------------

    WNS(ns)      TNS(ns)  TNS Failing Endpoints  TNS Total Endpoints      WHS(ns)      THS(ns)  THS Failing Endpoints  THS Total Endpoints     WPWS(ns)     TPWS(ns)  TPWS Failing Endpoints  TPWS Total Endpoints  
    -------      -------  ---------------------  -------------------      -------      -------  ---------------------  -------------------     --------     --------  ----------------------  --------------------  
     -0.145       -5.182                     36                18210        0.168        0.000                      0                18210        3.750        0.000                       0                  6995  


Timing constraints are not met.


------------------------------------------------------------------------------------------------
| Clock Summary
| -------------
------------------------------------------------------------------------------------------------

Clock       Waveform(ns)       Period(ns)      Frequency(MHz)
-----       ------------       ----------      --------------
s_axi_aclk  {0.000 5.000}      10.000          100.000         


------------------------------------------------------------------------------------------------
| Intra Clock Table
| -----------------
------------------------------------------------------------------------------------------------

Clock             WNS(ns)      TNS(ns)  TNS Failing Endpoints  TNS Total Endpoints      WHS(ns)      THS(ns)  THS Failing Endpoints  THS Total Endpoints     WPWS(ns)     TPWS(ns)  TPWS Failing Endpoints  TPWS Total Endpoints  
-----             -------      -------  ---------------------  -------------------      -------      -------  ---------------------  -------------------     --------     --------  ----------------------  --------------------  
s_axi_aclk         -0.145       -5.182                     36                18210        0.168        0.000                      0                18210        3.750        0.000                       0                  6995  


------------------------------------------------------------------------------------------------
| Inter Clock Table
| -----------------
------------------------------------------------------------------------------------------------

From Clock    To Clock          WNS(ns)      TNS(ns)  TNS Failing Endpoints  TNS Total Endpoints      WHS(ns)      THS(ns)  THS Failing Endpoints  THS Total Endpoints  
----------    --------          -------      -------  ---------------------  -------------------      -------      -------  ---------------------  -------------------  


------------------------------------------------------------------------------------------------
| Other Path Groups Table
| -----------------------
------------------------------------------------------------------------------------------------

Path Group    From Clock    To Clock          WNS(ns)      TNS(ns)  TNS Failing Endpoints  TNS Total Endpoints      WHS(ns)      THS(ns)  THS Failing Endpoints  THS Total Endpoints  
----------    ----------    --------          -------      -------  ---------------------  -------------------      -------      -------  ---------------------  -------------------  


------------------------------------------------------------------------------------------------
| Timing Details
| --------------
------------------------------------------------------------------------------------------------


---------------------------------------------------------------------------------------------------
From Clock:  s_axi_aclk
  To Clock:  s_axi_aclk

Setup :           36  Failing Endpoints,  Worst Slack       -0.145ns,  Total Violation       -5.182ns
Hold  :            0  Failing Endpoints,  Worst Slack        0.168ns,  Total Violation        0.000ns
PW    :            0  Failing Endpoints,  Worst Slack        3.750ns,  Total Violation        0.000ns
---------------------------------------------------------------------------------------------------


Max Delay Paths
--------------------------------------------------------------------------------------
Slack (VIOLATED) :        -0.145ns  (required time - arrival time)
  Source:                 u_core/u_snapshot/u_dscr/filt_mem_reg[0]/C
                            (rising edge-triggered cell FDRE clocked by s_axi_aclk  {rise@0.000ns fall@5.000ns period=10.000ns})
  Destination:            u_core/u_snapshot/u_dscr/down_mem_reg[0]/D
                            (rising edge-triggered cell FDRE clocked by s_axi_aclk  {rise@0.000ns fall@5.000ns period=10.000ns})
  Path Group:             s_axi_aclk
  Path Type:              Setup (Max at Slow Process Corner)
  Requirement:            10.000ns  (s_axi_aclk rise@10.000ns - s_axi_aclk rise@0.000ns)
  Data Path Delay:        10.105ns  (logic 4.631ns (45.829%)  route 5.474ns (54.171%))
  Logic Levels:           16  (CARRY4=10 LUT1=1 LUT4=2 LUT6=3)
  Clock Path Skew:        -0.049ns (DCD - SCD + CPR)
    Destination Clock Delay (DCD):    0.924ns = ( 10.924 - 10.000 ) 
    Source Clock Delay      (SCD):    0.973ns
    Clock Pessimism Removal (CPR):    0.000ns
  Clock Uncertainty:      0.035ns  ((TSJ^2 + TIJ^2)^1/2 + DJ) / 2 + PE
    Total System Jitter     (TSJ):    0.071ns
    Total Input Jitter      (TIJ):    0.000ns
    Discrete Jitter          (DJ):    0.000ns
    Phase Error              (PE):    0.000ns

    Location             Delay type                Incr(ns)  Path(ns)    Netlist Resource(s)
  -------------------------------------------------------------------    -------------------
                         (clock s_axi_aclk rise edge)
                                                      0.000     0.000 r  
                                                      0.000     0.000 r  s_axi_aclk (IN)
                         net (fo=6994, unset)         0.973     0.973    u_core/u_snapshot/u_dscr/clk
                         FDRE                                         r  u_core/u_snapshot/u_dscr/filt_mem_reg[0]/C
  -------------------------------------------------------------------    -------------------
                         FDRE (Prop_fdre_C_Q)         0.478     1.451 f  u_core/u_snapshot/u_dscr/filt_mem_reg[0]/Q
                         net (fo=2, unplaced)         0.322     1.773    u_core/u_snapshot/u_dscr/filt_mem[0]
                         LUT1 (Prop_lut1_I0_O)        0.295     2.068 r  u_core/u_snapshot/u_dscr/filt_mem[3]_i_11/O
                         net (fo=1, unplaced)         0.333     2.401    u_core/u_snapshot/u_dscr/filt_mem[3]_i_11_n_0
                         CARRY4 (Prop_carry4_CYINIT_CO[3])
                                                      0.595     2.996 r  u_core/u_snapshot/u_dscr/filt_mem_reg[3]_i_10/CO[3]
                         net (fo=1, unplaced)         0.000     2.996    u_core/u_snapshot/u_dscr/filt_mem_reg[3]_i_10_n_0
                         CARRY4 (Prop_carry4_CI_CO[3])
                                                      0.117     3.113 r  u_core/u_snapshot/u_dscr/filt_mem_reg[7]_i_11/CO[3]
                         net (fo=1, unplaced)         0.000     3.113    u_core/u_snapshot/u_dscr/filt_mem_reg[7]_i_11_n_0
                         CARRY4 (Prop_carry4_CI_CO[3])
                                                      0.117     3.230 r  u_core/u_snapshot/u_dscr/filt_mem_reg[11]_i_10/CO[3]
                         net (fo=1, unplaced)         0.000     3.230    u_core/u_snapshot/u_dscr/filt_mem_reg[11]_i_10_n_0
                         CARRY4 (Prop_carry4_CI_CO[3])
                                                      0.117     3.347 r  u_core/u_snapshot/u_dscr/filt_mem_reg[15]_i_10/CO[3]
                         net (fo=1, unplaced)         0.000     3.347    u_core/u_snapshot/u_dscr/filt_mem_reg[15]_i_10_n_0
                         CARRY4 (Prop_carry4_CI_CO[3])
                                                      0.117     3.464 r  u_core/u_snapshot/u_dscr/filt_mem_reg[19]_i_10/CO[3]
                         net (fo=1, unplaced)         0.000     3.464    u_core/u_snapshot/u_dscr/filt_mem_reg[19]_i_10_n_0
                         CARRY4 (Prop_carry4_CI_CO[3])
                                                      0.117     3.581 r  u_core/u_snapshot/u_dscr/valid_slope_spike_reg_i_5/CO[3]
                         net (fo=68, unplaced)        1.203     4.784    u_core/u_snapshot/u_dscr/valid_slope_spike_reg_i_5_n_0
                         CARRY4 (Prop_carry4_S[3]_CO[3])
                                                      0.500     5.284 r  u_core/u_snapshot/u_dscr/valid_slope_spike_reg_i_23/CO[3]
                         net (fo=1, unplaced)         0.000     5.284    u_core/u_snapshot/u_dscr/valid_slope_spike_reg_i_23_n_0
                         CARRY4 (Prop_carry4_CI_CO[0])
                                                      0.281     5.565 f  u_core/u_snapshot/u_dscr/sign_flip_spike_reg_i_6/CO[0]
                         net (fo=52, unplaced)        0.394     5.959    u_core/u_snapshot/u_dscr/sign_flip_spike_reg_i_6_n_3
                         LUT4 (Prop_lut4_I0_O)        0.367     6.326 r  u_core/u_snapshot/u_dscr/down_mem[3]_i_5/O
                         net (fo=3, unplaced)         0.487     6.813    u_core/u_snapshot/u_dscr/p_0_in[1]
                         CARRY4 (Prop_carry4_DI[1]_CO[3])
                                                      0.520     7.333 r  u_core/u_snapshot/u_dscr/up_mem_reg[3]_i_2/CO[3]
                         net (fo=1, unplaced)         0.000     7.333    u_core/u_snapshot/u_dscr/up_mem_reg[3]_i_2_n_0
                         CARRY4 (Prop_carry4_CI_O[3])
                                                      0.331     7.664 f  u_core/u_snapshot/u_dscr/up_mem_reg[7]_i_2/O[3]
                         net (fo=2, unplaced)         0.841     8.505    u_core/u_snapshot/u_dscr/p_0_in2_out[7]
                         LUT4 (Prop_lut4_I2_O)        0.307     8.812 f  u_core/u_snapshot/u_dscr/valid_slope_spike_i_9/O
                         net (fo=1, unplaced)         0.941     9.753    u_core/u_snapshot/u_dscr/valid_slope_spike_i_9_n_0
                         LUT6 (Prop_lut6_I0_O)        0.124     9.877 f  u_core/u_snapshot/u_dscr/valid_slope_spike_i_3/O
                         net (fo=2, unplaced)         0.430    10.307    u_core/u_snapshot/u_dscr/slope_threshold_hit_return
                         LUT6 (Prop_lut6_I0_O)        0.124    10.431 f  u_core/u_snapshot/u_dscr/valid_slope_spike_i_2/O
                         net (fo=36, unplaced)        0.523    10.954    u_core/u_snapshot/u_dscr/curr_slope_spike
                         LUT6 (Prop_lut6_I3_O)        0.124    11.078 r  u_core/u_snapshot/u_dscr/down_mem[0]_i_1/O
                         net (fo=1, unplaced)         0.000    11.078    u_core/u_snapshot/u_dscr/down_mem0[0]
                         FDRE                                         r  u_core/u_snapshot/u_dscr/down_mem_reg[0]/D
  -------------------------------------------------------------------    -------------------

                         (clock s_axi_aclk rise edge)
                                                     10.000    10.000 r  
                                                      0.000    10.000 r  s_axi_aclk (IN)
                         net (fo=6994, unset)         0.924    10.924    u_core/u_snapshot/u_dscr/clk
                         FDRE                                         r  u_core/u_snapshot/u_dscr/down_mem_reg[0]/C
                         clock pessimism              0.000    10.924    
                         clock uncertainty           -0.035    10.889    
                         FDRE (Setup_fdre_C_D)        0.044    10.933    u_core/u_snapshot/u_dscr/down_mem_reg[0]
  -------------------------------------------------------------------
                         required time                         10.933    
                         arrival time                         -11.078    
  -------------------------------------------------------------------
                         slack                                 -0.145    





Min Delay Paths
--------------------------------------------------------------------------------------
Slack (MET) :             0.168ns  (arrival time - required time)
  Source:                 u_reset_sync/sync_reg_reg[0]/C
                            (rising edge-triggered cell FDCE clocked by s_axi_aclk  {rise@0.000ns fall@5.000ns period=10.000ns})
  Destination:            u_reset_sync/sync_reg_reg[1]/D
                            (rising edge-triggered cell FDCE clocked by s_axi_aclk  {rise@0.000ns fall@5.000ns period=10.000ns})
  Path Group:             s_axi_aclk
  Path Type:              Hold (Min at Fast Process Corner)
  Requirement:            0.000ns  (s_axi_aclk rise@0.000ns - s_axi_aclk rise@0.000ns)
  Data Path Delay:        0.228ns  (logic 0.147ns (64.493%)  route 0.081ns (35.507%))
  Logic Levels:           0  
  Clock Path Skew:        0.022ns (DCD - SCD - CPR)
    Destination Clock Delay (DCD):    0.432ns
    Source Clock Delay      (SCD):    0.410ns
    Clock Pessimism Removal (CPR):    -0.000ns

    Location             Delay type                Incr(ns)  Path(ns)    Netlist Resource(s)
  -------------------------------------------------------------------    -------------------
                         (clock s_axi_aclk rise edge)
                                                      0.000     0.000 r  
                                                      0.000     0.000 r  s_axi_aclk (IN)
                         net (fo=6994, unset)         0.410     0.410    u_reset_sync/clk
                         FDCE                                         r  u_reset_sync/sync_reg_reg[0]/C
  -------------------------------------------------------------------    -------------------
                         FDCE (Prop_fdce_C_Q)         0.147     0.557 r  u_reset_sync/sync_reg_reg[0]/Q
                         net (fo=1, unplaced)         0.081     0.638    u_reset_sync/sync_reg[0]
                         FDCE                                         r  u_reset_sync/sync_reg_reg[1]/D
  -------------------------------------------------------------------    -------------------

                         (clock s_axi_aclk rise edge)
                                                      0.000     0.000 r  
                                                      0.000     0.000 r  s_axi_aclk (IN)
                         net (fo=6994, unset)         0.432     0.432    u_reset_sync/clk
                         FDCE                                         r  u_reset_sync/sync_reg_reg[1]/C
                         clock pessimism              0.000     0.432    
                         FDCE (Hold_fdce_C_D)         0.038     0.470    u_reset_sync/sync_reg_reg[1]
  -------------------------------------------------------------------
                         required time                         -0.470    
                         arrival time                           0.638    
  -------------------------------------------------------------------
                         slack                                  0.168    





Pulse Width Checks
--------------------------------------------------------------------------------------
Clock Name:         s_axi_aclk
Waveform(ns):       { 0.000 5.000 }
Period(ns):         10.000
Sources:            { s_axi_aclk }

Check Type        Corner  Lib Pin      Reference Pin  Required(ns)  Actual(ns)  Slack(ns)  Location  Pin
Min Period        n/a     FDRE/C       n/a            1.000         10.000      9.000                aw_holding_reg/C
Low Pulse Width   Fast    RAMD64E/CLK  n/a            1.250         5.000       3.750                u_core/u_snapshot/u_qrs_maf/pre_strong_time_fifo_reg_0_63_0_2/RAMA/CLK
High Pulse Width  Slow    RAMD64E/CLK  n/a            1.250         5.000       3.750                u_core/u_snapshot/u_qrs_maf/pre_strong_time_fifo_reg_0_63_0_2/RAMA/CLK



