Copyright 1986-2020 Xilinx, Inc. All Rights Reserved.
-----------------------------------------------------------------------------------------------------------------------------------------------------------------------------------------------
| Tool Version : Vivado v.2020.2 (win64) Build 3064766 Wed Nov 18 09:12:45 MST 2020
| Date         : Fri Jul  3 17:01:58 2026
| Host         : DESKTOP-F81OJT8 running 64-bit major release  (build 9200)
| Command      : report_utilization -hierarchical -file {C:/Users/YangGeon/SNN ECG Classifier/results/final_membrane_v2_snn/axi_impl_timing_10ns/profile_en_1/post_route_utilization_hier.rpt}
| Design       : snn_ecg_axi_lite_stream_top
| Device       : 7a100tcsg324-1
| Design State : Routed
-----------------------------------------------------------------------------------------------------------------------------------------------------------------------------------------------

Utilization Design Information

Table of Contents
-----------------
1. Utilization by Hierarchy

1. Utilization by Hierarchy
---------------------------

+---------------------------------+----------------------------+------------+------------+---------+------+------+--------+--------+------------+
|             Instance            |           Module           | Total LUTs | Logic LUTs | LUTRAMs | SRLs |  FFs | RAMB36 | RAMB18 | DSP Blocks |
+---------------------------------+----------------------------+------------+------------+---------+------+------+--------+--------+------------+
| snn_ecg_axi_lite_stream_top     |                      (top) |      10773 |      10709 |      24 |   40 | 6931 |      0 |      0 |          0 |
|   (snn_ecg_axi_lite_stream_top) |                      (top) |        689 |        689 |       0 |    0 |  886 |      0 |      0 |          0 |
|   u_core                        |    snn_ecg_30min_final_top |      10083 |      10019 |      24 |   40 | 6042 |      0 |      0 |          0 |
|     (u_core)                    |    snn_ecg_30min_final_top |        385 |        385 |       0 |    0 | 1117 |      0 |      0 |          0 |
|     u_final                     |       final_membrane_layer |       1477 |       1477 |       0 |    0 | 1340 |      0 |      0 |          0 |
|     u_snapshot                  |          snn_ecg_3feat_top |       8221 |       8157 |      24 |   40 | 3585 |      0 |      0 |          0 |
|       (u_snapshot)              |          snn_ecg_3feat_top |         23 |         23 |       0 |    0 |    2 |      0 |      0 |          0 |
|       u_class                   |        class_score_neurons |       6774 |       6774 |       0 |    0 | 2693 |      0 |      0 |          0 |
|       u_dscr                    |         dscr_spike_counter |        215 |        215 |       0 |    0 |   61 |      0 |      0 |          0 |
|       u_ectopic                 |        ectopic_pair_neuron |         69 |         69 |       0 |    0 |   16 |      0 |      0 |          0 |
|       u_event_encoder           | ecg_event_encoder_adaptive |        326 |        326 |       0 |    0 |  237 |      0 |      0 |          0 |
|       u_pnn                     |       pnn_rhythm_predictor |        160 |        160 |       0 |    0 |   77 |      0 |      0 |          0 |
|       u_qrs_detector            |           qrs_lif_detector |         32 |         32 |       0 |    0 |   21 |      0 |      0 |          0 |
|       u_qrs_maf                 |             qrs_maf_neuron |        391 |        327 |      24 |   40 |  349 |      0 |      0 |          0 |
|       u_ram                     |       ram_peak_accumulator |         44 |         44 |       0 |    0 |   24 |      0 |      0 |          0 |
|       u_rbbb_qrs_delay          |        rbbb_qrs_delay_bank |        152 |        152 |       0 |    0 |   83 |      0 |      0 |          0 |
|       u_rdm                     |     rdm_variability_neuron |         43 |         43 |       0 |    0 |   22 |      0 |      0 |          0 |
|   u_reset_sync                  |                 reset_sync |          2 |          2 |       0 |    0 |    3 |      0 |      0 |          0 |
+---------------------------------+----------------------------+------------+------------+---------+------+------+--------+--------+------------+
* Note: The sum of lower-level cells may be larger than their parent cells total, due to cross-hierarchy LUT combining


