Copyright 1986-2020 Xilinx, Inc. All Rights Reserved.
----------------------------------------------------------------------------------------------------------------------------------------------------------------------------------
| Tool Version : Vivado v.2020.2 (win64) Build 3064766 Wed Nov 18 09:12:45 MST 2020
| Date         : Fri Jul  3 17:01:57 2026
| Host         : DESKTOP-F81OJT8 running 64-bit major release  (build 9200)
| Command      : report_timing_summary -file {C:/Users/YangGeon/SNN ECG Classifier/results/final_membrane_v2_snn/axi_impl_timing_10ns/profile_en_1/post_route_timing_summary.rpt}
| Design       : snn_ecg_axi_lite_stream_top
| Device       : 7a100t-csg324
| Speed File   : -1  PRODUCTION 1.23 2018-06-13
----------------------------------------------------------------------------------------------------------------------------------------------------------------------------------

Timing Summary Report

------------------------------------------------------------------------------------------------
| Timer Settings
| --------------
------------------------------------------------------------------------------------------------

  Enable Multi Corner Analysis               :  Yes
  Enable Pessimism Removal                   :  Yes
  Pessimism Removal Resolution               :  Nearest Common Node
  Enable Input Delay Default Clock           :  No
  Enable Preset / Clear Arcs                 :  No
  Disable Flight Delays                      :  No
  Ignore I/O Paths                           :  No
  Timing Early Launch at Borrowing Latches   :  No
  Borrow Time for Max Delay Exceptions       :  Yes
  Merge Timing Exceptions                    :  Yes

  Corner  Analyze    Analyze    
  Name    Max Paths  Min Paths  
  ------  ---------  ---------  
  Slow    Yes        Yes        
  Fast    Yes        Yes        



check_timing report

Table of Contents
-----------------
1. checking no_clock (0)
2. checking constant_clock (0)
3. checking pulse_width_clock (0)
4. checking unconstrained_internal_endpoints (0)
5. checking no_input_delay (0)
6. checking no_output_delay (0)
7. checking multiple_clock (0)
8. checking generated_clocks (0)
9. checking loops (0)
10. checking partial_input_delay (0)
11. checking partial_output_delay (0)
12. checking latch_loops (0)

1. checking no_clock (0)
------------------------
 There are 0 register/latch pins with no clock.


2. checking constant_clock (0)
------------------------------
 There are 0 register/latch pins with constant_clock.


3. checking pulse_width_clock (0)
---------------------------------
 There are 0 register/latch pins which need pulse_width check


4. checking unconstrained_internal_endpoints (0)
------------------------------------------------
 There are 0 pins that are not constrained for maximum delay.

 There are 0 pins that are not constrained for maximum delay due to constant clock.


5. checking no_input_delay (0)
------------------------------
 There are 0 input ports with no input delay specified.

 There are 0 input ports with no input delay but user has a false path constraint.


6. checking no_output_delay (0)
-------------------------------
 There are 0 ports with no output delay specified.

 There are 0 ports with no output delay but user has a false path constraint

 There are 0 ports with no output delay but with a timing clock defined on it or propagating through it


7. checking multiple_clock (0)
------------------------------
 There are 0 register/latch pins with multiple clocks.


8. checking generated_clocks (0)
--------------------------------
 There are 0 generated clocks that are not connected to a clock source.


9. checking loops (0)
---------------------
 There are 0 combinational loops in the design.


10. checking partial_input_delay (0)
------------------------------------
 There are 0 input ports with partial input delay specified.


11. checking partial_output_delay (0)
-------------------------------------
 There are 0 ports with partial output delay specified.


12. checking latch_loops (0)
----------------------------
 There are 0 combinational latch loops in the design through latch input



------------------------------------------------------------------------------------------------
| Design Timing Summary
| ---------------------
------------------------------------------------------------------------------------------------

    WNS(ns)      TNS(ns)  TNS Failing Endpoints  TNS Total Endpoints      WHS(ns)      THS(ns)  THS Failing Endpoints  THS Total Endpoints     WPWS(ns)     TPWS(ns)  TPWS Failing Endpoints  TPWS Total Endpoints  
    -------      -------  ---------------------  -------------------      -------      -------  ---------------------  -------------------     --------     --------  ----------------------  --------------------  
      0.081        0.000                      0                18210        0.098        0.000                      0                18210        3.750        0.000                       0                  6995  


All user specified timing constraints are met.


------------------------------------------------------------------------------------------------
| Clock Summary
| -------------
------------------------------------------------------------------------------------------------

Clock       Waveform(ns)       Period(ns)      Frequency(MHz)
-----       ------------       ----------      --------------
s_axi_aclk  {0.000 5.000}      10.000          100.000         


------------------------------------------------------------------------------------------------
| Intra Clock Table
| -----------------
------------------------------------------------------------------------------------------------

Clock             WNS(ns)      TNS(ns)  TNS Failing Endpoints  TNS Total Endpoints      WHS(ns)      THS(ns)  THS Failing Endpoints  THS Total Endpoints     WPWS(ns)     TPWS(ns)  TPWS Failing Endpoints  TPWS Total Endpoints  
-----             -------      -------  ---------------------  -------------------      -------      -------  ---------------------  -------------------     --------     --------  ----------------------  --------------------  
s_axi_aclk          0.081        0.000                      0                18210        0.098        0.000                      0                18210        3.750        0.000                       0                  6995  


------------------------------------------------------------------------------------------------
| Inter Clock Table
| -----------------
------------------------------------------------------------------------------------------------

From Clock    To Clock          WNS(ns)      TNS(ns)  TNS Failing Endpoints  TNS Total Endpoints      WHS(ns)      THS(ns)  THS Failing Endpoints  THS Total Endpoints  
----------    --------          -------      -------  ---------------------  -------------------      -------      -------  ---------------------  -------------------  


------------------------------------------------------------------------------------------------
| Other Path Groups Table
| -----------------------
------------------------------------------------------------------------------------------------

Path Group    From Clock    To Clock          WNS(ns)      TNS(ns)  TNS Failing Endpoints  TNS Total Endpoints      WHS(ns)      THS(ns)  THS Failing Endpoints  THS Total Endpoints  
----------    ----------    --------          -------      -------  ---------------------  -------------------      -------      -------  ---------------------  -------------------  


------------------------------------------------------------------------------------------------
| Timing Details
| --------------
------------------------------------------------------------------------------------------------


---------------------------------------------------------------------------------------------------
From Clock:  s_axi_aclk
  To Clock:  s_axi_aclk

Setup :            0  Failing Endpoints,  Worst Slack        0.081ns,  Total Violation        0.000ns
Hold  :            0  Failing Endpoints,  Worst Slack        0.098ns,  Total Violation        0.000ns
PW    :            0  Failing Endpoints,  Worst Slack        3.750ns,  Total Violation        0.000ns
---------------------------------------------------------------------------------------------------


Max Delay Paths
--------------------------------------------------------------------------------------
Slack (MET) :             0.081ns  (required time - arrival time)
  Source:                 u_core/u_snapshot/u_dscr/filt_mem_reg[0]/C
                            (rising edge-triggered cell FDRE clocked by s_axi_aclk  {rise@0.000ns fall@5.000ns period=10.000ns})
  Destination:            u_core/u_snapshot/u_dscr/down_mem_reg[3]/D
                            (rising edge-triggered cell FDRE clocked by s_axi_aclk  {rise@0.000ns fall@5.000ns period=10.000ns})
  Path Group:             s_axi_aclk
  Path Type:              Setup (Max at Slow Process Corner)
  Requirement:            10.000ns  (s_axi_aclk rise@10.000ns - s_axi_aclk rise@0.000ns)
  Data Path Delay:        9.867ns  (logic 5.224ns (52.944%)  route 4.643ns (47.056%))
  Logic Levels:           19  (CARRY4=12 LUT1=2 LUT4=1 LUT6=4)
  Clock Path Skew:        -0.049ns (DCD - SCD + CPR)
    Destination Clock Delay (DCD):    0.924ns = ( 10.924 - 10.000 ) 
    Source Clock Delay      (SCD):    0.973ns
    Clock Pessimism Removal (CPR):    0.000ns
  Clock Uncertainty:      0.035ns  ((TSJ^2 + TIJ^2)^1/2 + DJ) / 2 + PE
    Total System Jitter     (TSJ):    0.071ns
    Total Input Jitter      (TIJ):    0.000ns
    Discrete Jitter          (DJ):    0.000ns
    Phase Error              (PE):    0.000ns

    Location             Delay type                Incr(ns)  Path(ns)    Netlist Resource(s)
  -------------------------------------------------------------------    -------------------
                         (clock s_axi_aclk rise edge)
                                                      0.000     0.000 r  
                                                      0.000     0.000 r  s_axi_aclk (IN)
                         net (fo=6994, unset)         0.973     0.973    u_core/u_snapshot/u_dscr/clk
    SLICE_X52Y73         FDRE                                         r  u_core/u_snapshot/u_dscr/filt_mem_reg[0]/C
  -------------------------------------------------------------------    -------------------
    SLICE_X52Y73         FDRE (Prop_fdre_C_Q)         0.456     1.429 f  u_core/u_snapshot/u_dscr/filt_mem_reg[0]/Q
                         net (fo=2, routed)           0.166     1.595    u_core/u_snapshot/u_dscr/filt_mem[0]
    SLICE_X53Y73         LUT1 (Prop_lut1_I0_O)        0.124     1.719 r  u_core/u_snapshot/u_dscr/filt_mem[3]_i_11/O
                         net (fo=1, routed)           0.324     2.043    u_core/u_snapshot/u_dscr/filt_mem[3]_i_11_n_0
    SLICE_X55Y73         CARRY4 (Prop_carry4_CYINIT_CO[3])
                                                      0.580     2.623 r  u_core/u_snapshot/u_dscr/filt_mem_reg[3]_i_10/CO[3]
                         net (fo=1, routed)           0.000     2.623    u_core/u_snapshot/u_dscr/filt_mem_reg[3]_i_10_n_0
    SLICE_X55Y74         CARRY4 (Prop_carry4_CI_O[1])
                                                      0.334     2.957 f  u_core/u_snapshot/u_dscr/filt_mem_reg[7]_i_11/O[1]
                         net (fo=5, routed)           0.618     3.575    u_core/u_snapshot/u_dscr/filt_mem_reg[7]_i_11_n_6
    SLICE_X53Y74         LUT1 (Prop_lut1_I0_O)        0.303     3.878 r  u_core/u_snapshot/u_dscr/down_mem[3]_i_20/O
                         net (fo=1, routed)           0.000     3.878    u_core/u_snapshot/u_dscr/down_mem[3]_i_20_n_0
    SLICE_X53Y74         CARRY4 (Prop_carry4_S[1]_CO[3])
                                                      0.550     4.428 r  u_core/u_snapshot/u_dscr/down_mem_reg[3]_i_12/CO[3]
                         net (fo=1, routed)           0.009     4.437    u_core/u_snapshot/u_dscr/down_mem_reg[3]_i_12_n_0
    SLICE_X53Y75         CARRY4 (Prop_carry4_CI_CO[3])
                                                      0.114     4.551 r  u_core/u_snapshot/u_dscr/down_mem_reg[3]_i_11/CO[3]
                         net (fo=1, routed)           0.000     4.551    u_core/u_snapshot/u_dscr/down_mem_reg[3]_i_11_n_0
    SLICE_X53Y76         CARRY4 (Prop_carry4_CI_CO[3])
                                                      0.114     4.665 r  u_core/u_snapshot/u_dscr/down_mem_reg[7]_i_11/CO[3]
                         net (fo=1, routed)           0.000     4.665    u_core/u_snapshot/u_dscr/down_mem_reg[7]_i_11_n_0
    SLICE_X53Y77         CARRY4 (Prop_carry4_CI_CO[3])
                                                      0.114     4.779 r  u_core/u_snapshot/u_dscr/sign_flip_spike_reg_i_7/CO[3]
                         net (fo=1, routed)           0.000     4.779    u_core/u_snapshot/u_dscr/sign_flip_spike_reg_i_7_n_0
    SLICE_X53Y78         CARRY4 (Prop_carry4_CI_CO[3])
                                                      0.114     4.893 r  u_core/u_snapshot/u_dscr/valid_slope_spike_reg_i_23/CO[3]
                         net (fo=1, routed)           0.000     4.893    u_core/u_snapshot/u_dscr/valid_slope_spike_reg_i_23_n_0
    SLICE_X53Y79         CARRY4 (Prop_carry4_CI_CO[0])
                                                      0.271     5.164 f  u_core/u_snapshot/u_dscr/sign_flip_spike_reg_i_6/CO[0]
                         net (fo=52, routed)          0.560     5.724    u_core/u_snapshot/u_dscr/sign_flip_spike_reg_i_6_n_3
    SLICE_X54Y79         LUT4 (Prop_lut4_I0_O)        0.373     6.097 r  u_core/u_snapshot/u_dscr/down_mem[7]_i_6/O
                         net (fo=3, routed)           0.500     6.598    u_core/u_snapshot/u_dscr/p_0_in[4]
    SLICE_X56Y79         CARRY4 (Prop_carry4_DI[0]_CO[3])
                                                      0.550     7.148 r  u_core/u_snapshot/u_dscr/down_mem_reg[7]_i_2/CO[3]
                         net (fo=1, routed)           0.000     7.148    u_core/u_snapshot/u_dscr/down_mem_reg[7]_i_2_n_0
    SLICE_X56Y80         CARRY4 (Prop_carry4_CI_CO[3])
                                                      0.117     7.265 r  u_core/u_snapshot/u_dscr/down_mem_reg[11]_i_2/CO[3]
                         net (fo=1, routed)           0.000     7.265    u_core/u_snapshot/u_dscr/down_mem_reg[11]_i_2_n_0
    SLICE_X56Y81         CARRY4 (Prop_carry4_CI_CO[3])
                                                      0.117     7.382 r  u_core/u_snapshot/u_dscr/down_mem_reg[15]_i_4/CO[3]
                         net (fo=1, routed)           0.000     7.382    u_core/u_snapshot/u_dscr/down_mem_reg[15]_i_4_n_0
    SLICE_X56Y82         CARRY4 (Prop_carry4_CI_CO[0])
                                                      0.254     7.636 f  u_core/u_snapshot/u_dscr/down_mem_reg[15]_i_3/CO[0]
                         net (fo=17, routed)          0.840     8.476    u_core/u_snapshot/u_dscr/p_0_in0_out[16]
    SLICE_X55Y80         LUT6 (Prop_lut6_I0_O)        0.367     8.843 f  u_core/u_snapshot/u_dscr/valid_slope_spike_i_25/O
                         net (fo=1, routed)           0.439     9.281    u_core/u_snapshot/u_dscr/valid_slope_spike_i_25_n_0
    SLICE_X55Y81         LUT6 (Prop_lut6_I5_O)        0.124     9.405 f  u_core/u_snapshot/u_dscr/valid_slope_spike_i_8/O
                         net (fo=1, routed)           0.430     9.835    u_core/u_snapshot/u_dscr/slope_threshold_hit_return1_in
    SLICE_X53Y81         LUT6 (Prop_lut6_I5_O)        0.124     9.959 f  u_core/u_snapshot/u_dscr/valid_slope_spike_i_2/O
                         net (fo=36, routed)          0.757    10.716    u_core/u_snapshot/u_dscr/curr_slope_spike
    SLICE_X53Y85         LUT6 (Prop_lut6_I3_O)        0.124    10.840 r  u_core/u_snapshot/u_dscr/down_mem[3]_i_1/O
                         net (fo=1, routed)           0.000    10.840    u_core/u_snapshot/u_dscr/down_mem0[3]
    SLICE_X53Y85         FDRE                                         r  u_core/u_snapshot/u_dscr/down_mem_reg[3]/D
  -------------------------------------------------------------------    -------------------

                         (clock s_axi_aclk rise edge)
                                                     10.000    10.000 r  
                                                      0.000    10.000 r  s_axi_aclk (IN)
                         net (fo=6994, unset)         0.924    10.924    u_core/u_snapshot/u_dscr/clk
    SLICE_X53Y85         FDRE                                         r  u_core/u_snapshot/u_dscr/down_mem_reg[3]/C
                         clock pessimism              0.000    10.924    
                         clock uncertainty           -0.035    10.889    
    SLICE_X53Y85         FDRE (Setup_fdre_C_D)        0.032    10.921    u_core/u_snapshot/u_dscr/down_mem_reg[3]
  -------------------------------------------------------------------
                         required time                         10.921    
                         arrival time                         -10.840    
  -------------------------------------------------------------------
                         slack                                  0.081    





Min Delay Paths
--------------------------------------------------------------------------------------
Slack (MET) :             0.098ns  (arrival time - required time)
  Source:                 u_core/u_snapshot/u_qrs_maf/pre_strong_tail_reg[3]/C
                            (rising edge-triggered cell FDRE clocked by s_axi_aclk  {rise@0.000ns fall@5.000ns period=10.000ns})
  Destination:            u_core/u_snapshot/u_qrs_maf/pre_strong_time_fifo_reg_0_63_6_6/DP/WADR3
                            (rising edge-triggered cell RAMD64E clocked by s_axi_aclk  {rise@0.000ns fall@5.000ns period=10.000ns})
  Path Group:             s_axi_aclk
  Path Type:              Hold (Min at Fast Process Corner)
  Requirement:            0.000ns  (s_axi_aclk rise@0.000ns - s_axi_aclk rise@0.000ns)
  Data Path Delay:        0.360ns  (logic 0.141ns (39.205%)  route 0.219ns (60.795%))
  Logic Levels:           0  
  Clock Path Skew:        0.022ns (DCD - SCD - CPR)
    Destination Clock Delay (DCD):    0.432ns
    Source Clock Delay      (SCD):    0.410ns
    Clock Pessimism Removal (CPR):    -0.000ns

    Location             Delay type                Incr(ns)  Path(ns)    Netlist Resource(s)
  -------------------------------------------------------------------    -------------------
                         (clock s_axi_aclk rise edge)
                                                      0.000     0.000 r  
                                                      0.000     0.000 r  s_axi_aclk (IN)
                         net (fo=6994, unset)         0.410     0.410    u_core/u_snapshot/u_qrs_maf/clk
    SLICE_X32Y71         FDRE                                         r  u_core/u_snapshot/u_qrs_maf/pre_strong_tail_reg[3]/C
  -------------------------------------------------------------------    -------------------
    SLICE_X32Y71         FDRE (Prop_fdre_C_Q)         0.141     0.551 r  u_core/u_snapshot/u_qrs_maf/pre_strong_tail_reg[3]/Q
                         net (fo=38, routed)          0.219     0.770    u_core/u_snapshot/u_qrs_maf/pre_strong_time_fifo_reg_0_63_6_6/A3
    SLICE_X34Y71         RAMD64E                                      r  u_core/u_snapshot/u_qrs_maf/pre_strong_time_fifo_reg_0_63_6_6/DP/WADR3
  -------------------------------------------------------------------    -------------------

                         (clock s_axi_aclk rise edge)
                                                      0.000     0.000 r  
                                                      0.000     0.000 r  s_axi_aclk (IN)
                         net (fo=6994, unset)         0.432     0.432    u_core/u_snapshot/u_qrs_maf/pre_strong_time_fifo_reg_0_63_6_6/WCLK
    SLICE_X34Y71         RAMD64E                                      r  u_core/u_snapshot/u_qrs_maf/pre_strong_time_fifo_reg_0_63_6_6/DP/CLK
                         clock pessimism              0.000     0.432    
    SLICE_X34Y71         RAMD64E (Hold_ramd64e_CLK_WADR3)
                                                      0.240     0.672    u_core/u_snapshot/u_qrs_maf/pre_strong_time_fifo_reg_0_63_6_6/DP
  -------------------------------------------------------------------
                         required time                         -0.672    
                         arrival time                           0.770    
  -------------------------------------------------------------------
                         slack                                  0.098    





Pulse Width Checks
--------------------------------------------------------------------------------------
Clock Name:         s_axi_aclk
Waveform(ns):       { 0.000 5.000 }
Period(ns):         10.000
Sources:            { s_axi_aclk }

Check Type        Corner  Lib Pin      Reference Pin  Required(ns)  Actual(ns)  Slack(ns)  Location      Pin
Min Period        n/a     FDRE/C       n/a            1.000         10.000      9.000      SLICE_X77Y75  aw_holding_reg/C
Low Pulse Width   Fast    RAMD64E/CLK  n/a            1.250         5.000       3.750      SLICE_X30Y72  u_core/u_snapshot/u_qrs_maf/pre_strong_time_fifo_reg_0_63_0_2/RAMA/CLK
High Pulse Width  Slow    RAMD64E/CLK  n/a            1.250         5.000       3.750      SLICE_X30Y72  u_core/u_snapshot/u_qrs_maf/pre_strong_time_fifo_reg_0_63_0_2/RAMA/CLK



