Copyright 1986-2020 Xilinx, Inc. All Rights Reserved.
---------------------------------------------------------------------------------------------------------------------------------------------------------------------------------
| Tool Version : Vivado v.2020.2 (win64) Build 3064766 Wed Nov 18 09:12:45 MST 2020
| Date         : Fri Jul  3 17:02:07 2026
| Host         : DESKTOP-F81OJT8 running 64-bit major release  (build 9200)
| Command      : report_qor_suggestions -file {C:/Users/YangGeon/SNN ECG Classifier/results/final_membrane_v2_snn/axi_impl_timing_10ns/profile_en_1/qor_suggestions.rpt}
| Design       : snn_ecg_axi_lite_stream_top
| Device       : xc7a100t
| Design State : Routed
| ML Models    : v2020.1.0
---------------------------------------------------------------------------------------------------------------------------------------------------------------------------------

Report QoR Suggestions

Table of Contents
-----------------
1. QoR Suggestions Report Summary
2. ML Strategies

1. QoR Suggestions Report Summary
---------------------------------

+------+----+--------+--------------+----------------+-----------+----------------------+------------------------------------------------------------------------------------------+--------+
| Name | Id | Status | Generated At | Applicable For | Automatic | Incremental Friendly |                                        Description                                       | Source |
+------+----+--------+--------------+----------------+-----------+----------------------+------------------------------------------------------------------------------------------+--------+
* No QoR suggestions are provided when the fully routed design is assessed to easily meet timing.


2. ML Strategies
----------------

+---+----+---------+---------+
| # | Id | Command | Options |
+---+----+---------+---------+
* The design is not compatible for suggesting strategy, please run report_qor_assessment for more information.


