Reading pref.tcl

# 2024.3

# vsim -c -t 1ns -sv_lib <XMODEL_INSTALL_ROOT>/lib/x86_64/xmodel_msim -pli "<XMODEL_INSTALL_ROOT>/lib/x86_64/xmodel_msim.sl" -work work tb_snn_ecg_30min_mixed_e2e XMODEL_global "+pwl=<XMODEL_REPOSITORY_ROOT>/verification_e2e/pwl/AFF_afdb_06995_chunk01.pwl" "+dump=<XMODEL_REPOSITORY_ROOT>/verification_e2e/sim_out/rep4/accepted_AFF_afdb_06995_chunk01.mem" "+case=AFF_afdb_06995_chunk01" "+case_id=9" "+expected=3" -do "run -all; quit -f" -gSNAPSHOT_SAMPLES=60000 -gSNAPSHOTS_PER_CHUNK=30 -gEXPECTED_SAMPLES=1800000
# Start time: 20:12:28 on Jul 22,2026
# ** Note: (vsim-3812) Design is being optimized...
# ** Warning: (vsim-3865) Due to PLI being present, global +acc is being enabled automatically. This will cause your simulation to run very slowly. Please use vsim -no_autoacc to disable this feature. This feature is now deprecated and will be removed from future releases.
# ** Warning: (vopt-10908) Some optimizations are turned off because the +acc switch is in effect.
# ** Warning: rtl/snn_ecg_30min_final_top.v(211): (vopt-2685) [TFMPC] - Too few port connections for 'u_snapshot'.  Expected 162, found 31.
# ** Warning: rtl/snn_ecg_30min_final_top.v(211): (vopt-2718) [TFMPC] - Missing connection for port 'score_aff_before_rbbb_delay'.
# ** Warning: rtl/snn_ecg_30min_final_top.v(211): (vopt-2718) [TFMPC] - Missing connection for port 'score_arr_before_rbbb_delay'.
# ** Warning: rtl/snn_ecg_30min_final_top.v(211): (vopt-2718) [TFMPC] - Missing connection for port 'score_chf_before_rbbb_delay'.
# ** Warning: rtl/snn_ecg_30min_final_top.v(211): (vopt-2718) [TFMPC] - Missing connection for port 'score_nsr_before_rbbb_delay'.
# ** Warning: rtl/snn_ecg_30min_final_top.v(211): (vopt-2718) [TFMPC] - Missing connection for port 'score_aff_before_rbbb_late'.
# ** Warning: rtl/snn_ecg_30min_final_top.v(211): (vopt-2718) [TFMPC] - Missing connection for port 'score_arr_before_rbbb_late'.
# ** Warning: rtl/snn_ecg_30min_final_top.v(211): (vopt-2718) [TFMPC] - Missing connection for port 'score_chf_before_rbbb_late'.
# ** Warning: rtl/snn_ecg_30min_final_top.v(211): (vopt-2718) [TFMPC] - Missing connection for port 'score_nsr_before_rbbb_late'.
# ** Warning: rtl/snn_ecg_30min_final_top.v(211): (vopt-2718) [TFMPC] - Missing connection for port 'score_nsr_before_suppress'.
# ** Warning: rtl/snn_ecg_30min_final_top.v(211): (vopt-2718) [TFMPC] - Missing connection for port 'ram_high'.
# ** Warning: rtl/snn_ecg_30min_final_top.v(211): (vopt-2718) [TFMPC] - Missing connection for port 'dscr_high'.
# ** Warning: rtl/snn_ecg_30min_final_top.v(211): (vopt-2718) [TFMPC] - Missing connection for port 'pnn_regular_high'.
# ** Warning: rtl/snn_ecg_30min_final_top.v(211): (vopt-2718) [TFMPC] - Missing connection for port 'abnormal_beat_observe_active'.
# ** Warning: rtl/snn_ecg_30min_final_top.v(211): (vopt-2718) [TFMPC] - Missing connection for port 'abnormal_beat_score'.
# ** Warning: rtl/snn_ecg_30min_final_top.v(211): (vopt-2718) [TFMPC] - Missing connection for port 'abnormal_beat_strong_spike'.
# ** Warning: rtl/snn_ecg_30min_final_top.v(211): (vopt-2718) [TFMPC] - Missing connection for port 'abnormal_beat_high_spike'.
# ** Warning: rtl/snn_ecg_30min_final_top.v(211): (vopt-2718) [TFMPC] - Missing connection for port 'abnormal_beat_mid_spike'.
# ** Warning: rtl/snn_ecg_30min_final_top.v(211): (vopt-2718) [TFMPC] - Missing connection for port 'abnormal_beat_spike'.
# ** Warning: rtl/snn_ecg_30min_final_top.v(211): (vopt-2718) [TFMPC] - Missing connection for port 'abnormal_beat_valid_spike'.
# ** Warning: rtl/snn_ecg_30min_final_top.v(211): (vopt-2718) [TFMPC] - Missing connection for port 'rbbb_qrs_combo_counts_flat'.
# ** Warning: rtl/snn_ecg_30min_final_top.v(211): (vopt-2718) [TFMPC] - Missing connection for port 'rbbb_qrs_like_count'.
# ** Warning: rtl/snn_ecg_30min_final_top.v(211): (vopt-2718) [TFMPC] - Missing connection for port 'rbbb_qrs_terminal_delay_count'.
# ** Warning: rtl/snn_ecg_30min_final_top.v(211): (vopt-2718) [TFMPC] - Missing connection for port 'rbbb_qrs_wide_count'.
# ** Warning: rtl/snn_ecg_30min_final_top.v(211): (vopt-2718) [TFMPC] - Missing connection for port 'rbbb_qrs_valid_count'.
# ** Warning: rtl/snn_ecg_30min_final_top.v(211): (vopt-2718) [TFMPC] - Missing connection for port 'rbbb_qrs_max_width'.
# ** Warning: rtl/snn_ecg_30min_final_top.v(211): (vopt-2718) [TFMPC] - Missing connection for port 'rbbb_qrs_terminal_count'.
# ** Warning: rtl/snn_ecg_30min_final_top.v(211): (vopt-2718) [TFMPC] - Missing connection for port 'rbbb_qrs_last_width'.
# ** Warning: rtl/snn_ecg_30min_final_top.v(211): (vopt-2718) [TFMPC] - Missing connection for port 'rbbb_qrs_high_rdm_irregularity'.
# ** Warning: rtl/snn_ecg_30min_final_top.v(211): (vopt-2718) [TFMPC] - Missing connection for port 'rbbb_qrs_low_irregularity'.
# ** Warning: rtl/snn_ecg_30min_final_top.v(211): (vopt-2718) [TFMPC] - Missing connection for port 'rbbb_qrs_segment_spike'.
# ** Warning: rtl/snn_ecg_30min_final_top.v(211): (vopt-2718) [TFMPC] - Missing connection for port 'rbbb_qrs_terminal_spike'.
# ** Warning: rtl/snn_ecg_30min_final_top.v(211): (vopt-2718) [TFMPC] - Missing connection for port 'rbbb_qrs_wide_spike'.
# ** Warning: rtl/snn_ecg_30min_final_top.v(211): (vopt-2718) [TFMPC] - Missing connection for port 'rbbb_qrs_valid_spike'.
# ** Warning: rtl/snn_ecg_30min_final_top.v(211): (vopt-2718) [TFMPC] - Missing connection for port 'rbbb_qrs_onset_spike'.
# ** Warning: rtl/snn_ecg_30min_final_top.v(211): (vopt-2718) [TFMPC] - Missing connection for port 'rbbb_late_top5_sum'.
# ** Warning: rtl/snn_ecg_30min_final_top.v(211): (vopt-2718) [TFMPC] - Missing connection for port 'rbbb_late_top3_sum'.
# ** Warning: rtl/snn_ecg_30min_final_top.v(211): (vopt-2718) [TFMPC] - Missing connection for port 'rbbb_late_top2_sum'.
# ** Warning: rtl/snn_ecg_30min_final_top.v(211): (vopt-2718) [TFMPC] - Missing connection for port 'rbbb_late_ge_count'.
# ** Warning: rtl/snn_ecg_30min_final_top.v(211): (vopt-2718) [TFMPC] - Missing connection for port 'rbbb_late_slope_max'.
# ** Warning: rtl/snn_ecg_30min_final_top.v(211): (vopt-2718) [TFMPC] - Missing connection for port 'rbbb_late_slope_sum'.
# ** Warning: rtl/snn_ecg_30min_final_top.v(211): (vopt-2718) [TFMPC] - Missing connection for port 'rbbb_late_slope_count'.
# ** Warning: rtl/snn_ecg_30min_final_top.v(211): (vopt-2718) [TFMPC] - Missing connection for port 'rbbb_lateslope_low_irregularity'.
# ** Warning: rtl/snn_ecg_30min_final_top.v(211): (vopt-2718) [TFMPC] - Missing connection for port 'rbbb_lateslope_applied'.
# ** Warning: rtl/snn_ecg_30min_final_top.v(211): (vopt-2718) [TFMPC] - Missing connection for port 'rbbb_lateslope_gate_level'.
# ** Warning: rtl/snn_ecg_30min_final_top.v(211): (vopt-2718) [TFMPC] - Missing connection for port 'rbbb_lateslope_gate_spike'.
# ** Warning: rtl/snn_ecg_30min_final_top.v(211): (vopt-2718) [TFMPC] - Missing connection for port 'rbbb_late_beat_valid_spike'.
# ** Warning: rtl/snn_ecg_30min_final_top.v(211): (vopt-2718) [TFMPC] - Missing connection for port 'nsr_gate_valid_beat_count'.
# ** Warning: rtl/snn_ecg_30min_final_top.v(211): (vopt-2718) [TFMPC] - Missing connection for port 'nsr_gate_repeated_abnormal_beat_count'.
# ** Warning: rtl/snn_ecg_30min_final_top.v(211): (vopt-2718) [TFMPC] - Missing connection for port 'nsr_gate_terminal_activity_count'.
# ** Warning: rtl/snn_ecg_30min_final_top.v(211): (vopt-2718) [TFMPC] - Missing connection for port 'nsr_gate_footprint_width'.
# ** Warning: rtl/snn_ecg_30min_final_top.v(211): (vopt-2718) [TFMPC] - Missing connection for port 'nsr_gate_low_irregularity'.
# ** Warning: rtl/snn_ecg_30min_final_top.v(211): (vopt-2718) [TFMPC] - Missing connection for port 'rbbb_strict_gate'.
# ** Warning: rtl/snn_ecg_30min_final_top.v(211): (vopt-2718) [TFMPC] - Missing connection for port 'nsr_suppress_applied'.
# ** Warning: rtl/snn_ecg_30min_final_top.v(211): (vopt-2718) [TFMPC] - Missing connection for port 'nsr_suppress_spike'.
# ** Warning: rtl/snn_ecg_30min_final_top.v(211): (vopt-2718) [TFMPC] - Missing connection for port 'nsr_gate_abnormal_beat_spike'.
# ** Warning: rtl/snn_ecg_30min_final_top.v(211): (vopt-2718) [TFMPC] - Missing connection for port 'nsr_gate_terminal_gate_spike'.
# ** Warning: rtl/snn_ecg_30min_final_top.v(211): (vopt-2718) [TFMPC] - Missing connection for port 'nsr_gate_width_gate_spike'.
# ** Warning: rtl/snn_ecg_30min_final_top.v(211): (vopt-2718) [TFMPC] - Missing connection for port 'nsr_gate_valid_beat_spike'.
# ** Warning: rtl/snn_ecg_30min_final_top.v(211): (vopt-2718) [TFMPC] - Missing connection for port 'ipb_current_bin_irreg_count'.
# ** Warning: rtl/snn_ecg_30min_final_top.v(211): (vopt-2718) [TFMPC] - Missing connection for port 'ipb_burst_count'.
# ** Warning: rtl/snn_ecg_30min_final_top.v(211): (vopt-2718) [TFMPC] - Missing connection for port 'ipb_low_irreg_bin_count'.
# ** Warning: rtl/snn_ecg_30min_final_top.v(211): (vopt-2718) [TFMPC] - Missing connection for port 'ipb_mid_irreg_bin_count'.
# ** Warning: rtl/snn_ecg_30min_final_top.v(211): (vopt-2718) [TFMPC] - Missing connection for port 'ipb_high_irreg_bin_count'.
# ** Warning: rtl/snn_ecg_30min_final_top.v(211): (vopt-2718) [TFMPC] - Missing connection for port 'ipb_burst_irreg_spike'.
# ** Warning: rtl/snn_ecg_30min_final_top.v(211): (vopt-2718) [TFMPC] - Missing connection for port 'ipb_episodic_irreg_spike'.
# ** Warning: rtl/snn_ecg_30min_final_top.v(211): (vopt-2718) [TFMPC] - Missing connection for port 'ipb_persistent_irreg_spike'.
# ** Warning: rtl/snn_ecg_30min_final_top.v(211): (vopt-2718) [TFMPC] - Missing connection for port 'rcd2_valid_count'.
# ** Warning: rtl/snn_ecg_30min_final_top.v(211): (vopt-2718) [TFMPC] - Missing connection for port 'rcd2_beat_count'.
# ** Warning: rtl/snn_ecg_30min_final_top.v(211): (vopt-2718) [TFMPC] - Missing connection for port 'rcd2_terminal_count'.
# ** Warning: rtl/snn_ecg_30min_final_top.v(211): (vopt-2718) [TFMPC] - Missing connection for port 'rcd2_footprint_value'.
# ** Warning: rtl/snn_ecg_30min_final_top.v(211): (vopt-2718) [TFMPC] - Missing connection for port 'rcd2_segment_spike'.
# ** Warning: rtl/snn_ecg_30min_final_top.v(211): (vopt-2718) [TFMPC] - Missing connection for port 'rcd2_beat_spike'.
# ** Warning: rtl/snn_ecg_30min_final_top.v(211): (vopt-2718) [TFMPC] - Missing connection for port 'rcd2_terminal_gate_spike'.
# ** Warning: rtl/snn_ecg_30min_final_top.v(211): (vopt-2718) [TFMPC] - Missing connection for port 'rcd2_width_gate_spike'.
# ** Warning: rtl/snn_ecg_30min_final_top.v(211): (vopt-2718) [TFMPC] - Missing connection for port 'rcd2_valid_beat_spike'.
# ** Warning: rtl/snn_ecg_30min_final_top.v(211): (vopt-2718) [TFMPC] - Missing connection for port 'rcd_valid_count'.
# ** Warning: rtl/snn_ecg_30min_final_top.v(211): (vopt-2718) [TFMPC] - Missing connection for port 'rcd_beat_count'.
# ** Warning: rtl/snn_ecg_30min_final_top.v(211): (vopt-2718) [TFMPC] - Missing connection for port 'rcd_width_value'.
# ** Warning: rtl/snn_ecg_30min_final_top.v(211): (vopt-2718) [TFMPC] - Missing connection for port 'rcd_terminal_count'.
# ** Warning: rtl/snn_ecg_30min_final_top.v(211): (vopt-2718) [TFMPC] - Missing connection for port 'rcd_segment_spike'.
# ** Warning: rtl/snn_ecg_30min_final_top.v(211): (vopt-2718) [TFMPC] - Missing connection for port 'rcd_beat_spike'.
# ** Warning: rtl/snn_ecg_30min_final_top.v(211): (vopt-2718) [TFMPC] - Missing connection for port 'rcd_terminal_gate_spike'.
# ** Warning: rtl/snn_ecg_30min_final_top.v(211): (vopt-2718) [TFMPC] - Missing connection for port 'rcd_width_gate_spike'.
# ** Warning: rtl/snn_ecg_30min_final_top.v(211): (vopt-2718) [TFMPC] - Missing connection for port 'rcd_valid_beat_spike'.
# ** Warning: rtl/snn_ecg_30min_final_top.v(211): (vopt-2718) [TFMPC] - Missing connection for port 'etmc_rr_ref'.
# ** Warning: rtl/snn_ecg_30min_final_top.v(211): (vopt-2718) [TFMPC] - Missing connection for port 'etmc_spike'.
# ** Warning: rtl/snn_ecg_30min_final_top.v(211): (vopt-2718) [TFMPC] - Missing connection for port 'etmc_compensation_spike'.
# ** Warning: rtl/snn_ecg_30min_final_top.v(211): (vopt-2718) [TFMPC] - Missing connection for port 'etmc_candidate_spike'.
# ** Warning: rtl/snn_ecg_30min_final_top.v(211): (vopt-2718) [TFMPC] - Missing connection for port 'etmc_qrs_abn_spike'.
# ** Warning: rtl/snn_ecg_30min_final_top.v(211): (vopt-2718) [TFMPC] - Missing connection for port 'etmc_late_spike'.
# ** Warning: rtl/snn_ecg_30min_final_top.v(211): (vopt-2718) [TFMPC] - Missing connection for port 'etmc_early_spike'.
# ** Warning: rtl/snn_ecg_30min_final_top.v(211): (vopt-2718) [TFMPC] - Missing connection for port 'qrs_template_count'.
# ** Warning: rtl/snn_ecg_30min_final_top.v(211): (vopt-2718) [TFMPC] - Missing connection for port 'qrs_template_score'.
# ** Warning: rtl/snn_ecg_30min_final_top.v(211): (vopt-2718) [TFMPC] - Missing connection for port 'qrs_template_tail_spike'.
# ** Warning: rtl/snn_ecg_30min_final_top.v(211): (vopt-2718) [TFMPC] - Missing connection for port 'qrs_template_energy_spike'.
# ** Warning: rtl/snn_ecg_30min_final_top.v(211): (vopt-2718) [TFMPC] - Missing connection for port 'qrs_template_width_spike'.
# ** Warning: rtl/snn_ecg_30min_final_top.v(211): (vopt-2718) [TFMPC] - Missing connection for port 'qrs_template_strong_spike'.
# ** Warning: rtl/snn_ecg_30min_final_top.v(211): (vopt-2718) [TFMPC] - Missing connection for port 'qrs_template_mismatch_spike'.
# ** Warning: rtl/snn_ecg_30min_final_top.v(211): (vopt-2718) [TFMPC] - Missing connection for port 'qrs_template_ready'.
# ** Warning: rtl/snn_ecg_30min_final_top.v(211): (vopt-2718) [TFMPC] - Missing connection for port 'qrs_maf_code'.
# ** Warning: rtl/snn_ecg_30min_final_top.v(211): (vopt-2718) [TFMPC] - Missing connection for port 'qrs_maf_peak_tail_code'.
# ** Warning: rtl/snn_ecg_30min_final_top.v(211): (vopt-2718) [TFMPC] - Missing connection for port 'qrs_maf_asymmetry_code'.
# ** Warning: rtl/snn_ecg_30min_final_top.v(211): (vopt-2718) [TFMPC] - Missing connection for port 'qrs_maf_late_energy_code'.
# ** Warning: rtl/snn_ecg_30min_final_top.v(211): (vopt-2718) [TFMPC] - Missing connection for port 'qrs_maf_late_event_count'.
# ** Warning: rtl/snn_ecg_30min_final_top.v(211): (vopt-2718) [TFMPC] - Missing connection for port 'qrs_maf_energy_code'.
# ** Warning: rtl/snn_ecg_30min_final_top.v(211): (vopt-2718) [TFMPC] - Missing connection for port 'qrs_maf_complex_count'.
# ** Warning: rtl/snn_ecg_30min_final_top.v(211): (vopt-2718) [TFMPC] - Missing connection for port 'qrs_maf_width_value'.
# ** Warning: rtl/snn_ecg_30min_final_top.v(211): (vopt-2718) [TFMPC] - Missing connection for port 'qrs_rbbb_like_spike'.
# ** Warning: rtl/snn_ecg_30min_final_top.v(211): (vopt-2718) [TFMPC] - Missing connection for port 'qrs_pvc_like_spike'.
# ** Warning: rtl/snn_ecg_30min_final_top.v(211): (vopt-2718) [TFMPC] - Missing connection for port 'qrs_peak_to_tail_spike'.
# ** Warning: rtl/snn_ecg_30min_final_top.v(211): (vopt-2718) [TFMPC] - Missing connection for port 'qrs_asymmetry_spike'.
# ** Warning: rtl/snn_ecg_30min_final_top.v(211): (vopt-2718) [TFMPC] - Missing connection for port 'qrs_late_energy_spike'.
# ** Warning: rtl/snn_ecg_30min_final_top.v(211): (vopt-2718) [TFMPC] - Missing connection for port 'qrs_terminal_delay_spike'.
# ** Warning: rtl/snn_ecg_30min_final_top.v(211): (vopt-2718) [TFMPC] - Missing connection for port 'qrs_maf_valid_spike'.
# ** Warning: rtl/snn_ecg_30min_final_top.v(211): (vopt-2718) [TFMPC] - Missing connection for port 'qrs_width_span'.
# ** Warning: rtl/snn_ecg_30min_final_top.v(211): (vopt-2718) [TFMPC] - Missing connection for port 'qrs_width_jump_spike'.
# ** Warning: rtl/snn_ecg_30min_final_top.v(211): (vopt-2718) [TFMPC] - Missing connection for port 'ram_amp_jump_spike'.
# ** Warning: rtl/snn_ecg_30min_final_top.v(211): (vopt-2718) [TFMPC] - Missing connection for port 'rr_diff_large_spike'.
# ** Warning: rtl/snn_ecg_30min_final_top.v(211): (vopt-2718) [TFMPC] - Missing connection for port 'rr_alt_spike'.
# ** Warning: rtl/snn_ecg_30min_final_top.v(211): (vopt-2718) [TFMPC] - Missing connection for port 'ectopic_rr_ref'.
# ** Warning: rtl/snn_ecg_30min_final_top.v(211): (vopt-2718) [TFMPC] - Missing connection for port 'ectopic_late_spike'.
# ** Warning: rtl/snn_ecg_30min_final_top.v(211): (vopt-2718) [TFMPC] - Missing connection for port 'ectopic_early_spike'.
# ** Warning: rtl/snn_ecg_30min_final_top.v(211): (vopt-2718) [TFMPC] - Missing connection for port 'rdm_rr_diff'.
# ** Warning: rtl/snn_ecg_30min_final_top.v(211): (vopt-2718) [TFMPC] - Missing connection for port 'predictor_id'.
# ** Warning: rtl/snn_ecg_30min_final_top.v(211): (vopt-2718) [TFMPC] - Missing connection for port 'winner_id'.
# ** Warning: rtl/snn_ecg_30min_final_top.v(211): (vopt-2718) [TFMPC] - Missing connection for port 'rr_interval'.
# ** Warning: rtl/snn_ecg_30min_final_top.v(211): (vopt-2718) [TFMPC] - Missing connection for port 'token_age'.
# ** Warning: rtl/snn_ecg_30min_final_top.v(211): (vopt-2718) [TFMPC] - Missing connection for port 'slope_valid'.
# ** Warning: rtl/snn_ecg_30min_final_top.v(211): (vopt-2718) [TFMPC] - Missing connection for port 'down_event'.
# ** Warning: rtl/snn_ecg_30min_final_top.v(211): (vopt-2718) [TFMPC] - Missing connection for port 'up_event'.
# ** Warning: rtl/snn_ecg_30min_final_top.v(211): (vopt-2718) [TFMPC] - Missing connection for port 'strong_event'.
# ** Note: (vopt-143) Recognized 1 FSM in module "snn_ecg_30min_final_top(fast)".
# ** Note: (vopt-143) Recognized 1 FSM in module "final_membrane_layer(fast)".
# ** Note: (vsim-12126) Error and warning message counts have been restored: Errors=0, Warnings=134.
# //  Questa Intel Starter FPGA Edition-64
# //  Version 2024.3 linux_x86_64 Sep 10 2024
# //
# // Unpublished work. Copyright 2024 Siemens
# //
# // This material contains trade secrets or otherwise confidential information
# // owned by Siemens Industry Software Inc. or its affiliates (collectively,
# // "SISW"), or its licensors. Access to and use of this information is strictly
# // limited as set forth in the Customer's applicable agreements with SISW.
# //
# // This material may not be copied, distributed, or otherwise disclosed outside
# // of the Customer's facilities without the express written permission of SISW,
# // and may not be used in any way not expressly authorized by SISW.
# //
# Loading sv_std.std
# Loading work.tb_snn_ecg_30min_mixed_e2e(fast)
# Loading work.xmodel_pkg(fast)
# Loading work.ecg_afe_xmodel_sv_unit(fast)
# Loading work.ecg_afe_xmodel(fast)
# Loading work.xmodel_prims(fast)
# Loading work.xmodel_checkpkg(fast)
# Loading work.xmodel_mathpkg(fast)
# Loading work.xmodel_sv_unit(fast)
# Loading work.real_to_xreal(fast)
# Loading work.capacitor(fast)
# Loading work.resistor(fast)
# Loading work.resistor(fast__1)
# Loading work.resistor(fast__2)
# Loading work.x_opamp(fast)
# Loading work.vcvs(fast)
# Loading work.vcvs(fast__1)
# Loading work.resistor(fast__3)
# Loading work.vlimit(fast)
# Loading work.resistor(fast__4)
# Loading work.resistor(fast__5)
# Loading work.capacitor(fast__1)
# Loading work.capacitor(fast__2)
# Loading work.resistor(fast__6)
# Loading work.resistor(fast__7)
# Loading work.resistor(fast__8)
# Loading work.capacitor(fast__3)
# Loading work.xreal_to_real(fast)
# Loading work.snn_ecg_30min_final_top(fast)
# Loading work.snn_ecg_3feat_top(fast)
# Loading work.snn_ecg_input_normalizer(fast)
# Loading work.ecg_event_encoder_adaptive(fast)
# Loading work.qrs_lif_detector(fast)
# Loading work.pnn_rhythm_predictor(fast)
# Loading work.dscr_spike_counter(fast)
# Loading work.ram_peak_accumulator(fast)
# Loading work.rdm_variability_neuron(fast)
# Loading work.ectopic_pair_neuron(fast)
# Loading work.qrs_maf_neuron(fast)
# Loading work.rcd_feature(fast)
# Loading work.rcd2_feature(fast)
# Loading work.ipb_feature(fast)
# Loading work.nsr_normality_gate(fast)
# Loading work.rbbb_lateslope_gate(fast)
# Loading work.rbbb_qrs_delay_bank(fast)
# Loading work.etmc_feature(fast)
# Loading work.class_score_neurons(fast)
# Loading work.final_membrane_layer(fast)
# Loading work.XMODEL_global(fast)
# ** Warning: (vsim-3015) [PCDPC] - Port size (8) does not match connection size (4) for port 'high_irreg_bin_count'. The port definition is at: rtl/core/abandoned_feature_stubs.v(120).
#    Time: 0 ns  Iteration: 0  Instance: /tb_snn_ecg_30min_mixed_e2e/dut/u_snapshot/u_ipb File: rtl/core/snn_ecg_3feat_top.v Line: 1323
# ** Warning: (vsim-3015) [PCDPC] - Port size (8) does not match connection size (4) for port 'mid_irreg_bin_count'. The port definition is at: rtl/core/abandoned_feature_stubs.v(121).
#    Time: 0 ns  Iteration: 0  Instance: /tb_snn_ecg_30min_mixed_e2e/dut/u_snapshot/u_ipb File: rtl/core/snn_ecg_3feat_top.v Line: 1323
# ** Warning: (vsim-3015) [PCDPC] - Port size (8) does not match connection size (4) for port 'low_irreg_bin_count'. The port definition is at: rtl/core/abandoned_feature_stubs.v(122).
#    Time: 0 ns  Iteration: 0  Instance: /tb_snn_ecg_30min_mixed_e2e/dut/u_snapshot/u_ipb File: rtl/core/snn_ecg_3feat_top.v Line: 1323
# ** Warning: (vsim-3015) [PCDPC] - Port size (8) does not match connection size (4) for port 'burst_count'. The port definition is at: rtl/core/abandoned_feature_stubs.v(123).
#    Time: 0 ns  Iteration: 0  Instance: /tb_snn_ecg_30min_mixed_e2e/dut/u_snapshot/u_ipb File: rtl/core/snn_ecg_3feat_top.v Line: 1323
# Loading <XMODEL_INSTALL_ROOT>/lib/x86_64/xmodel_msim.so
# Loading <XMODEL_INSTALL_ROOT>/lib/x86_64/xmodel_msim.sl
# run -all
#
#     _  ____  _______  ___  ______
#    | |/_/  |/  / __ \/ _ \/ __/ /  (TM)
#   _|  |/ /|_/ / /_/ / // / _// /__
#  /_/|_/_/  /_/\____/____/___/____/  ANALOG/MIXED-SIGNAL SIMULATOR
#
# XMODEL Release Unidentified
# Copyright (c) 2012-2025 Scientific Analog, Inc.
# All rights reserved and patents pending.
#
#FLEXlm: FEATURE 'XMODEL' has been successfully checked out.
#FLEXlm: Version: 3.0 (full)
#FLEXlm: Expiration: 31-dec-2026
#FLEXlm: License type: network
#FLEXlm: License server: 52.79.127.207
#
# E2E_RESULT case=AFF_afdb_06995_chunk01 case_id=9 expected=3 final_valid=1 pred=3 mem_nsr=0 mem_chf=0 mem_arr=0 mem_aff=30 accepted=1800000 dumped=1800000 windows=30 decisions=1
# E2E_CADENCE case=AFF_afdb_06995_chunk01 prof_total_cycles=36000612 prof_run_cycles=35999292 prof_input_wait_cycles=32399322 accepted_samples=1800000 avg_cycles_per_accept=20 note=AFE_1kSPS_paced(golden_ref_gap=2)
# E2E_TIMING case=AFF_afdb_06995_chunk01 first_accept_ns=2001050000 last_accept_ns=1802029075001
# ** Note: $finish    : <XMODEL_REPOSITORY_ROOT>/verification_e2e/tb/tb_snn_ecg_30min_mixed_e2e.sv(214)
#    Time: 1802031275 us  Iteration: 1  Instance: /tb_snn_ecg_30min_mixed_e2e
# End time: 20:59:29 on Jul 22,2026, Elapsed time: 0:47:01
# Errors: 0, Warnings: 138
