Reading pref.tcl

# 2024.3

# vsim -c -t 1ns -work work tb_snn_ecg_30min_chunk_dataset -do "run -all; quit -f" -gDUT_SNAPSHOT_SAMPLES=60000 -gDUT_SNAPSHOTS_PER_CHUNK=30 -gRESULT_CSV=<XMODEL_REPOSITORY_ROOT>/verification_e2e/sim_out/rep4/replay_NSR_nsrdb_16272_chunk03.csv -gMANIFEST_FILE=<XMODEL_REPOSITORY_ROOT>/verification_e2e/sim_out/rep4/replaydmanifest_NSR_nsrdb_16272_chunk03.txt -gMAX_SAMPLES=1800000 -gDUT_SAMPLE_GAP_CYCLES=2
# Start time: 18:42:34 on Jul 22,2026
# ** Note: (vsim-8009) Loading existing optimized design _opt1
# //  Questa Intel Starter FPGA Edition-64
# //  Version 2024.3 linux_x86_64 Sep 10 2024
# //
# // Unpublished work. Copyright 2024 Siemens
# //
# // This material contains trade secrets or otherwise confidential information
# // owned by Siemens Industry Software Inc. or its affiliates (collectively,
# // "SISW"), or its licensors. Access to and use of this information is strictly
# // limited as set forth in the Customer's applicable agreements with SISW.
# //
# // This material may not be copied, distributed, or otherwise disclosed outside
# // of the Customer's facilities without the express written permission of SISW,
# // and may not be used in any way not expressly authorized by SISW.
# //
# Loading sv_std.std
# Loading work.tb_snn_ecg_30min_chunk_dataset(fast)
# run -all
# CHUNK_RESULT case=104 expected=0 pred=0 correct=1 valid=1 samples=1800000 cycles=5401263
# PROFILE_RESULT case=104 total_cycles=5401260 busy_cycles=5401260 run_cycles=5399940 input_wait_cycles=1799970 accepted_samples=1800000 windows=30 decisions=1 last_window_latency=180038 max_window_latency=180038 last_decision_latency=5401260
# CHUNK_STREAM_RESULT correct/total=1/1 manifest=<XMODEL_REPOSITORY_ROOT>/verification_e2e/sim_out/rep4/replaydmanifest_NSR_nsrdb_16272_chunk03.txt
# ** Note: $finish    : <XMODEL_REPOSITORY_ROOT>/verification_e2e/tb/tb_snn_ecg_30min_chunk_dataset.v(234)
#    Time: 54012740 ns  Iteration: 1  Instance: /tb_snn_ecg_30min_chunk_dataset
# End time: 18:44:47 on Jul 22,2026, Elapsed time: 0:02:13
# Errors: 0, Warnings: 0
