Copyright 1986-2020 Xilinx, Inc. All Rights Reserved.
--------------------------------------------------------------------------------------------------------------------------------------------------------------------------------------
| Tool Version : Vivado v.2020.2 (win64) Build 3064766 Wed Nov 18 09:12:45 MST 2020
| Date         : Sun Jul  5 20:18:07 2026
| Host         : DESKTOP-F81OJT8 running 64-bit major release  (build 9200)
| Command      : report_utilization -hierarchical -file {C:/Users/YangGeon/SNN ECG Classifier/results/final_membrane_v2_snn/profile_synth_overhead/profile_en_0/utilization_hier.rpt}
| Design       : snn_ecg_30min_final_top
| Device       : 7a100tcsg324-1
| Design State : Synthesized
--------------------------------------------------------------------------------------------------------------------------------------------------------------------------------------

Utilization Design Information

Table of Contents
-----------------
1. Utilization by Hierarchy

1. Utilization by Hierarchy
---------------------------

+-----------------------------+----------------------------+------------+------------+---------+------+------+--------+--------+------------+
|           Instance          |           Module           | Total LUTs | Logic LUTs | LUTRAMs | SRLs |  FFs | RAMB36 | RAMB18 | DSP Blocks |
+-----------------------------+----------------------------+------------+------------+---------+------+------+--------+--------+------------+
| snn_ecg_30min_final_top     |                      (top) |       9863 |       9799 |      24 |   40 | 5061 |      0 |      0 |          0 |
|   (snn_ecg_30min_final_top) |                      (top) |        367 |        367 |       0 |    0 |  473 |      0 |      0 |          0 |
|   u_final                   |       final_membrane_layer |       1329 |       1329 |       0 |    0 | 1037 |      0 |      0 |          0 |
|   u_snapshot                |          snn_ecg_3feat_top |       8167 |       8103 |      24 |   40 | 3551 |      0 |      0 |          0 |
|     (u_snapshot)            |          snn_ecg_3feat_top |         23 |         23 |       0 |    0 |    2 |      0 |      0 |          0 |
|     u_class                 |        class_score_neurons |       6814 |       6814 |       0 |    0 | 2691 |      0 |      0 |          0 |
|     u_dscr                  |         dscr_spike_counter |         95 |         95 |       0 |    0 |   29 |      0 |      0 |          0 |
|     u_ectopic               |        ectopic_pair_neuron |         69 |         69 |       0 |    0 |   16 |      0 |      0 |          0 |
|     u_event_encoder         | ecg_event_encoder_adaptive |        330 |        330 |       0 |    0 |  237 |      0 |      0 |          0 |
|     u_pnn                   |       pnn_rhythm_predictor |        155 |        155 |       0 |    0 |   77 |      0 |      0 |          0 |
|     u_qrs_detector          |           qrs_lif_detector |         33 |         33 |       0 |    0 |   21 |      0 |      0 |          0 |
|     u_qrs_maf               |             qrs_maf_neuron |        407 |        343 |      24 |   40 |  349 |      0 |      0 |          0 |
|     u_ram                   |       ram_peak_accumulator |         43 |         43 |       0 |    0 |   24 |      0 |      0 |          0 |
|     u_rbbb_qrs_delay        |        rbbb_qrs_delay_bank |        155 |        155 |       0 |    0 |   83 |      0 |      0 |          0 |
|     u_rdm                   |     rdm_variability_neuron |         43 |         43 |       0 |    0 |   22 |      0 |      0 |          0 |
+-----------------------------+----------------------------+------------+------------+---------+------+------+--------+--------+------------+
