Copyright 1986-2020 Xilinx, Inc. All Rights Reserved.
-------------------------------------------------------------------------------------------------------------------------------------------------------------------------------------------
| Tool Version : Vivado v.2020.2 (win64) Build 3064766 Wed Nov 18 09:12:45 MST 2020
| Date         : Fri Jul  3 13:41:04 2026
| Host         : DESKTOP-F81OJT8 running 64-bit major release  (build 9200)
| Command      : report_utilization -hierarchical -file {C:/Users/YangGeon/SNN ECG Classifier/results/final_membrane_v2_snn/impl_timing_10ns/profile_en_1/post_route_utilization_hier.rpt}
| Design       : snn_ecg_30min_final_top
| Device       : 7a100tcsg324-1
| Design State : Routed
-------------------------------------------------------------------------------------------------------------------------------------------------------------------------------------------

Utilization Design Information

Table of Contents
-----------------
1. Utilization by Hierarchy

1. Utilization by Hierarchy
---------------------------

+-----------------------------+----------------------------+------------+------------+---------+------+------+--------+--------+------------+
|           Instance          |           Module           | Total LUTs | Logic LUTs | LUTRAMs | SRLs |  FFs | RAMB36 | RAMB18 | DSP Blocks |
+-----------------------------+----------------------------+------------+------------+---------+------+------+--------+--------+------------+
| snn_ecg_30min_final_top     |                      (top) |      10219 |      10155 |      24 |   40 | 5981 |      0 |      0 |          0 |
|   (snn_ecg_30min_final_top) |                      (top) |        381 |        381 |       0 |    0 | 1117 |      0 |      0 |          0 |
|   u_final                   |       final_membrane_layer |       1600 |       1600 |       0 |    0 | 1323 |      0 |      0 |          0 |
|   u_snapshot                |          snn_ecg_3feat_top |       8238 |       8174 |      24 |   40 | 3541 |      0 |      0 |          0 |
|     (u_snapshot)            |          snn_ecg_3feat_top |         23 |         23 |       0 |    0 |    2 |      0 |      0 |          0 |
|     u_class                 |        class_score_neurons |       6813 |       6813 |       0 |    0 | 2690 |      0 |      0 |          0 |
|     u_dscr                  |         dscr_spike_counter |        216 |        216 |       0 |    0 |   61 |      0 |      0 |          0 |
|     u_ectopic               |        ectopic_pair_neuron |         69 |         69 |       0 |    0 |   16 |      0 |      0 |          0 |
|     u_event_encoder         | ecg_event_encoder_adaptive |        327 |        327 |       0 |    0 |  237 |      0 |      0 |          0 |
|     u_pnn                   |       pnn_rhythm_predictor |        153 |        153 |       0 |    0 |   77 |      0 |      0 |          0 |
|     u_qrs_detector          |           qrs_lif_detector |         32 |         32 |       0 |    0 |   21 |      0 |      0 |          0 |
|     u_qrs_maf               |             qrs_maf_neuron |        373 |        309 |      24 |   40 |  308 |      0 |      0 |          0 |
|     u_ram                   |       ram_peak_accumulator |         43 |         43 |       0 |    0 |   24 |      0 |      0 |          0 |
|     u_rbbb_qrs_delay        |        rbbb_qrs_delay_bank |        153 |        153 |       0 |    0 |   83 |      0 |      0 |          0 |
|     u_rdm                   |     rdm_variability_neuron |         43 |         43 |       0 |    0 |   22 |      0 |      0 |          0 |
+-----------------------------+----------------------------+------------+------------+---------+------+------+--------+--------+------------+
* Note: The sum of lower-level cells may be larger than their parent cells total, due to cross-hierarchy LUT combining


