Copyright 1986-2020 Xilinx, Inc. All Rights Reserved.
----------------------------------------------------------------------------------------------------------------------------------------------------------------------------
| Tool Version : Vivado v.2020.2 (win64) Build 3064766 Wed Nov 18 09:12:45 MST 2020
| Date         : Fri Jul  3 13:41:03 2026
| Host         : DESKTOP-F81OJT8 running 64-bit major release  (build 9200)
| Command      : check_timing -verbose -file {C:/Users/YangGeon/SNN ECG Classifier/results/final_membrane_v2_snn/impl_timing_10ns/profile_en_1/post_route_check_timing.rpt}
| Design       : snn_ecg_30min_final_top
| Device       : 7a100t-csg324
| Speed File   : -1  PRODUCTION 1.23 2018-06-13
----------------------------------------------------------------------------------------------------------------------------------------------------------------------------


check_timing report

Table of Contents
-----------------
1. checking no_clock (0)
2. checking constant_clock (0)
3. checking pulse_width_clock (0)
4. checking unconstrained_internal_endpoints (0)
5. checking no_input_delay (15)
6. checking no_output_delay (779)
7. checking multiple_clock (0)
8. checking generated_clocks (0)
9. checking loops (0)
10. checking partial_input_delay (0)
11. checking partial_output_delay (0)
12. checking latch_loops (0)

1. checking no_clock (0)
------------------------
 There are 0 register/latch pins with no clock.


2. checking constant_clock (0)
------------------------------
 There are 0 register/latch pins with constant_clock.


3. checking pulse_width_clock (0)
---------------------------------
 There are 0 register/latch pins which need pulse_width check


4. checking unconstrained_internal_endpoints (0)
------------------------------------------------
 There are 0 pins that are not constrained for maximum delay.

 There are 0 pins that are not constrained for maximum delay due to constant clock.


5. checking no_input_delay (15)
-------------------------------
 There are 15 input ports with no input delay specified. (HIGH)

adc_data[0]
adc_data[10]
adc_data[11]
adc_data[1]
adc_data[2]
adc_data[3]
adc_data[4]
adc_data[5]
adc_data[6]
adc_data[7]
adc_data[8]
adc_data[9]
rst
sample_valid
start

 There are 0 input ports with no input delay but user has a false path constraint.


6. checking no_output_delay (779)
---------------------------------
 There are 779 ports with no output delay specified. (HIGH)

busy
final_mem_aff[0]
final_mem_aff[10]
final_mem_aff[11]
final_mem_aff[12]
final_mem_aff[13]
final_mem_aff[14]
final_mem_aff[15]
final_mem_aff[16]
final_mem_aff[17]
final_mem_aff[18]
final_mem_aff[19]
final_mem_aff[1]
final_mem_aff[20]
final_mem_aff[21]
final_mem_aff[22]
final_mem_aff[23]
final_mem_aff[24]
final_mem_aff[25]
final_mem_aff[26]
final_mem_aff[27]
final_mem_aff[28]
final_mem_aff[29]
final_mem_aff[2]
final_mem_aff[30]
final_mem_aff[31]
final_mem_aff[3]
final_mem_aff[4]
final_mem_aff[5]
final_mem_aff[6]
final_mem_aff[7]
final_mem_aff[8]
final_mem_aff[9]
final_mem_arr[0]
final_mem_arr[10]
final_mem_arr[11]
final_mem_arr[12]
final_mem_arr[13]
final_mem_arr[14]
final_mem_arr[15]
final_mem_arr[16]
final_mem_arr[17]
final_mem_arr[18]
final_mem_arr[19]
final_mem_arr[1]
final_mem_arr[20]
final_mem_arr[21]
final_mem_arr[22]
final_mem_arr[23]
final_mem_arr[24]
final_mem_arr[25]
final_mem_arr[26]
final_mem_arr[27]
final_mem_arr[28]
final_mem_arr[29]
final_mem_arr[2]
final_mem_arr[30]
final_mem_arr[31]
final_mem_arr[3]
final_mem_arr[4]
final_mem_arr[5]
final_mem_arr[6]
final_mem_arr[7]
final_mem_arr[8]
final_mem_arr[9]
final_mem_chf[0]
final_mem_chf[10]
final_mem_chf[11]
final_mem_chf[12]
final_mem_chf[13]
final_mem_chf[14]
final_mem_chf[15]
final_mem_chf[16]
final_mem_chf[17]
final_mem_chf[18]
final_mem_chf[19]
final_mem_chf[1]
final_mem_chf[20]
final_mem_chf[21]
final_mem_chf[22]
final_mem_chf[23]
final_mem_chf[24]
final_mem_chf[25]
final_mem_chf[26]
final_mem_chf[27]
final_mem_chf[28]
final_mem_chf[29]
final_mem_chf[2]
final_mem_chf[30]
final_mem_chf[31]
final_mem_chf[3]
final_mem_chf[4]
final_mem_chf[5]
final_mem_chf[6]
final_mem_chf[7]
final_mem_chf[8]
final_mem_chf[9]
final_mem_nsr[0]
final_mem_nsr[10]
final_mem_nsr[11]
final_mem_nsr[12]
final_mem_nsr[13]
final_mem_nsr[14]
final_mem_nsr[15]
final_mem_nsr[16]
final_mem_nsr[17]
final_mem_nsr[18]
final_mem_nsr[19]
final_mem_nsr[1]
final_mem_nsr[20]
final_mem_nsr[21]
final_mem_nsr[22]
final_mem_nsr[23]
final_mem_nsr[24]
final_mem_nsr[25]
final_mem_nsr[26]
final_mem_nsr[27]
final_mem_nsr[28]
final_mem_nsr[29]
final_mem_nsr[2]
final_mem_nsr[30]
final_mem_nsr[31]
final_mem_nsr[3]
final_mem_nsr[4]
final_mem_nsr[5]
final_mem_nsr[6]
final_mem_nsr[7]
final_mem_nsr[8]
final_mem_nsr[9]
final_pred_class[0]
final_pred_class[1]
final_valid
prof_accepted_sample_counter[0]
prof_accepted_sample_counter[10]
prof_accepted_sample_counter[11]
prof_accepted_sample_counter[12]
prof_accepted_sample_counter[13]
prof_accepted_sample_counter[14]
prof_accepted_sample_counter[15]
prof_accepted_sample_counter[16]
prof_accepted_sample_counter[17]
prof_accepted_sample_counter[18]
prof_accepted_sample_counter[19]
prof_accepted_sample_counter[1]
prof_accepted_sample_counter[20]
prof_accepted_sample_counter[21]
prof_accepted_sample_counter[22]
prof_accepted_sample_counter[23]
prof_accepted_sample_counter[24]
prof_accepted_sample_counter[25]
prof_accepted_sample_counter[26]
prof_accepted_sample_counter[27]
prof_accepted_sample_counter[28]
prof_accepted_sample_counter[29]
prof_accepted_sample_counter[2]
prof_accepted_sample_counter[30]
prof_accepted_sample_counter[31]
prof_accepted_sample_counter[32]
prof_accepted_sample_counter[33]
prof_accepted_sample_counter[34]
prof_accepted_sample_counter[35]
prof_accepted_sample_counter[36]
prof_accepted_sample_counter[37]
prof_accepted_sample_counter[38]
prof_accepted_sample_counter[39]
prof_accepted_sample_counter[3]
prof_accepted_sample_counter[40]
prof_accepted_sample_counter[41]
prof_accepted_sample_counter[42]
prof_accepted_sample_counter[43]
prof_accepted_sample_counter[44]
prof_accepted_sample_counter[45]
prof_accepted_sample_counter[46]
prof_accepted_sample_counter[47]
prof_accepted_sample_counter[48]
prof_accepted_sample_counter[49]
prof_accepted_sample_counter[4]
prof_accepted_sample_counter[50]
prof_accepted_sample_counter[51]
prof_accepted_sample_counter[52]
prof_accepted_sample_counter[53]
prof_accepted_sample_counter[54]
prof_accepted_sample_counter[55]
prof_accepted_sample_counter[56]
prof_accepted_sample_counter[57]
prof_accepted_sample_counter[58]
prof_accepted_sample_counter[59]
prof_accepted_sample_counter[5]
prof_accepted_sample_counter[60]
prof_accepted_sample_counter[61]
prof_accepted_sample_counter[62]
prof_accepted_sample_counter[63]
prof_accepted_sample_counter[6]
prof_accepted_sample_counter[7]
prof_accepted_sample_counter[8]
prof_accepted_sample_counter[9]
prof_busy_cycle_counter[0]
prof_busy_cycle_counter[10]
prof_busy_cycle_counter[11]
prof_busy_cycle_counter[12]
prof_busy_cycle_counter[13]
prof_busy_cycle_counter[14]
prof_busy_cycle_counter[15]
prof_busy_cycle_counter[16]
prof_busy_cycle_counter[17]
prof_busy_cycle_counter[18]
prof_busy_cycle_counter[19]
prof_busy_cycle_counter[1]
prof_busy_cycle_counter[20]
prof_busy_cycle_counter[21]
prof_busy_cycle_counter[22]
prof_busy_cycle_counter[23]
prof_busy_cycle_counter[24]
prof_busy_cycle_counter[25]
prof_busy_cycle_counter[26]
prof_busy_cycle_counter[27]
prof_busy_cycle_counter[28]
prof_busy_cycle_counter[29]
prof_busy_cycle_counter[2]
prof_busy_cycle_counter[30]
prof_busy_cycle_counter[31]
prof_busy_cycle_counter[32]
prof_busy_cycle_counter[33]
prof_busy_cycle_counter[34]
prof_busy_cycle_counter[35]
prof_busy_cycle_counter[36]
prof_busy_cycle_counter[37]
prof_busy_cycle_counter[38]
prof_busy_cycle_counter[39]
prof_busy_cycle_counter[3]
prof_busy_cycle_counter[40]
prof_busy_cycle_counter[41]
prof_busy_cycle_counter[42]
prof_busy_cycle_counter[43]
prof_busy_cycle_counter[44]
prof_busy_cycle_counter[45]
prof_busy_cycle_counter[46]
prof_busy_cycle_counter[47]
prof_busy_cycle_counter[48]
prof_busy_cycle_counter[49]
prof_busy_cycle_counter[4]
prof_busy_cycle_counter[50]
prof_busy_cycle_counter[51]
prof_busy_cycle_counter[52]
prof_busy_cycle_counter[53]
prof_busy_cycle_counter[54]
prof_busy_cycle_counter[55]
prof_busy_cycle_counter[56]
prof_busy_cycle_counter[57]
prof_busy_cycle_counter[58]
prof_busy_cycle_counter[59]
prof_busy_cycle_counter[5]
prof_busy_cycle_counter[60]
prof_busy_cycle_counter[61]
prof_busy_cycle_counter[62]
prof_busy_cycle_counter[63]
prof_busy_cycle_counter[6]
prof_busy_cycle_counter[7]
prof_busy_cycle_counter[8]
prof_busy_cycle_counter[9]
prof_decision_counter[0]
prof_decision_counter[10]
prof_decision_counter[11]
prof_decision_counter[12]
prof_decision_counter[13]
prof_decision_counter[14]
prof_decision_counter[15]
prof_decision_counter[16]
prof_decision_counter[17]
prof_decision_counter[18]
prof_decision_counter[19]
prof_decision_counter[1]
prof_decision_counter[20]
prof_decision_counter[21]
prof_decision_counter[22]
prof_decision_counter[23]
prof_decision_counter[24]
prof_decision_counter[25]
prof_decision_counter[26]
prof_decision_counter[27]
prof_decision_counter[28]
prof_decision_counter[29]
prof_decision_counter[2]
prof_decision_counter[30]
prof_decision_counter[31]
prof_decision_counter[32]
prof_decision_counter[33]
prof_decision_counter[34]
prof_decision_counter[35]
prof_decision_counter[36]
prof_decision_counter[37]
prof_decision_counter[38]
prof_decision_counter[39]
prof_decision_counter[3]
prof_decision_counter[40]
prof_decision_counter[41]
prof_decision_counter[42]
prof_decision_counter[43]
prof_decision_counter[44]
prof_decision_counter[45]
prof_decision_counter[46]
prof_decision_counter[47]
prof_decision_counter[48]
prof_decision_counter[49]
prof_decision_counter[4]
prof_decision_counter[50]
prof_decision_counter[51]
prof_decision_counter[52]
prof_decision_counter[53]
prof_decision_counter[54]
prof_decision_counter[55]
prof_decision_counter[56]
prof_decision_counter[57]
prof_decision_counter[58]
prof_decision_counter[59]
prof_decision_counter[5]
prof_decision_counter[60]
prof_decision_counter[61]
prof_decision_counter[62]
prof_decision_counter[63]
prof_decision_counter[6]
prof_decision_counter[7]
prof_decision_counter[8]
prof_decision_counter[9]
prof_input_wait_cycle_counter[0]
prof_input_wait_cycle_counter[10]
prof_input_wait_cycle_counter[11]
prof_input_wait_cycle_counter[12]
prof_input_wait_cycle_counter[13]
prof_input_wait_cycle_counter[14]
prof_input_wait_cycle_counter[15]
prof_input_wait_cycle_counter[16]
prof_input_wait_cycle_counter[17]
prof_input_wait_cycle_counter[18]
prof_input_wait_cycle_counter[19]
prof_input_wait_cycle_counter[1]
prof_input_wait_cycle_counter[20]
prof_input_wait_cycle_counter[21]
prof_input_wait_cycle_counter[22]
prof_input_wait_cycle_counter[23]
prof_input_wait_cycle_counter[24]
prof_input_wait_cycle_counter[25]
prof_input_wait_cycle_counter[26]
prof_input_wait_cycle_counter[27]
prof_input_wait_cycle_counter[28]
prof_input_wait_cycle_counter[29]
prof_input_wait_cycle_counter[2]
prof_input_wait_cycle_counter[30]
prof_input_wait_cycle_counter[31]
prof_input_wait_cycle_counter[32]
prof_input_wait_cycle_counter[33]
prof_input_wait_cycle_counter[34]
prof_input_wait_cycle_counter[35]
prof_input_wait_cycle_counter[36]
prof_input_wait_cycle_counter[37]
prof_input_wait_cycle_counter[38]
prof_input_wait_cycle_counter[39]
prof_input_wait_cycle_counter[3]
prof_input_wait_cycle_counter[40]
prof_input_wait_cycle_counter[41]
prof_input_wait_cycle_counter[42]
prof_input_wait_cycle_counter[43]
prof_input_wait_cycle_counter[44]
prof_input_wait_cycle_counter[45]
prof_input_wait_cycle_counter[46]
prof_input_wait_cycle_counter[47]
prof_input_wait_cycle_counter[48]
prof_input_wait_cycle_counter[49]
prof_input_wait_cycle_counter[4]
prof_input_wait_cycle_counter[50]
prof_input_wait_cycle_counter[51]
prof_input_wait_cycle_counter[52]
prof_input_wait_cycle_counter[53]
prof_input_wait_cycle_counter[54]
prof_input_wait_cycle_counter[55]
prof_input_wait_cycle_counter[56]
prof_input_wait_cycle_counter[57]
prof_input_wait_cycle_counter[58]
prof_input_wait_cycle_counter[59]
prof_input_wait_cycle_counter[5]
prof_input_wait_cycle_counter[60]
prof_input_wait_cycle_counter[61]
prof_input_wait_cycle_counter[62]
prof_input_wait_cycle_counter[63]
prof_input_wait_cycle_counter[6]
prof_input_wait_cycle_counter[7]
prof_input_wait_cycle_counter[8]
prof_input_wait_cycle_counter[9]
prof_last_decision_latency[0]
prof_last_decision_latency[10]
prof_last_decision_latency[11]
prof_last_decision_latency[12]
prof_last_decision_latency[13]
prof_last_decision_latency[14]
prof_last_decision_latency[15]
prof_last_decision_latency[16]
prof_last_decision_latency[17]
prof_last_decision_latency[18]
prof_last_decision_latency[19]
prof_last_decision_latency[1]
prof_last_decision_latency[20]
prof_last_decision_latency[21]
prof_last_decision_latency[22]
prof_last_decision_latency[23]
prof_last_decision_latency[24]
prof_last_decision_latency[25]
prof_last_decision_latency[26]
prof_last_decision_latency[27]
prof_last_decision_latency[28]
prof_last_decision_latency[29]
prof_last_decision_latency[2]
prof_last_decision_latency[30]
prof_last_decision_latency[31]
prof_last_decision_latency[32]
prof_last_decision_latency[33]
prof_last_decision_latency[34]
prof_last_decision_latency[35]
prof_last_decision_latency[36]
prof_last_decision_latency[37]
prof_last_decision_latency[38]
prof_last_decision_latency[39]
prof_last_decision_latency[3]
prof_last_decision_latency[40]
prof_last_decision_latency[41]
prof_last_decision_latency[42]
prof_last_decision_latency[43]
prof_last_decision_latency[44]
prof_last_decision_latency[45]
prof_last_decision_latency[46]
prof_last_decision_latency[47]
prof_last_decision_latency[48]
prof_last_decision_latency[49]
prof_last_decision_latency[4]
prof_last_decision_latency[50]
prof_last_decision_latency[51]
prof_last_decision_latency[52]
prof_last_decision_latency[53]
prof_last_decision_latency[54]
prof_last_decision_latency[55]
prof_last_decision_latency[56]
prof_last_decision_latency[57]
prof_last_decision_latency[58]
prof_last_decision_latency[59]
prof_last_decision_latency[5]
prof_last_decision_latency[60]
prof_last_decision_latency[61]
prof_last_decision_latency[62]
prof_last_decision_latency[63]
prof_last_decision_latency[6]
prof_last_decision_latency[7]
prof_last_decision_latency[8]
prof_last_decision_latency[9]
prof_last_window_latency[0]
prof_last_window_latency[10]
prof_last_window_latency[11]
prof_last_window_latency[12]
prof_last_window_latency[13]
prof_last_window_latency[14]
prof_last_window_latency[15]
prof_last_window_latency[16]
prof_last_window_latency[17]
prof_last_window_latency[18]
prof_last_window_latency[19]
prof_last_window_latency[1]
prof_last_window_latency[20]
prof_last_window_latency[21]
prof_last_window_latency[22]
prof_last_window_latency[23]
prof_last_window_latency[24]
prof_last_window_latency[25]
prof_last_window_latency[26]
prof_last_window_latency[27]
prof_last_window_latency[28]
prof_last_window_latency[29]
prof_last_window_latency[2]
prof_last_window_latency[30]
prof_last_window_latency[31]
prof_last_window_latency[32]
prof_last_window_latency[33]
prof_last_window_latency[34]
prof_last_window_latency[35]
prof_last_window_latency[36]
prof_last_window_latency[37]
prof_last_window_latency[38]
prof_last_window_latency[39]
prof_last_window_latency[3]
prof_last_window_latency[40]
prof_last_window_latency[41]
prof_last_window_latency[42]
prof_last_window_latency[43]
prof_last_window_latency[44]
prof_last_window_latency[45]
prof_last_window_latency[46]
prof_last_window_latency[47]
prof_last_window_latency[48]
prof_last_window_latency[49]
prof_last_window_latency[4]
prof_last_window_latency[50]
prof_last_window_latency[51]
prof_last_window_latency[52]
prof_last_window_latency[53]
prof_last_window_latency[54]
prof_last_window_latency[55]
prof_last_window_latency[56]
prof_last_window_latency[57]
prof_last_window_latency[58]
prof_last_window_latency[59]
prof_last_window_latency[5]
prof_last_window_latency[60]
prof_last_window_latency[61]
prof_last_window_latency[62]
prof_last_window_latency[63]
prof_last_window_latency[6]
prof_last_window_latency[7]
prof_last_window_latency[8]
prof_last_window_latency[9]
prof_max_window_latency[0]
prof_max_window_latency[10]
prof_max_window_latency[11]
prof_max_window_latency[12]
prof_max_window_latency[13]
prof_max_window_latency[14]
prof_max_window_latency[15]
prof_max_window_latency[16]
prof_max_window_latency[17]
prof_max_window_latency[18]
prof_max_window_latency[19]
prof_max_window_latency[1]
prof_max_window_latency[20]
prof_max_window_latency[21]
prof_max_window_latency[22]
prof_max_window_latency[23]
prof_max_window_latency[24]
prof_max_window_latency[25]
prof_max_window_latency[26]
prof_max_window_latency[27]
prof_max_window_latency[28]
prof_max_window_latency[29]
prof_max_window_latency[2]
prof_max_window_latency[30]
prof_max_window_latency[31]
prof_max_window_latency[32]
prof_max_window_latency[33]
prof_max_window_latency[34]
prof_max_window_latency[35]
prof_max_window_latency[36]
prof_max_window_latency[37]
prof_max_window_latency[38]
prof_max_window_latency[39]
prof_max_window_latency[3]
prof_max_window_latency[40]
prof_max_window_latency[41]
prof_max_window_latency[42]
prof_max_window_latency[43]
prof_max_window_latency[44]
prof_max_window_latency[45]
prof_max_window_latency[46]
prof_max_window_latency[47]
prof_max_window_latency[48]
prof_max_window_latency[49]
prof_max_window_latency[4]
prof_max_window_latency[50]
prof_max_window_latency[51]
prof_max_window_latency[52]
prof_max_window_latency[53]
prof_max_window_latency[54]
prof_max_window_latency[55]
prof_max_window_latency[56]
prof_max_window_latency[57]
prof_max_window_latency[58]
prof_max_window_latency[59]
prof_max_window_latency[5]
prof_max_window_latency[60]
prof_max_window_latency[61]
prof_max_window_latency[62]
prof_max_window_latency[63]
prof_max_window_latency[6]
prof_max_window_latency[7]
prof_max_window_latency[8]
prof_max_window_latency[9]
prof_run_cycle_counter[0]
prof_run_cycle_counter[10]
prof_run_cycle_counter[11]
prof_run_cycle_counter[12]
prof_run_cycle_counter[13]
prof_run_cycle_counter[14]
prof_run_cycle_counter[15]
prof_run_cycle_counter[16]
prof_run_cycle_counter[17]
prof_run_cycle_counter[18]
prof_run_cycle_counter[19]
prof_run_cycle_counter[1]
prof_run_cycle_counter[20]
prof_run_cycle_counter[21]
prof_run_cycle_counter[22]
prof_run_cycle_counter[23]
prof_run_cycle_counter[24]
prof_run_cycle_counter[25]
prof_run_cycle_counter[26]
prof_run_cycle_counter[27]
prof_run_cycle_counter[28]
prof_run_cycle_counter[29]
prof_run_cycle_counter[2]
prof_run_cycle_counter[30]
prof_run_cycle_counter[31]
prof_run_cycle_counter[32]
prof_run_cycle_counter[33]
prof_run_cycle_counter[34]
prof_run_cycle_counter[35]
prof_run_cycle_counter[36]
prof_run_cycle_counter[37]
prof_run_cycle_counter[38]
prof_run_cycle_counter[39]
prof_run_cycle_counter[3]
prof_run_cycle_counter[40]
prof_run_cycle_counter[41]
prof_run_cycle_counter[42]
prof_run_cycle_counter[43]
prof_run_cycle_counter[44]
prof_run_cycle_counter[45]
prof_run_cycle_counter[46]
prof_run_cycle_counter[47]
prof_run_cycle_counter[48]
prof_run_cycle_counter[49]
prof_run_cycle_counter[4]
prof_run_cycle_counter[50]
prof_run_cycle_counter[51]
prof_run_cycle_counter[52]
prof_run_cycle_counter[53]
prof_run_cycle_counter[54]
prof_run_cycle_counter[55]
prof_run_cycle_counter[56]
prof_run_cycle_counter[57]
prof_run_cycle_counter[58]
prof_run_cycle_counter[59]
prof_run_cycle_counter[5]
prof_run_cycle_counter[60]
prof_run_cycle_counter[61]
prof_run_cycle_counter[62]
prof_run_cycle_counter[63]
prof_run_cycle_counter[6]
prof_run_cycle_counter[7]
prof_run_cycle_counter[8]
prof_run_cycle_counter[9]
prof_total_cycle_counter[0]
prof_total_cycle_counter[10]
prof_total_cycle_counter[11]
prof_total_cycle_counter[12]
prof_total_cycle_counter[13]
prof_total_cycle_counter[14]
prof_total_cycle_counter[15]
prof_total_cycle_counter[16]
prof_total_cycle_counter[17]
prof_total_cycle_counter[18]
prof_total_cycle_counter[19]
prof_total_cycle_counter[1]
prof_total_cycle_counter[20]
prof_total_cycle_counter[21]
prof_total_cycle_counter[22]
prof_total_cycle_counter[23]
prof_total_cycle_counter[24]
prof_total_cycle_counter[25]
prof_total_cycle_counter[26]
prof_total_cycle_counter[27]
prof_total_cycle_counter[28]
prof_total_cycle_counter[29]
prof_total_cycle_counter[2]
prof_total_cycle_counter[30]
prof_total_cycle_counter[31]
prof_total_cycle_counter[32]
prof_total_cycle_counter[33]
prof_total_cycle_counter[34]
prof_total_cycle_counter[35]
prof_total_cycle_counter[36]
prof_total_cycle_counter[37]
prof_total_cycle_counter[38]
prof_total_cycle_counter[39]
prof_total_cycle_counter[3]
prof_total_cycle_counter[40]
prof_total_cycle_counter[41]
prof_total_cycle_counter[42]
prof_total_cycle_counter[43]
prof_total_cycle_counter[44]
prof_total_cycle_counter[45]
prof_total_cycle_counter[46]
prof_total_cycle_counter[47]
prof_total_cycle_counter[48]
prof_total_cycle_counter[49]
prof_total_cycle_counter[4]
prof_total_cycle_counter[50]
prof_total_cycle_counter[51]
prof_total_cycle_counter[52]
prof_total_cycle_counter[53]
prof_total_cycle_counter[54]
prof_total_cycle_counter[55]
prof_total_cycle_counter[56]
prof_total_cycle_counter[57]
prof_total_cycle_counter[58]
prof_total_cycle_counter[59]
prof_total_cycle_counter[5]
prof_total_cycle_counter[60]
prof_total_cycle_counter[61]
prof_total_cycle_counter[62]
prof_total_cycle_counter[63]
prof_total_cycle_counter[6]
prof_total_cycle_counter[7]
prof_total_cycle_counter[8]
prof_total_cycle_counter[9]
prof_window_counter[0]
prof_window_counter[10]
prof_window_counter[11]
prof_window_counter[12]
prof_window_counter[13]
prof_window_counter[14]
prof_window_counter[15]
prof_window_counter[16]
prof_window_counter[17]
prof_window_counter[18]
prof_window_counter[19]
prof_window_counter[1]
prof_window_counter[20]
prof_window_counter[21]
prof_window_counter[22]
prof_window_counter[23]
prof_window_counter[24]
prof_window_counter[25]
prof_window_counter[26]
prof_window_counter[27]
prof_window_counter[28]
prof_window_counter[29]
prof_window_counter[2]
prof_window_counter[30]
prof_window_counter[31]
prof_window_counter[32]
prof_window_counter[33]
prof_window_counter[34]
prof_window_counter[35]
prof_window_counter[36]
prof_window_counter[37]
prof_window_counter[38]
prof_window_counter[39]
prof_window_counter[3]
prof_window_counter[40]
prof_window_counter[41]
prof_window_counter[42]
prof_window_counter[43]
prof_window_counter[44]
prof_window_counter[45]
prof_window_counter[46]
prof_window_counter[47]
prof_window_counter[48]
prof_window_counter[49]
prof_window_counter[4]
prof_window_counter[50]
prof_window_counter[51]
prof_window_counter[52]
prof_window_counter[53]
prof_window_counter[54]
prof_window_counter[55]
prof_window_counter[56]
prof_window_counter[57]
prof_window_counter[58]
prof_window_counter[59]
prof_window_counter[5]
prof_window_counter[60]
prof_window_counter[61]
prof_window_counter[62]
prof_window_counter[63]
prof_window_counter[6]
prof_window_counter[7]
prof_window_counter[8]
prof_window_counter[9]
sample_ready
snapshot_index_dbg[0]
snapshot_index_dbg[1]
snapshot_index_dbg[2]
snapshot_index_dbg[3]
snapshot_index_dbg[4]
snapshot_index_dbg[5]

 There are 0 ports with no output delay but user has a false path constraint

 There are 0 ports with no output delay but with a timing clock defined on it or propagating through it


7. checking multiple_clock (0)
------------------------------
 There are 0 register/latch pins with multiple clocks.


8. checking generated_clocks (0)
--------------------------------
 There are 0 generated clocks that are not connected to a clock source.


9. checking loops (0)
---------------------
 There are 0 combinational loops in the design.


10. checking partial_input_delay (0)
------------------------------------
 There are 0 input ports with partial input delay specified.


11. checking partial_output_delay (0)
-------------------------------------
 There are 0 ports with partial output delay specified.


12. checking latch_loops (0)
----------------------------
 There are 0 combinational latch loops in the design through latch input


