Copyright 1986-2020 Xilinx, Inc. All Rights Reserved.
------------------------------------------------------------------------------------------------------------------------------------------------------------------------------
| Tool Version : Vivado v.2020.2 (win64) Build 3064766 Wed Nov 18 09:12:45 MST 2020
| Date         : Fri Jul  3 13:41:04 2026
| Host         : DESKTOP-F81OJT8 running 64-bit major release  (build 9200)
| Command      : report_timing_summary -file {C:/Users/YangGeon/SNN ECG Classifier/results/final_membrane_v2_snn/impl_timing_10ns/profile_en_1/post_route_timing_summary.rpt}
| Design       : snn_ecg_30min_final_top
| Device       : 7a100t-csg324
| Speed File   : -1  PRODUCTION 1.23 2018-06-13
------------------------------------------------------------------------------------------------------------------------------------------------------------------------------

Timing Summary Report

------------------------------------------------------------------------------------------------
| Timer Settings
| --------------
------------------------------------------------------------------------------------------------

  Enable Multi Corner Analysis               :  Yes
  Enable Pessimism Removal                   :  Yes
  Pessimism Removal Resolution               :  Nearest Common Node
  Enable Input Delay Default Clock           :  No
  Enable Preset / Clear Arcs                 :  No
  Disable Flight Delays                      :  No
  Ignore I/O Paths                           :  No
  Timing Early Launch at Borrowing Latches   :  No
  Borrow Time for Max Delay Exceptions       :  Yes
  Merge Timing Exceptions                    :  Yes

  Corner  Analyze    Analyze    
  Name    Max Paths  Min Paths  
  ------  ---------  ---------  
  Slow    Yes        Yes        
  Fast    Yes        Yes        



check_timing report

Table of Contents
-----------------
1. checking no_clock (0)
2. checking constant_clock (0)
3. checking pulse_width_clock (0)
4. checking unconstrained_internal_endpoints (0)
5. checking no_input_delay (15)
6. checking no_output_delay (779)
7. checking multiple_clock (0)
8. checking generated_clocks (0)
9. checking loops (0)
10. checking partial_input_delay (0)
11. checking partial_output_delay (0)
12. checking latch_loops (0)

1. checking no_clock (0)
------------------------
 There are 0 register/latch pins with no clock.


2. checking constant_clock (0)
------------------------------
 There are 0 register/latch pins with constant_clock.


3. checking pulse_width_clock (0)
---------------------------------
 There are 0 register/latch pins which need pulse_width check


4. checking unconstrained_internal_endpoints (0)
------------------------------------------------
 There are 0 pins that are not constrained for maximum delay.

 There are 0 pins that are not constrained for maximum delay due to constant clock.


5. checking no_input_delay (15)
-------------------------------
 There are 15 input ports with no input delay specified. (HIGH)

 There are 0 input ports with no input delay but user has a false path constraint.


6. checking no_output_delay (779)
---------------------------------
 There are 779 ports with no output delay specified. (HIGH)

 There are 0 ports with no output delay but user has a false path constraint

 There are 0 ports with no output delay but with a timing clock defined on it or propagating through it


7. checking multiple_clock (0)
------------------------------
 There are 0 register/latch pins with multiple clocks.


8. checking generated_clocks (0)
--------------------------------
 There are 0 generated clocks that are not connected to a clock source.


9. checking loops (0)
---------------------
 There are 0 combinational loops in the design.


10. checking partial_input_delay (0)
------------------------------------
 There are 0 input ports with partial input delay specified.


11. checking partial_output_delay (0)
-------------------------------------
 There are 0 ports with partial output delay specified.


12. checking latch_loops (0)
----------------------------
 There are 0 combinational latch loops in the design through latch input



------------------------------------------------------------------------------------------------
| Design Timing Summary
| ---------------------
------------------------------------------------------------------------------------------------

    WNS(ns)      TNS(ns)  TNS Failing Endpoints  TNS Total Endpoints      WHS(ns)      THS(ns)  THS Failing Endpoints  THS Total Endpoints     WPWS(ns)     TPWS(ns)  TPWS Failing Endpoints  TPWS Total Endpoints  
    -------      -------  ---------------------  -------------------      -------      -------  ---------------------  -------------------     --------     --------  ----------------------  --------------------  
      0.044        0.000                      0                15263        0.050        0.000                      0                15263        3.750        0.000                       0                  6045  


All user specified timing constraints are met.


------------------------------------------------------------------------------------------------
| Clock Summary
| -------------
------------------------------------------------------------------------------------------------

Clock  Waveform(ns)       Period(ns)      Frequency(MHz)
-----  ------------       ----------      --------------
clk    {0.000 5.000}      10.000          100.000         


------------------------------------------------------------------------------------------------
| Intra Clock Table
| -----------------
------------------------------------------------------------------------------------------------

Clock             WNS(ns)      TNS(ns)  TNS Failing Endpoints  TNS Total Endpoints      WHS(ns)      THS(ns)  THS Failing Endpoints  THS Total Endpoints     WPWS(ns)     TPWS(ns)  TPWS Failing Endpoints  TPWS Total Endpoints  
-----             -------      -------  ---------------------  -------------------      -------      -------  ---------------------  -------------------     --------     --------  ----------------------  --------------------  
clk                 0.044        0.000                      0                15263        0.050        0.000                      0                15263        3.750        0.000                       0                  6045  


------------------------------------------------------------------------------------------------
| Inter Clock Table
| -----------------
------------------------------------------------------------------------------------------------

From Clock    To Clock          WNS(ns)      TNS(ns)  TNS Failing Endpoints  TNS Total Endpoints      WHS(ns)      THS(ns)  THS Failing Endpoints  THS Total Endpoints  
----------    --------          -------      -------  ---------------------  -------------------      -------      -------  ---------------------  -------------------  


------------------------------------------------------------------------------------------------
| Other Path Groups Table
| -----------------------
------------------------------------------------------------------------------------------------

Path Group    From Clock    To Clock          WNS(ns)      TNS(ns)  TNS Failing Endpoints  TNS Total Endpoints      WHS(ns)      THS(ns)  THS Failing Endpoints  THS Total Endpoints  
----------    ----------    --------          -------      -------  ---------------------  -------------------      -------      -------  ---------------------  -------------------  


------------------------------------------------------------------------------------------------
| Timing Details
| --------------
------------------------------------------------------------------------------------------------


---------------------------------------------------------------------------------------------------
From Clock:  clk
  To Clock:  clk

Setup :            0  Failing Endpoints,  Worst Slack        0.044ns,  Total Violation        0.000ns
Hold  :            0  Failing Endpoints,  Worst Slack        0.050ns,  Total Violation        0.000ns
PW    :            0  Failing Endpoints,  Worst Slack        3.750ns,  Total Violation        0.000ns
---------------------------------------------------------------------------------------------------


Max Delay Paths
--------------------------------------------------------------------------------------
Slack (MET) :             0.044ns  (required time - arrival time)
  Source:                 u_snapshot/u_dscr/filt_mem_reg[0]/C
                            (rising edge-triggered cell FDRE clocked by clk  {rise@0.000ns fall@5.000ns period=10.000ns})
  Destination:            u_snapshot/u_dscr/sign_flip_spike_reg/D
                            (rising edge-triggered cell FDRE clocked by clk  {rise@0.000ns fall@5.000ns period=10.000ns})
  Path Group:             clk
  Path Type:              Setup (Max at Slow Process Corner)
  Requirement:            10.000ns  (clk rise@10.000ns - clk rise@0.000ns)
  Data Path Delay:        9.949ns  (logic 5.066ns (50.919%)  route 4.883ns (49.081%))
  Logic Levels:           19  (CARRY4=13 LUT1=2 LUT4=1 LUT6=3)
  Clock Path Skew:        -0.049ns (DCD - SCD + CPR)
    Destination Clock Delay (DCD):    0.924ns = ( 10.924 - 10.000 ) 
    Source Clock Delay      (SCD):    0.973ns
    Clock Pessimism Removal (CPR):    0.000ns
  Clock Uncertainty:      0.035ns  ((TSJ^2 + TIJ^2)^1/2 + DJ) / 2 + PE
    Total System Jitter     (TSJ):    0.071ns
    Total Input Jitter      (TIJ):    0.000ns
    Discrete Jitter          (DJ):    0.000ns
    Phase Error              (PE):    0.000ns

    Location             Delay type                Incr(ns)  Path(ns)    Netlist Resource(s)
  -------------------------------------------------------------------    -------------------
                         (clock clk rise edge)        0.000     0.000 r  
                                                      0.000     0.000 r  clk (IN)
                         net (fo=6044, unset)         0.973     0.973    u_snapshot/u_dscr/clk
    SLICE_X19Y27         FDRE                                         r  u_snapshot/u_dscr/filt_mem_reg[0]/C
  -------------------------------------------------------------------    -------------------
    SLICE_X19Y27         FDRE (Prop_fdre_C_Q)         0.456     1.429 f  u_snapshot/u_dscr/filt_mem_reg[0]/Q
                         net (fo=2, routed)           0.171     1.600    u_snapshot/u_dscr/filt_mem[0]
    SLICE_X18Y27         LUT1 (Prop_lut1_I0_O)        0.124     1.724 r  u_snapshot/u_dscr/filt_mem[3]_i_11/O
                         net (fo=1, routed)           0.329     2.052    u_snapshot/u_dscr/filt_mem[3]_i_11_n_0
    SLICE_X16Y27         CARRY4 (Prop_carry4_CYINIT_CO[3])
                                                      0.580     2.632 r  u_snapshot/u_dscr/filt_mem_reg[3]_i_10/CO[3]
                         net (fo=1, routed)           0.000     2.632    u_snapshot/u_dscr/filt_mem_reg[3]_i_10_n_0
    SLICE_X16Y28         CARRY4 (Prop_carry4_CI_CO[3])
                                                      0.114     2.746 r  u_snapshot/u_dscr/filt_mem_reg[7]_i_11/CO[3]
                         net (fo=1, routed)           0.000     2.746    u_snapshot/u_dscr/filt_mem_reg[7]_i_11_n_0
    SLICE_X16Y29         CARRY4 (Prop_carry4_CI_CO[3])
                                                      0.114     2.860 r  u_snapshot/u_dscr/filt_mem_reg[11]_i_10/CO[3]
                         net (fo=1, routed)           0.000     2.860    u_snapshot/u_dscr/filt_mem_reg[11]_i_10_n_0
    SLICE_X16Y30         CARRY4 (Prop_carry4_CI_CO[3])
                                                      0.114     2.974 r  u_snapshot/u_dscr/filt_mem_reg[15]_i_10/CO[3]
                         net (fo=1, routed)           0.000     2.974    u_snapshot/u_dscr/filt_mem_reg[15]_i_10_n_0
    SLICE_X16Y31         CARRY4 (Prop_carry4_CI_CO[3])
                                                      0.114     3.088 r  u_snapshot/u_dscr/filt_mem_reg[19]_i_10/CO[3]
                         net (fo=1, routed)           0.000     3.088    u_snapshot/u_dscr/filt_mem_reg[19]_i_10_n_0
    SLICE_X16Y32         CARRY4 (Prop_carry4_CI_O[1])
                                                      0.334     3.422 f  u_snapshot/u_dscr/valid_slope_spike_reg_i_7/O[1]
                         net (fo=8, routed)           0.583     4.006    u_snapshot/u_dscr/valid_slope_spike_reg_i_7_n_6
    SLICE_X19Y32         LUT1 (Prop_lut1_I0_O)        0.303     4.309 r  u_snapshot/u_dscr/down_mem[15]_i_24/O
                         net (fo=1, routed)           0.000     4.309    u_snapshot/u_dscr/down_mem[15]_i_24_n_0
    SLICE_X19Y32         CARRY4 (Prop_carry4_S[1]_CO[3])
                                                      0.550     4.859 r  u_snapshot/u_dscr/down_mem_reg[15]_i_22/CO[3]
                         net (fo=1, routed)           0.000     4.859    u_snapshot/u_dscr/down_mem_reg[15]_i_22_n_0
    SLICE_X19Y33         CARRY4 (Prop_carry4_CI_CO[0])
                                                      0.271     5.130 f  u_snapshot/u_dscr/down_mem_reg[15]_i_21/CO[0]
                         net (fo=51, routed)          0.781     5.911    u_snapshot/u_dscr/down_mem_reg[15]_i_21_n_3
    SLICE_X18Y30         LUT4 (Prop_lut4_I0_O)        0.373     6.284 r  u_snapshot/u_dscr/down_mem[3]_i_3/O
                         net (fo=3, routed)           0.641     6.925    u_snapshot/u_dscr/p_0_in[3]
    SLICE_X20Y32         CARRY4 (Prop_carry4_DI[3]_CO[3])
                                                      0.385     7.310 r  u_snapshot/u_dscr/up_mem_reg[3]_i_2/CO[3]
                         net (fo=1, routed)           0.000     7.310    u_snapshot/u_dscr/up_mem_reg[3]_i_2_n_0
    SLICE_X20Y33         CARRY4 (Prop_carry4_CI_CO[3])
                                                      0.114     7.424 r  u_snapshot/u_dscr/up_mem_reg[7]_i_2/CO[3]
                         net (fo=1, routed)           0.000     7.424    u_snapshot/u_dscr/up_mem_reg[7]_i_2_n_0
    SLICE_X20Y34         CARRY4 (Prop_carry4_CI_CO[3])
                                                      0.114     7.538 r  u_snapshot/u_dscr/up_mem_reg[11]_i_2/CO[3]
                         net (fo=1, routed)           0.000     7.538    u_snapshot/u_dscr/up_mem_reg[11]_i_2_n_0
    SLICE_X20Y35         CARRY4 (Prop_carry4_CI_CO[3])
                                                      0.114     7.652 r  u_snapshot/u_dscr/up_mem_reg[15]_i_5/CO[3]
                         net (fo=1, routed)           0.000     7.652    u_snapshot/u_dscr/up_mem_reg[15]_i_5_n_0
    SLICE_X20Y36         CARRY4 (Prop_carry4_CI_CO[0])
                                                      0.271     7.923 r  u_snapshot/u_dscr/up_mem_reg[15]_i_6/CO[0]
                         net (fo=17, routed)          1.061     8.985    u_snapshot/u_dscr/p_0_in2_out[16]
    SLICE_X21Y35         LUT6 (Prop_lut6_I2_O)        0.373     9.358 f  u_snapshot/u_dscr/valid_slope_spike_i_3/O
                         net (fo=2, routed)           0.419     9.777    u_snapshot/u_dscr/valid_slope_spike_i_3_n_0
    SLICE_X21Y37         LUT6 (Prop_lut6_I0_O)        0.124     9.901 f  u_snapshot/u_dscr/valid_slope_spike_i_2/O
                         net (fo=36, routed)          0.897    10.798    u_snapshot/u_dscr/valid_slope_spike_i_2_n_0
    SLICE_X30Y40         LUT6 (Prop_lut6_I0_O)        0.124    10.922 r  u_snapshot/u_dscr/sign_flip_spike_i_1/O
                         net (fo=1, routed)           0.000    10.922    u_snapshot/u_dscr/sign_flip_spike_i_1_n_0
    SLICE_X30Y40         FDRE                                         r  u_snapshot/u_dscr/sign_flip_spike_reg/D
  -------------------------------------------------------------------    -------------------

                         (clock clk rise edge)       10.000    10.000 r  
                                                      0.000    10.000 r  clk (IN)
                         net (fo=6044, unset)         0.924    10.924    u_snapshot/u_dscr/clk
    SLICE_X30Y40         FDRE                                         r  u_snapshot/u_dscr/sign_flip_spike_reg/C
                         clock pessimism              0.000    10.924    
                         clock uncertainty           -0.035    10.889    
    SLICE_X30Y40         FDRE (Setup_fdre_C_D)        0.077    10.966    u_snapshot/u_dscr/sign_flip_spike_reg
  -------------------------------------------------------------------
                         required time                         10.966    
                         arrival time                         -10.922    
  -------------------------------------------------------------------
                         slack                                  0.044    





Min Delay Paths
--------------------------------------------------------------------------------------
Slack (MET) :             0.050ns  (arrival time - required time)
  Source:                 u_snapshot/u_qrs_maf/pre_strong_tail_reg[0]/C
                            (rising edge-triggered cell FDRE clocked by clk  {rise@0.000ns fall@5.000ns period=10.000ns})
  Destination:            u_snapshot/u_qrs_maf/pre_strong_time_fifo_reg_0_63_6_6/DP/WADR0
                            (rising edge-triggered cell RAMD64E clocked by clk  {rise@0.000ns fall@5.000ns period=10.000ns})
  Path Group:             clk
  Path Type:              Hold (Min at Fast Process Corner)
  Requirement:            0.000ns  (clk rise@0.000ns - clk rise@0.000ns)
  Data Path Delay:        0.382ns  (logic 0.141ns (36.945%)  route 0.241ns (63.055%))
  Logic Levels:           0  
  Clock Path Skew:        0.022ns (DCD - SCD - CPR)
    Destination Clock Delay (DCD):    0.432ns
    Source Clock Delay      (SCD):    0.410ns
    Clock Pessimism Removal (CPR):    -0.000ns

    Location             Delay type                Incr(ns)  Path(ns)    Netlist Resource(s)
  -------------------------------------------------------------------    -------------------
                         (clock clk rise edge)        0.000     0.000 r  
                                                      0.000     0.000 r  clk (IN)
                         net (fo=6044, unset)         0.410     0.410    u_snapshot/u_qrs_maf/clk
    SLICE_X13Y47         FDRE                                         r  u_snapshot/u_qrs_maf/pre_strong_tail_reg[0]/C
  -------------------------------------------------------------------    -------------------
    SLICE_X13Y47         FDRE (Prop_fdre_C_Q)         0.141     0.551 r  u_snapshot/u_qrs_maf/pre_strong_tail_reg[0]/Q
                         net (fo=37, routed)          0.241     0.792    u_snapshot/u_qrs_maf/pre_strong_time_fifo_reg_0_63_6_6/A0
    SLICE_X12Y47         RAMD64E                                      r  u_snapshot/u_qrs_maf/pre_strong_time_fifo_reg_0_63_6_6/DP/WADR0
  -------------------------------------------------------------------    -------------------

                         (clock clk rise edge)        0.000     0.000 r  
                                                      0.000     0.000 r  clk (IN)
                         net (fo=6044, unset)         0.432     0.432    u_snapshot/u_qrs_maf/pre_strong_time_fifo_reg_0_63_6_6/WCLK
    SLICE_X12Y47         RAMD64E                                      r  u_snapshot/u_qrs_maf/pre_strong_time_fifo_reg_0_63_6_6/DP/CLK
                         clock pessimism              0.000     0.432    
    SLICE_X12Y47         RAMD64E (Hold_ramd64e_CLK_WADR0)
                                                      0.310     0.742    u_snapshot/u_qrs_maf/pre_strong_time_fifo_reg_0_63_6_6/DP
  -------------------------------------------------------------------
                         required time                         -0.742    
                         arrival time                           0.792    
  -------------------------------------------------------------------
                         slack                                  0.050    





Pulse Width Checks
--------------------------------------------------------------------------------------
Clock Name:         clk
Waveform(ns):       { 0.000 5.000 }
Period(ns):         10.000
Sources:            { clk }

Check Type        Corner  Lib Pin      Reference Pin  Required(ns)  Actual(ns)  Slack(ns)  Location      Pin
Min Period        n/a     FDRE/C       n/a            1.000         10.000      9.000      SLICE_X12Y75  prof_total_cycle_counter_reg[35]/C
Low Pulse Width   Fast    RAMD64E/CLK  n/a            1.250         5.000       3.750      SLICE_X12Y46  u_snapshot/u_qrs_maf/pre_strong_time_fifo_reg_0_63_0_2/RAMA/CLK
High Pulse Width  Slow    RAMD64E/CLK  n/a            1.250         5.000       3.750      SLICE_X12Y46  u_snapshot/u_qrs_maf/pre_strong_time_fifo_reg_0_63_0_2/RAMA/CLK



