Copyright 1986-2020 Xilinx, Inc. All Rights Reserved.
------------------------------------------------------------------------------------------------------------------------------------------------------------------------------------------------------------------------------------------------
| Tool Version : Vivado v.2020.2 (win64) Build 3064766 Wed Nov 18 09:12:45 MST 2020
| Date         : Fri Jul  3 13:41:04 2026
| Host         : DESKTOP-F81OJT8 running 64-bit major release  (build 9200)
| Command      : report_timing -delay_type min -max_paths 20 -nworst 5 -path_type full_clock_expanded -input_pins -file {C:/Users/YangGeon/SNN ECG Classifier/results/final_membrane_v2_snn/impl_timing_10ns/profile_en_1/worst_hold_paths.rpt}
| Design       : snn_ecg_30min_final_top
| Device       : 7a100t-csg324
| Speed File   : -1  PRODUCTION 1.23 2018-06-13
------------------------------------------------------------------------------------------------------------------------------------------------------------------------------------------------------------------------------------------------

Timing Report

Slack (MET) :             0.050ns  (arrival time - required time)
  Source:                 u_snapshot/u_qrs_maf/pre_strong_tail_reg[0]/C
                            (rising edge-triggered cell FDRE clocked by clk  {rise@0.000ns fall@5.000ns period=10.000ns})
  Destination:            u_snapshot/u_qrs_maf/pre_strong_time_fifo_reg_0_63_6_6/DP/WADR0
                            (rising edge-triggered cell RAMD64E clocked by clk  {rise@0.000ns fall@5.000ns period=10.000ns})
  Path Group:             clk
  Path Type:              Hold (Min at Fast Process Corner)
  Requirement:            0.000ns  (clk rise@0.000ns - clk rise@0.000ns)
  Data Path Delay:        0.382ns  (logic 0.141ns (36.945%)  route 0.241ns (63.055%))
  Logic Levels:           0  
  Clock Path Skew:        0.022ns (DCD - SCD - CPR)
    Destination Clock Delay (DCD):    0.432ns
    Source Clock Delay      (SCD):    0.410ns
    Clock Pessimism Removal (CPR):    -0.000ns

    Location             Delay type                Incr(ns)  Path(ns)    Netlist Resource(s)
  -------------------------------------------------------------------    -------------------
                         (clock clk rise edge)        0.000     0.000 r  
                                                      0.000     0.000 r  clk (IN)
                         net (fo=6044, unset)         0.410     0.410    u_snapshot/u_qrs_maf/clk
    SLICE_X13Y47         FDRE                                         r  u_snapshot/u_qrs_maf/pre_strong_tail_reg[0]/C
  -------------------------------------------------------------------    -------------------
    SLICE_X13Y47         FDRE (Prop_fdre_C_Q)         0.141     0.551 r  u_snapshot/u_qrs_maf/pre_strong_tail_reg[0]/Q
                         net (fo=37, routed)          0.241     0.792    u_snapshot/u_qrs_maf/pre_strong_time_fifo_reg_0_63_6_6/A0
    SLICE_X12Y47         RAMD64E                                      r  u_snapshot/u_qrs_maf/pre_strong_time_fifo_reg_0_63_6_6/DP/WADR0
  -------------------------------------------------------------------    -------------------

                         (clock clk rise edge)        0.000     0.000 r  
                                                      0.000     0.000 r  clk (IN)
                         net (fo=6044, unset)         0.432     0.432    u_snapshot/u_qrs_maf/pre_strong_time_fifo_reg_0_63_6_6/WCLK
    SLICE_X12Y47         RAMD64E                                      r  u_snapshot/u_qrs_maf/pre_strong_time_fifo_reg_0_63_6_6/DP/CLK
                         clock pessimism              0.000     0.432    
    SLICE_X12Y47         RAMD64E (Hold_ramd64e_CLK_WADR0)
                                                      0.310     0.742    u_snapshot/u_qrs_maf/pre_strong_time_fifo_reg_0_63_6_6/DP
  -------------------------------------------------------------------
                         required time                         -0.742    
                         arrival time                           0.792    
  -------------------------------------------------------------------
                         slack                                  0.050    

Slack (MET) :             0.050ns  (arrival time - required time)
  Source:                 u_snapshot/u_qrs_maf/pre_strong_tail_reg[0]/C
                            (rising edge-triggered cell FDRE clocked by clk  {rise@0.000ns fall@5.000ns period=10.000ns})
  Destination:            u_snapshot/u_qrs_maf/pre_strong_time_fifo_reg_0_63_6_6/DP/WADR0
                            (rising edge-triggered cell RAMD64E clocked by clk  {rise@0.000ns fall@5.000ns period=10.000ns})
  Path Group:             clk
  Path Type:              Hold (Min at Fast Process Corner)
  Requirement:            0.000ns  (clk rise@0.000ns - clk rise@0.000ns)
  Data Path Delay:        0.382ns  (logic 0.141ns (36.945%)  route 0.241ns (63.055%))
  Logic Levels:           0  
  Clock Path Skew:        0.022ns (DCD - SCD - CPR)
    Destination Clock Delay (DCD):    0.432ns
    Source Clock Delay      (SCD):    0.410ns
    Clock Pessimism Removal (CPR):    -0.000ns

    Location             Delay type                Incr(ns)  Path(ns)    Netlist Resource(s)
  -------------------------------------------------------------------    -------------------
                         (clock clk rise edge)        0.000     0.000 r  
                                                      0.000     0.000 r  clk (IN)
                         net (fo=6044, unset)         0.410     0.410    u_snapshot/u_qrs_maf/clk
    SLICE_X13Y47         FDRE                                         r  u_snapshot/u_qrs_maf/pre_strong_tail_reg[0]/C
  -------------------------------------------------------------------    -------------------
    SLICE_X13Y47         FDRE (Prop_fdre_C_Q)         0.141     0.551 f  u_snapshot/u_qrs_maf/pre_strong_tail_reg[0]/Q
                         net (fo=37, routed)          0.241     0.792    u_snapshot/u_qrs_maf/pre_strong_time_fifo_reg_0_63_6_6/A0
    SLICE_X12Y47         RAMD64E                                      f  u_snapshot/u_qrs_maf/pre_strong_time_fifo_reg_0_63_6_6/DP/WADR0
  -------------------------------------------------------------------    -------------------

                         (clock clk rise edge)        0.000     0.000 r  
                                                      0.000     0.000 r  clk (IN)
                         net (fo=6044, unset)         0.432     0.432    u_snapshot/u_qrs_maf/pre_strong_time_fifo_reg_0_63_6_6/WCLK
    SLICE_X12Y47         RAMD64E                                      r  u_snapshot/u_qrs_maf/pre_strong_time_fifo_reg_0_63_6_6/DP/CLK
                         clock pessimism              0.000     0.432    
    SLICE_X12Y47         RAMD64E (Hold_ramd64e_CLK_WADR0)
                                                      0.310     0.742    u_snapshot/u_qrs_maf/pre_strong_time_fifo_reg_0_63_6_6/DP
  -------------------------------------------------------------------
                         required time                         -0.742    
                         arrival time                           0.792    
  -------------------------------------------------------------------
                         slack                                  0.050    

Slack (MET) :             0.050ns  (arrival time - required time)
  Source:                 u_snapshot/u_qrs_maf/pre_strong_tail_reg[0]/C
                            (rising edge-triggered cell FDRE clocked by clk  {rise@0.000ns fall@5.000ns period=10.000ns})
  Destination:            u_snapshot/u_qrs_maf/pre_strong_time_fifo_reg_0_63_6_6/SP/WADR0
                            (rising edge-triggered cell RAMD64E clocked by clk  {rise@0.000ns fall@5.000ns period=10.000ns})
  Path Group:             clk
  Path Type:              Hold (Min at Fast Process Corner)
  Requirement:            0.000ns  (clk rise@0.000ns - clk rise@0.000ns)
  Data Path Delay:        0.382ns  (logic 0.141ns (36.945%)  route 0.241ns (63.055%))
  Logic Levels:           0  
  Clock Path Skew:        0.022ns (DCD - SCD - CPR)
    Destination Clock Delay (DCD):    0.432ns
    Source Clock Delay      (SCD):    0.410ns
    Clock Pessimism Removal (CPR):    -0.000ns

    Location             Delay type                Incr(ns)  Path(ns)    Netlist Resource(s)
  -------------------------------------------------------------------    -------------------
                         (clock clk rise edge)        0.000     0.000 r  
                                                      0.000     0.000 r  clk (IN)
                         net (fo=6044, unset)         0.410     0.410    u_snapshot/u_qrs_maf/clk
    SLICE_X13Y47         FDRE                                         r  u_snapshot/u_qrs_maf/pre_strong_tail_reg[0]/C
  -------------------------------------------------------------------    -------------------
    SLICE_X13Y47         FDRE (Prop_fdre_C_Q)         0.141     0.551 r  u_snapshot/u_qrs_maf/pre_strong_tail_reg[0]/Q
                         net (fo=37, routed)          0.241     0.792    u_snapshot/u_qrs_maf/pre_strong_time_fifo_reg_0_63_6_6/A0
    SLICE_X12Y47         RAMD64E                                      r  u_snapshot/u_qrs_maf/pre_strong_time_fifo_reg_0_63_6_6/SP/WADR0
  -------------------------------------------------------------------    -------------------

                         (clock clk rise edge)        0.000     0.000 r  
                                                      0.000     0.000 r  clk (IN)
                         net (fo=6044, unset)         0.432     0.432    u_snapshot/u_qrs_maf/pre_strong_time_fifo_reg_0_63_6_6/WCLK
    SLICE_X12Y47         RAMD64E                                      r  u_snapshot/u_qrs_maf/pre_strong_time_fifo_reg_0_63_6_6/SP/CLK
                         clock pessimism              0.000     0.432    
    SLICE_X12Y47         RAMD64E (Hold_ramd64e_CLK_WADR0)
                                                      0.310     0.742    u_snapshot/u_qrs_maf/pre_strong_time_fifo_reg_0_63_6_6/SP
  -------------------------------------------------------------------
                         required time                         -0.742    
                         arrival time                           0.792    
  -------------------------------------------------------------------
                         slack                                  0.050    

Slack (MET) :             0.050ns  (arrival time - required time)
  Source:                 u_snapshot/u_qrs_maf/pre_strong_tail_reg[0]/C
                            (rising edge-triggered cell FDRE clocked by clk  {rise@0.000ns fall@5.000ns period=10.000ns})
  Destination:            u_snapshot/u_qrs_maf/pre_strong_time_fifo_reg_0_63_6_6/SP/WADR0
                            (rising edge-triggered cell RAMD64E clocked by clk  {rise@0.000ns fall@5.000ns period=10.000ns})
  Path Group:             clk
  Path Type:              Hold (Min at Fast Process Corner)
  Requirement:            0.000ns  (clk rise@0.000ns - clk rise@0.000ns)
  Data Path Delay:        0.382ns  (logic 0.141ns (36.945%)  route 0.241ns (63.055%))
  Logic Levels:           0  
  Clock Path Skew:        0.022ns (DCD - SCD - CPR)
    Destination Clock Delay (DCD):    0.432ns
    Source Clock Delay      (SCD):    0.410ns
    Clock Pessimism Removal (CPR):    -0.000ns

    Location             Delay type                Incr(ns)  Path(ns)    Netlist Resource(s)
  -------------------------------------------------------------------    -------------------
                         (clock clk rise edge)        0.000     0.000 r  
                                                      0.000     0.000 r  clk (IN)
                         net (fo=6044, unset)         0.410     0.410    u_snapshot/u_qrs_maf/clk
    SLICE_X13Y47         FDRE                                         r  u_snapshot/u_qrs_maf/pre_strong_tail_reg[0]/C
  -------------------------------------------------------------------    -------------------
    SLICE_X13Y47         FDRE (Prop_fdre_C_Q)         0.141     0.551 f  u_snapshot/u_qrs_maf/pre_strong_tail_reg[0]/Q
                         net (fo=37, routed)          0.241     0.792    u_snapshot/u_qrs_maf/pre_strong_time_fifo_reg_0_63_6_6/A0
    SLICE_X12Y47         RAMD64E                                      f  u_snapshot/u_qrs_maf/pre_strong_time_fifo_reg_0_63_6_6/SP/WADR0
  -------------------------------------------------------------------    -------------------

                         (clock clk rise edge)        0.000     0.000 r  
                                                      0.000     0.000 r  clk (IN)
                         net (fo=6044, unset)         0.432     0.432    u_snapshot/u_qrs_maf/pre_strong_time_fifo_reg_0_63_6_6/WCLK
    SLICE_X12Y47         RAMD64E                                      r  u_snapshot/u_qrs_maf/pre_strong_time_fifo_reg_0_63_6_6/SP/CLK
                         clock pessimism              0.000     0.432    
    SLICE_X12Y47         RAMD64E (Hold_ramd64e_CLK_WADR0)
                                                      0.310     0.742    u_snapshot/u_qrs_maf/pre_strong_time_fifo_reg_0_63_6_6/SP
  -------------------------------------------------------------------
                         required time                         -0.742    
                         arrival time                           0.792    
  -------------------------------------------------------------------
                         slack                                  0.050    

Slack (MET) :             0.050ns  (arrival time - required time)
  Source:                 u_snapshot/u_qrs_maf/pre_strong_tail_reg[0]/C
                            (rising edge-triggered cell FDRE clocked by clk  {rise@0.000ns fall@5.000ns period=10.000ns})
  Destination:            u_snapshot/u_qrs_maf/pre_strong_time_fifo_reg_0_63_7_7/DP/WADR0
                            (rising edge-triggered cell RAMD64E clocked by clk  {rise@0.000ns fall@5.000ns period=10.000ns})
  Path Group:             clk
  Path Type:              Hold (Min at Fast Process Corner)
  Requirement:            0.000ns  (clk rise@0.000ns - clk rise@0.000ns)
  Data Path Delay:        0.382ns  (logic 0.141ns (36.945%)  route 0.241ns (63.055%))
  Logic Levels:           0  
  Clock Path Skew:        0.022ns (DCD - SCD - CPR)
    Destination Clock Delay (DCD):    0.432ns
    Source Clock Delay      (SCD):    0.410ns
    Clock Pessimism Removal (CPR):    -0.000ns

    Location             Delay type                Incr(ns)  Path(ns)    Netlist Resource(s)
  -------------------------------------------------------------------    -------------------
                         (clock clk rise edge)        0.000     0.000 r  
                                                      0.000     0.000 r  clk (IN)
                         net (fo=6044, unset)         0.410     0.410    u_snapshot/u_qrs_maf/clk
    SLICE_X13Y47         FDRE                                         r  u_snapshot/u_qrs_maf/pre_strong_tail_reg[0]/C
  -------------------------------------------------------------------    -------------------
    SLICE_X13Y47         FDRE (Prop_fdre_C_Q)         0.141     0.551 r  u_snapshot/u_qrs_maf/pre_strong_tail_reg[0]/Q
                         net (fo=37, routed)          0.241     0.792    u_snapshot/u_qrs_maf/pre_strong_time_fifo_reg_0_63_7_7/A0
    SLICE_X12Y47         RAMD64E                                      r  u_snapshot/u_qrs_maf/pre_strong_time_fifo_reg_0_63_7_7/DP/WADR0
  -------------------------------------------------------------------    -------------------

                         (clock clk rise edge)        0.000     0.000 r  
                                                      0.000     0.000 r  clk (IN)
                         net (fo=6044, unset)         0.432     0.432    u_snapshot/u_qrs_maf/pre_strong_time_fifo_reg_0_63_7_7/WCLK
    SLICE_X12Y47         RAMD64E                                      r  u_snapshot/u_qrs_maf/pre_strong_time_fifo_reg_0_63_7_7/DP/CLK
                         clock pessimism              0.000     0.432    
    SLICE_X12Y47         RAMD64E (Hold_ramd64e_CLK_WADR0)
                                                      0.310     0.742    u_snapshot/u_qrs_maf/pre_strong_time_fifo_reg_0_63_7_7/DP
  -------------------------------------------------------------------
                         required time                         -0.742    
                         arrival time                           0.792    
  -------------------------------------------------------------------
                         slack                                  0.050    

Slack (MET) :             0.050ns  (arrival time - required time)
  Source:                 u_snapshot/u_qrs_maf/pre_strong_tail_reg[0]/C
                            (rising edge-triggered cell FDRE clocked by clk  {rise@0.000ns fall@5.000ns period=10.000ns})
  Destination:            u_snapshot/u_qrs_maf/pre_strong_time_fifo_reg_0_63_7_7/DP/WADR0
                            (rising edge-triggered cell RAMD64E clocked by clk  {rise@0.000ns fall@5.000ns period=10.000ns})
  Path Group:             clk
  Path Type:              Hold (Min at Fast Process Corner)
  Requirement:            0.000ns  (clk rise@0.000ns - clk rise@0.000ns)
  Data Path Delay:        0.382ns  (logic 0.141ns (36.945%)  route 0.241ns (63.055%))
  Logic Levels:           0  
  Clock Path Skew:        0.022ns (DCD - SCD - CPR)
    Destination Clock Delay (DCD):    0.432ns
    Source Clock Delay      (SCD):    0.410ns
    Clock Pessimism Removal (CPR):    -0.000ns

    Location             Delay type                Incr(ns)  Path(ns)    Netlist Resource(s)
  -------------------------------------------------------------------    -------------------
                         (clock clk rise edge)        0.000     0.000 r  
                                                      0.000     0.000 r  clk (IN)
                         net (fo=6044, unset)         0.410     0.410    u_snapshot/u_qrs_maf/clk
    SLICE_X13Y47         FDRE                                         r  u_snapshot/u_qrs_maf/pre_strong_tail_reg[0]/C
  -------------------------------------------------------------------    -------------------
    SLICE_X13Y47         FDRE (Prop_fdre_C_Q)         0.141     0.551 f  u_snapshot/u_qrs_maf/pre_strong_tail_reg[0]/Q
                         net (fo=37, routed)          0.241     0.792    u_snapshot/u_qrs_maf/pre_strong_time_fifo_reg_0_63_7_7/A0
    SLICE_X12Y47         RAMD64E                                      f  u_snapshot/u_qrs_maf/pre_strong_time_fifo_reg_0_63_7_7/DP/WADR0
  -------------------------------------------------------------------    -------------------

                         (clock clk rise edge)        0.000     0.000 r  
                                                      0.000     0.000 r  clk (IN)
                         net (fo=6044, unset)         0.432     0.432    u_snapshot/u_qrs_maf/pre_strong_time_fifo_reg_0_63_7_7/WCLK
    SLICE_X12Y47         RAMD64E                                      r  u_snapshot/u_qrs_maf/pre_strong_time_fifo_reg_0_63_7_7/DP/CLK
                         clock pessimism              0.000     0.432    
    SLICE_X12Y47         RAMD64E (Hold_ramd64e_CLK_WADR0)
                                                      0.310     0.742    u_snapshot/u_qrs_maf/pre_strong_time_fifo_reg_0_63_7_7/DP
  -------------------------------------------------------------------
                         required time                         -0.742    
                         arrival time                           0.792    
  -------------------------------------------------------------------
                         slack                                  0.050    

Slack (MET) :             0.050ns  (arrival time - required time)
  Source:                 u_snapshot/u_qrs_maf/pre_strong_tail_reg[0]/C
                            (rising edge-triggered cell FDRE clocked by clk  {rise@0.000ns fall@5.000ns period=10.000ns})
  Destination:            u_snapshot/u_qrs_maf/pre_strong_time_fifo_reg_0_63_7_7/SP/WADR0
                            (rising edge-triggered cell RAMD64E clocked by clk  {rise@0.000ns fall@5.000ns period=10.000ns})
  Path Group:             clk
  Path Type:              Hold (Min at Fast Process Corner)
  Requirement:            0.000ns  (clk rise@0.000ns - clk rise@0.000ns)
  Data Path Delay:        0.382ns  (logic 0.141ns (36.945%)  route 0.241ns (63.055%))
  Logic Levels:           0  
  Clock Path Skew:        0.022ns (DCD - SCD - CPR)
    Destination Clock Delay (DCD):    0.432ns
    Source Clock Delay      (SCD):    0.410ns
    Clock Pessimism Removal (CPR):    -0.000ns

    Location             Delay type                Incr(ns)  Path(ns)    Netlist Resource(s)
  -------------------------------------------------------------------    -------------------
                         (clock clk rise edge)        0.000     0.000 r  
                                                      0.000     0.000 r  clk (IN)
                         net (fo=6044, unset)         0.410     0.410    u_snapshot/u_qrs_maf/clk
    SLICE_X13Y47         FDRE                                         r  u_snapshot/u_qrs_maf/pre_strong_tail_reg[0]/C
  -------------------------------------------------------------------    -------------------
    SLICE_X13Y47         FDRE (Prop_fdre_C_Q)         0.141     0.551 r  u_snapshot/u_qrs_maf/pre_strong_tail_reg[0]/Q
                         net (fo=37, routed)          0.241     0.792    u_snapshot/u_qrs_maf/pre_strong_time_fifo_reg_0_63_7_7/A0
    SLICE_X12Y47         RAMD64E                                      r  u_snapshot/u_qrs_maf/pre_strong_time_fifo_reg_0_63_7_7/SP/WADR0
  -------------------------------------------------------------------    -------------------

                         (clock clk rise edge)        0.000     0.000 r  
                                                      0.000     0.000 r  clk (IN)
                         net (fo=6044, unset)         0.432     0.432    u_snapshot/u_qrs_maf/pre_strong_time_fifo_reg_0_63_7_7/WCLK
    SLICE_X12Y47         RAMD64E                                      r  u_snapshot/u_qrs_maf/pre_strong_time_fifo_reg_0_63_7_7/SP/CLK
                         clock pessimism              0.000     0.432    
    SLICE_X12Y47         RAMD64E (Hold_ramd64e_CLK_WADR0)
                                                      0.310     0.742    u_snapshot/u_qrs_maf/pre_strong_time_fifo_reg_0_63_7_7/SP
  -------------------------------------------------------------------
                         required time                         -0.742    
                         arrival time                           0.792    
  -------------------------------------------------------------------
                         slack                                  0.050    

Slack (MET) :             0.050ns  (arrival time - required time)
  Source:                 u_snapshot/u_qrs_maf/pre_strong_tail_reg[0]/C
                            (rising edge-triggered cell FDRE clocked by clk  {rise@0.000ns fall@5.000ns period=10.000ns})
  Destination:            u_snapshot/u_qrs_maf/pre_strong_time_fifo_reg_0_63_7_7/SP/WADR0
                            (rising edge-triggered cell RAMD64E clocked by clk  {rise@0.000ns fall@5.000ns period=10.000ns})
  Path Group:             clk
  Path Type:              Hold (Min at Fast Process Corner)
  Requirement:            0.000ns  (clk rise@0.000ns - clk rise@0.000ns)
  Data Path Delay:        0.382ns  (logic 0.141ns (36.945%)  route 0.241ns (63.055%))
  Logic Levels:           0  
  Clock Path Skew:        0.022ns (DCD - SCD - CPR)
    Destination Clock Delay (DCD):    0.432ns
    Source Clock Delay      (SCD):    0.410ns
    Clock Pessimism Removal (CPR):    -0.000ns

    Location             Delay type                Incr(ns)  Path(ns)    Netlist Resource(s)
  -------------------------------------------------------------------    -------------------
                         (clock clk rise edge)        0.000     0.000 r  
                                                      0.000     0.000 r  clk (IN)
                         net (fo=6044, unset)         0.410     0.410    u_snapshot/u_qrs_maf/clk
    SLICE_X13Y47         FDRE                                         r  u_snapshot/u_qrs_maf/pre_strong_tail_reg[0]/C
  -------------------------------------------------------------------    -------------------
    SLICE_X13Y47         FDRE (Prop_fdre_C_Q)         0.141     0.551 f  u_snapshot/u_qrs_maf/pre_strong_tail_reg[0]/Q
                         net (fo=37, routed)          0.241     0.792    u_snapshot/u_qrs_maf/pre_strong_time_fifo_reg_0_63_7_7/A0
    SLICE_X12Y47         RAMD64E                                      f  u_snapshot/u_qrs_maf/pre_strong_time_fifo_reg_0_63_7_7/SP/WADR0
  -------------------------------------------------------------------    -------------------

                         (clock clk rise edge)        0.000     0.000 r  
                                                      0.000     0.000 r  clk (IN)
                         net (fo=6044, unset)         0.432     0.432    u_snapshot/u_qrs_maf/pre_strong_time_fifo_reg_0_63_7_7/WCLK
    SLICE_X12Y47         RAMD64E                                      r  u_snapshot/u_qrs_maf/pre_strong_time_fifo_reg_0_63_7_7/SP/CLK
                         clock pessimism              0.000     0.432    
    SLICE_X12Y47         RAMD64E (Hold_ramd64e_CLK_WADR0)
                                                      0.310     0.742    u_snapshot/u_qrs_maf/pre_strong_time_fifo_reg_0_63_7_7/SP
  -------------------------------------------------------------------
                         required time                         -0.742    
                         arrival time                           0.792    
  -------------------------------------------------------------------
                         slack                                  0.050    

Slack (MET) :             0.101ns  (arrival time - required time)
  Source:                 u_snapshot/u_qrs_maf/pre_strong_tail_reg[5]/C
                            (rising edge-triggered cell FDRE clocked by clk  {rise@0.000ns fall@5.000ns period=10.000ns})
  Destination:            u_snapshot/u_qrs_maf/pre_strong_time_fifo_reg_0_63_6_6/DP/WADR5
                            (rising edge-triggered cell RAMD64E clocked by clk  {rise@0.000ns fall@5.000ns period=10.000ns})
  Path Group:             clk
  Path Type:              Hold (Min at Fast Process Corner)
  Requirement:            0.000ns  (clk rise@0.000ns - clk rise@0.000ns)
  Data Path Delay:        0.292ns  (logic 0.141ns (48.241%)  route 0.151ns (51.759%))
  Logic Levels:           0  
  Clock Path Skew:        0.022ns (DCD - SCD - CPR)
    Destination Clock Delay (DCD):    0.432ns
    Source Clock Delay      (SCD):    0.410ns
    Clock Pessimism Removal (CPR):    -0.000ns

    Location             Delay type                Incr(ns)  Path(ns)    Netlist Resource(s)
  -------------------------------------------------------------------    -------------------
                         (clock clk rise edge)        0.000     0.000 r  
                                                      0.000     0.000 r  clk (IN)
                         net (fo=6044, unset)         0.410     0.410    u_snapshot/u_qrs_maf/clk
    SLICE_X13Y48         FDRE                                         r  u_snapshot/u_qrs_maf/pre_strong_tail_reg[5]/C
  -------------------------------------------------------------------    -------------------
    SLICE_X13Y48         FDRE (Prop_fdre_C_Q)         0.141     0.551 r  u_snapshot/u_qrs_maf/pre_strong_tail_reg[5]/Q
                         net (fo=38, routed)          0.151     0.702    u_snapshot/u_qrs_maf/pre_strong_time_fifo_reg_0_63_6_6/A5
    SLICE_X12Y47         RAMD64E                                      r  u_snapshot/u_qrs_maf/pre_strong_time_fifo_reg_0_63_6_6/DP/WADR5
  -------------------------------------------------------------------    -------------------

                         (clock clk rise edge)        0.000     0.000 r  
                                                      0.000     0.000 r  clk (IN)
                         net (fo=6044, unset)         0.432     0.432    u_snapshot/u_qrs_maf/pre_strong_time_fifo_reg_0_63_6_6/WCLK
    SLICE_X12Y47         RAMD64E                                      r  u_snapshot/u_qrs_maf/pre_strong_time_fifo_reg_0_63_6_6/DP/CLK
                         clock pessimism              0.000     0.432    
    SLICE_X12Y47         RAMD64E (Hold_ramd64e_CLK_WADR5)
                                                      0.170     0.602    u_snapshot/u_qrs_maf/pre_strong_time_fifo_reg_0_63_6_6/DP
  -------------------------------------------------------------------
                         required time                         -0.602    
                         arrival time                           0.702    
  -------------------------------------------------------------------
                         slack                                  0.101    

Slack (MET) :             0.101ns  (arrival time - required time)
  Source:                 u_snapshot/u_qrs_maf/pre_strong_tail_reg[5]/C
                            (rising edge-triggered cell FDRE clocked by clk  {rise@0.000ns fall@5.000ns period=10.000ns})
  Destination:            u_snapshot/u_qrs_maf/pre_strong_time_fifo_reg_0_63_6_6/DP/WADR5
                            (rising edge-triggered cell RAMD64E clocked by clk  {rise@0.000ns fall@5.000ns period=10.000ns})
  Path Group:             clk
  Path Type:              Hold (Min at Fast Process Corner)
  Requirement:            0.000ns  (clk rise@0.000ns - clk rise@0.000ns)
  Data Path Delay:        0.292ns  (logic 0.141ns (48.241%)  route 0.151ns (51.759%))
  Logic Levels:           0  
  Clock Path Skew:        0.022ns (DCD - SCD - CPR)
    Destination Clock Delay (DCD):    0.432ns
    Source Clock Delay      (SCD):    0.410ns
    Clock Pessimism Removal (CPR):    -0.000ns

    Location             Delay type                Incr(ns)  Path(ns)    Netlist Resource(s)
  -------------------------------------------------------------------    -------------------
                         (clock clk rise edge)        0.000     0.000 r  
                                                      0.000     0.000 r  clk (IN)
                         net (fo=6044, unset)         0.410     0.410    u_snapshot/u_qrs_maf/clk
    SLICE_X13Y48         FDRE                                         r  u_snapshot/u_qrs_maf/pre_strong_tail_reg[5]/C
  -------------------------------------------------------------------    -------------------
    SLICE_X13Y48         FDRE (Prop_fdre_C_Q)         0.141     0.551 f  u_snapshot/u_qrs_maf/pre_strong_tail_reg[5]/Q
                         net (fo=38, routed)          0.151     0.702    u_snapshot/u_qrs_maf/pre_strong_time_fifo_reg_0_63_6_6/A5
    SLICE_X12Y47         RAMD64E                                      f  u_snapshot/u_qrs_maf/pre_strong_time_fifo_reg_0_63_6_6/DP/WADR5
  -------------------------------------------------------------------    -------------------

                         (clock clk rise edge)        0.000     0.000 r  
                                                      0.000     0.000 r  clk (IN)
                         net (fo=6044, unset)         0.432     0.432    u_snapshot/u_qrs_maf/pre_strong_time_fifo_reg_0_63_6_6/WCLK
    SLICE_X12Y47         RAMD64E                                      r  u_snapshot/u_qrs_maf/pre_strong_time_fifo_reg_0_63_6_6/DP/CLK
                         clock pessimism              0.000     0.432    
    SLICE_X12Y47         RAMD64E (Hold_ramd64e_CLK_WADR5)
                                                      0.170     0.602    u_snapshot/u_qrs_maf/pre_strong_time_fifo_reg_0_63_6_6/DP
  -------------------------------------------------------------------
                         required time                         -0.602    
                         arrival time                           0.702    
  -------------------------------------------------------------------
                         slack                                  0.101    

Slack (MET) :             0.101ns  (arrival time - required time)
  Source:                 u_snapshot/u_qrs_maf/pre_strong_tail_reg[5]/C
                            (rising edge-triggered cell FDRE clocked by clk  {rise@0.000ns fall@5.000ns period=10.000ns})
  Destination:            u_snapshot/u_qrs_maf/pre_strong_time_fifo_reg_0_63_6_6/SP/WADR5
                            (rising edge-triggered cell RAMD64E clocked by clk  {rise@0.000ns fall@5.000ns period=10.000ns})
  Path Group:             clk
  Path Type:              Hold (Min at Fast Process Corner)
  Requirement:            0.000ns  (clk rise@0.000ns - clk rise@0.000ns)
  Data Path Delay:        0.292ns  (logic 0.141ns (48.241%)  route 0.151ns (51.759%))
  Logic Levels:           0  
  Clock Path Skew:        0.022ns (DCD - SCD - CPR)
    Destination Clock Delay (DCD):    0.432ns
    Source Clock Delay      (SCD):    0.410ns
    Clock Pessimism Removal (CPR):    -0.000ns

    Location             Delay type                Incr(ns)  Path(ns)    Netlist Resource(s)
  -------------------------------------------------------------------    -------------------
                         (clock clk rise edge)        0.000     0.000 r  
                                                      0.000     0.000 r  clk (IN)
                         net (fo=6044, unset)         0.410     0.410    u_snapshot/u_qrs_maf/clk
    SLICE_X13Y48         FDRE                                         r  u_snapshot/u_qrs_maf/pre_strong_tail_reg[5]/C
  -------------------------------------------------------------------    -------------------
    SLICE_X13Y48         FDRE (Prop_fdre_C_Q)         0.141     0.551 r  u_snapshot/u_qrs_maf/pre_strong_tail_reg[5]/Q
                         net (fo=38, routed)          0.151     0.702    u_snapshot/u_qrs_maf/pre_strong_time_fifo_reg_0_63_6_6/A5
    SLICE_X12Y47         RAMD64E                                      r  u_snapshot/u_qrs_maf/pre_strong_time_fifo_reg_0_63_6_6/SP/WADR5
  -------------------------------------------------------------------    -------------------

                         (clock clk rise edge)        0.000     0.000 r  
                                                      0.000     0.000 r  clk (IN)
                         net (fo=6044, unset)         0.432     0.432    u_snapshot/u_qrs_maf/pre_strong_time_fifo_reg_0_63_6_6/WCLK
    SLICE_X12Y47         RAMD64E                                      r  u_snapshot/u_qrs_maf/pre_strong_time_fifo_reg_0_63_6_6/SP/CLK
                         clock pessimism              0.000     0.432    
    SLICE_X12Y47         RAMD64E (Hold_ramd64e_CLK_WADR5)
                                                      0.170     0.602    u_snapshot/u_qrs_maf/pre_strong_time_fifo_reg_0_63_6_6/SP
  -------------------------------------------------------------------
                         required time                         -0.602    
                         arrival time                           0.702    
  -------------------------------------------------------------------
                         slack                                  0.101    

Slack (MET) :             0.101ns  (arrival time - required time)
  Source:                 u_snapshot/u_qrs_maf/pre_strong_tail_reg[5]/C
                            (rising edge-triggered cell FDRE clocked by clk  {rise@0.000ns fall@5.000ns period=10.000ns})
  Destination:            u_snapshot/u_qrs_maf/pre_strong_time_fifo_reg_0_63_6_6/SP/WADR5
                            (rising edge-triggered cell RAMD64E clocked by clk  {rise@0.000ns fall@5.000ns period=10.000ns})
  Path Group:             clk
  Path Type:              Hold (Min at Fast Process Corner)
  Requirement:            0.000ns  (clk rise@0.000ns - clk rise@0.000ns)
  Data Path Delay:        0.292ns  (logic 0.141ns (48.241%)  route 0.151ns (51.759%))
  Logic Levels:           0  
  Clock Path Skew:        0.022ns (DCD - SCD - CPR)
    Destination Clock Delay (DCD):    0.432ns
    Source Clock Delay      (SCD):    0.410ns
    Clock Pessimism Removal (CPR):    -0.000ns

    Location             Delay type                Incr(ns)  Path(ns)    Netlist Resource(s)
  -------------------------------------------------------------------    -------------------
                         (clock clk rise edge)        0.000     0.000 r  
                                                      0.000     0.000 r  clk (IN)
                         net (fo=6044, unset)         0.410     0.410    u_snapshot/u_qrs_maf/clk
    SLICE_X13Y48         FDRE                                         r  u_snapshot/u_qrs_maf/pre_strong_tail_reg[5]/C
  -------------------------------------------------------------------    -------------------
    SLICE_X13Y48         FDRE (Prop_fdre_C_Q)         0.141     0.551 f  u_snapshot/u_qrs_maf/pre_strong_tail_reg[5]/Q
                         net (fo=38, routed)          0.151     0.702    u_snapshot/u_qrs_maf/pre_strong_time_fifo_reg_0_63_6_6/A5
    SLICE_X12Y47         RAMD64E                                      f  u_snapshot/u_qrs_maf/pre_strong_time_fifo_reg_0_63_6_6/SP/WADR5
  -------------------------------------------------------------------    -------------------

                         (clock clk rise edge)        0.000     0.000 r  
                                                      0.000     0.000 r  clk (IN)
                         net (fo=6044, unset)         0.432     0.432    u_snapshot/u_qrs_maf/pre_strong_time_fifo_reg_0_63_6_6/WCLK
    SLICE_X12Y47         RAMD64E                                      r  u_snapshot/u_qrs_maf/pre_strong_time_fifo_reg_0_63_6_6/SP/CLK
                         clock pessimism              0.000     0.432    
    SLICE_X12Y47         RAMD64E (Hold_ramd64e_CLK_WADR5)
                                                      0.170     0.602    u_snapshot/u_qrs_maf/pre_strong_time_fifo_reg_0_63_6_6/SP
  -------------------------------------------------------------------
                         required time                         -0.602    
                         arrival time                           0.702    
  -------------------------------------------------------------------
                         slack                                  0.101    

Slack (MET) :             0.101ns  (arrival time - required time)
  Source:                 u_snapshot/u_qrs_maf/pre_strong_tail_reg[5]/C
                            (rising edge-triggered cell FDRE clocked by clk  {rise@0.000ns fall@5.000ns period=10.000ns})
  Destination:            u_snapshot/u_qrs_maf/pre_strong_time_fifo_reg_0_63_7_7/DP/WADR5
                            (rising edge-triggered cell RAMD64E clocked by clk  {rise@0.000ns fall@5.000ns period=10.000ns})
  Path Group:             clk
  Path Type:              Hold (Min at Fast Process Corner)
  Requirement:            0.000ns  (clk rise@0.000ns - clk rise@0.000ns)
  Data Path Delay:        0.292ns  (logic 0.141ns (48.241%)  route 0.151ns (51.759%))
  Logic Levels:           0  
  Clock Path Skew:        0.022ns (DCD - SCD - CPR)
    Destination Clock Delay (DCD):    0.432ns
    Source Clock Delay      (SCD):    0.410ns
    Clock Pessimism Removal (CPR):    -0.000ns

    Location             Delay type                Incr(ns)  Path(ns)    Netlist Resource(s)
  -------------------------------------------------------------------    -------------------
                         (clock clk rise edge)        0.000     0.000 r  
                                                      0.000     0.000 r  clk (IN)
                         net (fo=6044, unset)         0.410     0.410    u_snapshot/u_qrs_maf/clk
    SLICE_X13Y48         FDRE                                         r  u_snapshot/u_qrs_maf/pre_strong_tail_reg[5]/C
  -------------------------------------------------------------------    -------------------
    SLICE_X13Y48         FDRE (Prop_fdre_C_Q)         0.141     0.551 r  u_snapshot/u_qrs_maf/pre_strong_tail_reg[5]/Q
                         net (fo=38, routed)          0.151     0.702    u_snapshot/u_qrs_maf/pre_strong_time_fifo_reg_0_63_7_7/A5
    SLICE_X12Y47         RAMD64E                                      r  u_snapshot/u_qrs_maf/pre_strong_time_fifo_reg_0_63_7_7/DP/WADR5
  -------------------------------------------------------------------    -------------------

                         (clock clk rise edge)        0.000     0.000 r  
                                                      0.000     0.000 r  clk (IN)
                         net (fo=6044, unset)         0.432     0.432    u_snapshot/u_qrs_maf/pre_strong_time_fifo_reg_0_63_7_7/WCLK
    SLICE_X12Y47         RAMD64E                                      r  u_snapshot/u_qrs_maf/pre_strong_time_fifo_reg_0_63_7_7/DP/CLK
                         clock pessimism              0.000     0.432    
    SLICE_X12Y47         RAMD64E (Hold_ramd64e_CLK_WADR5)
                                                      0.170     0.602    u_snapshot/u_qrs_maf/pre_strong_time_fifo_reg_0_63_7_7/DP
  -------------------------------------------------------------------
                         required time                         -0.602    
                         arrival time                           0.702    
  -------------------------------------------------------------------
                         slack                                  0.101    

Slack (MET) :             0.101ns  (arrival time - required time)
  Source:                 u_snapshot/u_qrs_maf/pre_strong_tail_reg[5]/C
                            (rising edge-triggered cell FDRE clocked by clk  {rise@0.000ns fall@5.000ns period=10.000ns})
  Destination:            u_snapshot/u_qrs_maf/pre_strong_time_fifo_reg_0_63_7_7/DP/WADR5
                            (rising edge-triggered cell RAMD64E clocked by clk  {rise@0.000ns fall@5.000ns period=10.000ns})
  Path Group:             clk
  Path Type:              Hold (Min at Fast Process Corner)
  Requirement:            0.000ns  (clk rise@0.000ns - clk rise@0.000ns)
  Data Path Delay:        0.292ns  (logic 0.141ns (48.241%)  route 0.151ns (51.759%))
  Logic Levels:           0  
  Clock Path Skew:        0.022ns (DCD - SCD - CPR)
    Destination Clock Delay (DCD):    0.432ns
    Source Clock Delay      (SCD):    0.410ns
    Clock Pessimism Removal (CPR):    -0.000ns

    Location             Delay type                Incr(ns)  Path(ns)    Netlist Resource(s)
  -------------------------------------------------------------------    -------------------
                         (clock clk rise edge)        0.000     0.000 r  
                                                      0.000     0.000 r  clk (IN)
                         net (fo=6044, unset)         0.410     0.410    u_snapshot/u_qrs_maf/clk
    SLICE_X13Y48         FDRE                                         r  u_snapshot/u_qrs_maf/pre_strong_tail_reg[5]/C
  -------------------------------------------------------------------    -------------------
    SLICE_X13Y48         FDRE (Prop_fdre_C_Q)         0.141     0.551 f  u_snapshot/u_qrs_maf/pre_strong_tail_reg[5]/Q
                         net (fo=38, routed)          0.151     0.702    u_snapshot/u_qrs_maf/pre_strong_time_fifo_reg_0_63_7_7/A5
    SLICE_X12Y47         RAMD64E                                      f  u_snapshot/u_qrs_maf/pre_strong_time_fifo_reg_0_63_7_7/DP/WADR5
  -------------------------------------------------------------------    -------------------

                         (clock clk rise edge)        0.000     0.000 r  
                                                      0.000     0.000 r  clk (IN)
                         net (fo=6044, unset)         0.432     0.432    u_snapshot/u_qrs_maf/pre_strong_time_fifo_reg_0_63_7_7/WCLK
    SLICE_X12Y47         RAMD64E                                      r  u_snapshot/u_qrs_maf/pre_strong_time_fifo_reg_0_63_7_7/DP/CLK
                         clock pessimism              0.000     0.432    
    SLICE_X12Y47         RAMD64E (Hold_ramd64e_CLK_WADR5)
                                                      0.170     0.602    u_snapshot/u_qrs_maf/pre_strong_time_fifo_reg_0_63_7_7/DP
  -------------------------------------------------------------------
                         required time                         -0.602    
                         arrival time                           0.702    
  -------------------------------------------------------------------
                         slack                                  0.101    

Slack (MET) :             0.101ns  (arrival time - required time)
  Source:                 u_snapshot/u_qrs_maf/pre_strong_tail_reg[5]/C
                            (rising edge-triggered cell FDRE clocked by clk  {rise@0.000ns fall@5.000ns period=10.000ns})
  Destination:            u_snapshot/u_qrs_maf/pre_strong_time_fifo_reg_0_63_7_7/SP/WADR5
                            (rising edge-triggered cell RAMD64E clocked by clk  {rise@0.000ns fall@5.000ns period=10.000ns})
  Path Group:             clk
  Path Type:              Hold (Min at Fast Process Corner)
  Requirement:            0.000ns  (clk rise@0.000ns - clk rise@0.000ns)
  Data Path Delay:        0.292ns  (logic 0.141ns (48.241%)  route 0.151ns (51.759%))
  Logic Levels:           0  
  Clock Path Skew:        0.022ns (DCD - SCD - CPR)
    Destination Clock Delay (DCD):    0.432ns
    Source Clock Delay      (SCD):    0.410ns
    Clock Pessimism Removal (CPR):    -0.000ns

    Location             Delay type                Incr(ns)  Path(ns)    Netlist Resource(s)
  -------------------------------------------------------------------    -------------------
                         (clock clk rise edge)        0.000     0.000 r  
                                                      0.000     0.000 r  clk (IN)
                         net (fo=6044, unset)         0.410     0.410    u_snapshot/u_qrs_maf/clk
    SLICE_X13Y48         FDRE                                         r  u_snapshot/u_qrs_maf/pre_strong_tail_reg[5]/C
  -------------------------------------------------------------------    -------------------
    SLICE_X13Y48         FDRE (Prop_fdre_C_Q)         0.141     0.551 r  u_snapshot/u_qrs_maf/pre_strong_tail_reg[5]/Q
                         net (fo=38, routed)          0.151     0.702    u_snapshot/u_qrs_maf/pre_strong_time_fifo_reg_0_63_7_7/A5
    SLICE_X12Y47         RAMD64E                                      r  u_snapshot/u_qrs_maf/pre_strong_time_fifo_reg_0_63_7_7/SP/WADR5
  -------------------------------------------------------------------    -------------------

                         (clock clk rise edge)        0.000     0.000 r  
                                                      0.000     0.000 r  clk (IN)
                         net (fo=6044, unset)         0.432     0.432    u_snapshot/u_qrs_maf/pre_strong_time_fifo_reg_0_63_7_7/WCLK
    SLICE_X12Y47         RAMD64E                                      r  u_snapshot/u_qrs_maf/pre_strong_time_fifo_reg_0_63_7_7/SP/CLK
                         clock pessimism              0.000     0.432    
    SLICE_X12Y47         RAMD64E (Hold_ramd64e_CLK_WADR5)
                                                      0.170     0.602    u_snapshot/u_qrs_maf/pre_strong_time_fifo_reg_0_63_7_7/SP
  -------------------------------------------------------------------
                         required time                         -0.602    
                         arrival time                           0.702    
  -------------------------------------------------------------------
                         slack                                  0.101    

Slack (MET) :             0.101ns  (arrival time - required time)
  Source:                 u_snapshot/u_qrs_maf/pre_strong_tail_reg[5]/C
                            (rising edge-triggered cell FDRE clocked by clk  {rise@0.000ns fall@5.000ns period=10.000ns})
  Destination:            u_snapshot/u_qrs_maf/pre_strong_time_fifo_reg_0_63_7_7/SP/WADR5
                            (rising edge-triggered cell RAMD64E clocked by clk  {rise@0.000ns fall@5.000ns period=10.000ns})
  Path Group:             clk
  Path Type:              Hold (Min at Fast Process Corner)
  Requirement:            0.000ns  (clk rise@0.000ns - clk rise@0.000ns)
  Data Path Delay:        0.292ns  (logic 0.141ns (48.241%)  route 0.151ns (51.759%))
  Logic Levels:           0  
  Clock Path Skew:        0.022ns (DCD - SCD - CPR)
    Destination Clock Delay (DCD):    0.432ns
    Source Clock Delay      (SCD):    0.410ns
    Clock Pessimism Removal (CPR):    -0.000ns

    Location             Delay type                Incr(ns)  Path(ns)    Netlist Resource(s)
  -------------------------------------------------------------------    -------------------
                         (clock clk rise edge)        0.000     0.000 r  
                                                      0.000     0.000 r  clk (IN)
                         net (fo=6044, unset)         0.410     0.410    u_snapshot/u_qrs_maf/clk
    SLICE_X13Y48         FDRE                                         r  u_snapshot/u_qrs_maf/pre_strong_tail_reg[5]/C
  -------------------------------------------------------------------    -------------------
    SLICE_X13Y48         FDRE (Prop_fdre_C_Q)         0.141     0.551 f  u_snapshot/u_qrs_maf/pre_strong_tail_reg[5]/Q
                         net (fo=38, routed)          0.151     0.702    u_snapshot/u_qrs_maf/pre_strong_time_fifo_reg_0_63_7_7/A5
    SLICE_X12Y47         RAMD64E                                      f  u_snapshot/u_qrs_maf/pre_strong_time_fifo_reg_0_63_7_7/SP/WADR5
  -------------------------------------------------------------------    -------------------

                         (clock clk rise edge)        0.000     0.000 r  
                                                      0.000     0.000 r  clk (IN)
                         net (fo=6044, unset)         0.432     0.432    u_snapshot/u_qrs_maf/pre_strong_time_fifo_reg_0_63_7_7/WCLK
    SLICE_X12Y47         RAMD64E                                      r  u_snapshot/u_qrs_maf/pre_strong_time_fifo_reg_0_63_7_7/SP/CLK
                         clock pessimism              0.000     0.432    
    SLICE_X12Y47         RAMD64E (Hold_ramd64e_CLK_WADR5)
                                                      0.170     0.602    u_snapshot/u_qrs_maf/pre_strong_time_fifo_reg_0_63_7_7/SP
  -------------------------------------------------------------------
                         required time                         -0.602    
                         arrival time                           0.702    
  -------------------------------------------------------------------
                         slack                                  0.101    

Slack (MET) :             0.101ns  (arrival time - required time)
  Source:                 u_snapshot/u_qrs_maf/pre_strong_tail_reg[0]/C
                            (rising edge-triggered cell FDRE clocked by clk  {rise@0.000ns fall@5.000ns period=10.000ns})
  Destination:            u_snapshot/u_qrs_maf/pre_strong_time_fifo_reg_0_63_6_6/DP/WADR0
                            (rising edge-triggered cell RAMD64E clocked by clk  {rise@0.000ns fall@5.000ns period=10.000ns})
  Path Group:             clk
  Path Type:              Hold (Min at Slow Process Corner)
  Requirement:            0.000ns  (clk rise@0.000ns - clk rise@0.000ns)
  Data Path Delay:        0.844ns  (logic 0.367ns (43.502%)  route 0.477ns (56.498%))
  Logic Levels:           0  
  Clock Path Skew:        0.049ns (DCD - SCD - CPR)
    Destination Clock Delay (DCD):    0.973ns
    Source Clock Delay      (SCD):    0.924ns
    Clock Pessimism Removal (CPR):    -0.000ns

    Location             Delay type                Incr(ns)  Path(ns)    Netlist Resource(s)
  -------------------------------------------------------------------    -------------------
                         (clock clk rise edge)        0.000     0.000 r  
                                                      0.000     0.000 r  clk (IN)
                         net (fo=6044, unset)         0.924     0.924    u_snapshot/u_qrs_maf/clk
    SLICE_X13Y47         FDRE                                         r  u_snapshot/u_qrs_maf/pre_strong_tail_reg[0]/C
  -------------------------------------------------------------------    -------------------
    SLICE_X13Y47         FDRE (Prop_fdre_C_Q)         0.367     1.291 r  u_snapshot/u_qrs_maf/pre_strong_tail_reg[0]/Q
                         net (fo=37, routed)          0.477     1.768    u_snapshot/u_qrs_maf/pre_strong_time_fifo_reg_0_63_6_6/A0
    SLICE_X12Y47         RAMD64E                                      r  u_snapshot/u_qrs_maf/pre_strong_time_fifo_reg_0_63_6_6/DP/WADR0
  -------------------------------------------------------------------    -------------------

                         (clock clk rise edge)        0.000     0.000 r  
                                                      0.000     0.000 r  clk (IN)
                         net (fo=6044, unset)         0.973     0.973    u_snapshot/u_qrs_maf/pre_strong_time_fifo_reg_0_63_6_6/WCLK
    SLICE_X12Y47         RAMD64E                                      r  u_snapshot/u_qrs_maf/pre_strong_time_fifo_reg_0_63_6_6/DP/CLK
                         clock pessimism              0.000     0.973    
    SLICE_X12Y47         RAMD64E (Hold_ramd64e_CLK_WADR0)
                                                      0.694     1.667    u_snapshot/u_qrs_maf/pre_strong_time_fifo_reg_0_63_6_6/DP
  -------------------------------------------------------------------
                         required time                         -1.667    
                         arrival time                           1.768    
  -------------------------------------------------------------------
                         slack                                  0.101    

Slack (MET) :             0.101ns  (arrival time - required time)
  Source:                 u_snapshot/u_qrs_maf/pre_strong_tail_reg[0]/C
                            (rising edge-triggered cell FDRE clocked by clk  {rise@0.000ns fall@5.000ns period=10.000ns})
  Destination:            u_snapshot/u_qrs_maf/pre_strong_time_fifo_reg_0_63_6_6/DP/WADR0
                            (rising edge-triggered cell RAMD64E clocked by clk  {rise@0.000ns fall@5.000ns period=10.000ns})
  Path Group:             clk
  Path Type:              Hold (Min at Slow Process Corner)
  Requirement:            0.000ns  (clk rise@0.000ns - clk rise@0.000ns)
  Data Path Delay:        0.844ns  (logic 0.367ns (43.502%)  route 0.477ns (56.498%))
  Logic Levels:           0  
  Clock Path Skew:        0.049ns (DCD - SCD - CPR)
    Destination Clock Delay (DCD):    0.973ns
    Source Clock Delay      (SCD):    0.924ns
    Clock Pessimism Removal (CPR):    -0.000ns

    Location             Delay type                Incr(ns)  Path(ns)    Netlist Resource(s)
  -------------------------------------------------------------------    -------------------
                         (clock clk rise edge)        0.000     0.000 r  
                                                      0.000     0.000 r  clk (IN)
                         net (fo=6044, unset)         0.924     0.924    u_snapshot/u_qrs_maf/clk
    SLICE_X13Y47         FDRE                                         r  u_snapshot/u_qrs_maf/pre_strong_tail_reg[0]/C
  -------------------------------------------------------------------    -------------------
    SLICE_X13Y47         FDRE (Prop_fdre_C_Q)         0.367     1.291 f  u_snapshot/u_qrs_maf/pre_strong_tail_reg[0]/Q
                         net (fo=37, routed)          0.477     1.768    u_snapshot/u_qrs_maf/pre_strong_time_fifo_reg_0_63_6_6/A0
    SLICE_X12Y47         RAMD64E                                      f  u_snapshot/u_qrs_maf/pre_strong_time_fifo_reg_0_63_6_6/DP/WADR0
  -------------------------------------------------------------------    -------------------

                         (clock clk rise edge)        0.000     0.000 r  
                                                      0.000     0.000 r  clk (IN)
                         net (fo=6044, unset)         0.973     0.973    u_snapshot/u_qrs_maf/pre_strong_time_fifo_reg_0_63_6_6/WCLK
    SLICE_X12Y47         RAMD64E                                      r  u_snapshot/u_qrs_maf/pre_strong_time_fifo_reg_0_63_6_6/DP/CLK
                         clock pessimism              0.000     0.973    
    SLICE_X12Y47         RAMD64E (Hold_ramd64e_CLK_WADR0)
                                                      0.694     1.667    u_snapshot/u_qrs_maf/pre_strong_time_fifo_reg_0_63_6_6/DP
  -------------------------------------------------------------------
                         required time                         -1.667    
                         arrival time                           1.768    
  -------------------------------------------------------------------
                         slack                                  0.101    

Slack (MET) :             0.101ns  (arrival time - required time)
  Source:                 u_snapshot/u_qrs_maf/pre_strong_tail_reg[0]/C
                            (rising edge-triggered cell FDRE clocked by clk  {rise@0.000ns fall@5.000ns period=10.000ns})
  Destination:            u_snapshot/u_qrs_maf/pre_strong_time_fifo_reg_0_63_6_6/SP/WADR0
                            (rising edge-triggered cell RAMD64E clocked by clk  {rise@0.000ns fall@5.000ns period=10.000ns})
  Path Group:             clk
  Path Type:              Hold (Min at Slow Process Corner)
  Requirement:            0.000ns  (clk rise@0.000ns - clk rise@0.000ns)
  Data Path Delay:        0.844ns  (logic 0.367ns (43.502%)  route 0.477ns (56.498%))
  Logic Levels:           0  
  Clock Path Skew:        0.049ns (DCD - SCD - CPR)
    Destination Clock Delay (DCD):    0.973ns
    Source Clock Delay      (SCD):    0.924ns
    Clock Pessimism Removal (CPR):    -0.000ns

    Location             Delay type                Incr(ns)  Path(ns)    Netlist Resource(s)
  -------------------------------------------------------------------    -------------------
                         (clock clk rise edge)        0.000     0.000 r  
                                                      0.000     0.000 r  clk (IN)
                         net (fo=6044, unset)         0.924     0.924    u_snapshot/u_qrs_maf/clk
    SLICE_X13Y47         FDRE                                         r  u_snapshot/u_qrs_maf/pre_strong_tail_reg[0]/C
  -------------------------------------------------------------------    -------------------
    SLICE_X13Y47         FDRE (Prop_fdre_C_Q)         0.367     1.291 r  u_snapshot/u_qrs_maf/pre_strong_tail_reg[0]/Q
                         net (fo=37, routed)          0.477     1.768    u_snapshot/u_qrs_maf/pre_strong_time_fifo_reg_0_63_6_6/A0
    SLICE_X12Y47         RAMD64E                                      r  u_snapshot/u_qrs_maf/pre_strong_time_fifo_reg_0_63_6_6/SP/WADR0
  -------------------------------------------------------------------    -------------------

                         (clock clk rise edge)        0.000     0.000 r  
                                                      0.000     0.000 r  clk (IN)
                         net (fo=6044, unset)         0.973     0.973    u_snapshot/u_qrs_maf/pre_strong_time_fifo_reg_0_63_6_6/WCLK
    SLICE_X12Y47         RAMD64E                                      r  u_snapshot/u_qrs_maf/pre_strong_time_fifo_reg_0_63_6_6/SP/CLK
                         clock pessimism              0.000     0.973    
    SLICE_X12Y47         RAMD64E (Hold_ramd64e_CLK_WADR0)
                                                      0.694     1.667    u_snapshot/u_qrs_maf/pre_strong_time_fifo_reg_0_63_6_6/SP
  -------------------------------------------------------------------
                         required time                         -1.667    
                         arrival time                           1.768    
  -------------------------------------------------------------------
                         slack                                  0.101    

Slack (MET) :             0.101ns  (arrival time - required time)
  Source:                 u_snapshot/u_qrs_maf/pre_strong_tail_reg[0]/C
                            (rising edge-triggered cell FDRE clocked by clk  {rise@0.000ns fall@5.000ns period=10.000ns})
  Destination:            u_snapshot/u_qrs_maf/pre_strong_time_fifo_reg_0_63_6_6/SP/WADR0
                            (rising edge-triggered cell RAMD64E clocked by clk  {rise@0.000ns fall@5.000ns period=10.000ns})
  Path Group:             clk
  Path Type:              Hold (Min at Slow Process Corner)
  Requirement:            0.000ns  (clk rise@0.000ns - clk rise@0.000ns)
  Data Path Delay:        0.844ns  (logic 0.367ns (43.502%)  route 0.477ns (56.498%))
  Logic Levels:           0  
  Clock Path Skew:        0.049ns (DCD - SCD - CPR)
    Destination Clock Delay (DCD):    0.973ns
    Source Clock Delay      (SCD):    0.924ns
    Clock Pessimism Removal (CPR):    -0.000ns

    Location             Delay type                Incr(ns)  Path(ns)    Netlist Resource(s)
  -------------------------------------------------------------------    -------------------
                         (clock clk rise edge)        0.000     0.000 r  
                                                      0.000     0.000 r  clk (IN)
                         net (fo=6044, unset)         0.924     0.924    u_snapshot/u_qrs_maf/clk
    SLICE_X13Y47         FDRE                                         r  u_snapshot/u_qrs_maf/pre_strong_tail_reg[0]/C
  -------------------------------------------------------------------    -------------------
    SLICE_X13Y47         FDRE (Prop_fdre_C_Q)         0.367     1.291 f  u_snapshot/u_qrs_maf/pre_strong_tail_reg[0]/Q
                         net (fo=37, routed)          0.477     1.768    u_snapshot/u_qrs_maf/pre_strong_time_fifo_reg_0_63_6_6/A0
    SLICE_X12Y47         RAMD64E                                      f  u_snapshot/u_qrs_maf/pre_strong_time_fifo_reg_0_63_6_6/SP/WADR0
  -------------------------------------------------------------------    -------------------

                         (clock clk rise edge)        0.000     0.000 r  
                                                      0.000     0.000 r  clk (IN)
                         net (fo=6044, unset)         0.973     0.973    u_snapshot/u_qrs_maf/pre_strong_time_fifo_reg_0_63_6_6/WCLK
    SLICE_X12Y47         RAMD64E                                      r  u_snapshot/u_qrs_maf/pre_strong_time_fifo_reg_0_63_6_6/SP/CLK
                         clock pessimism              0.000     0.973    
    SLICE_X12Y47         RAMD64E (Hold_ramd64e_CLK_WADR0)
                                                      0.694     1.667    u_snapshot/u_qrs_maf/pre_strong_time_fifo_reg_0_63_6_6/SP
  -------------------------------------------------------------------
                         required time                         -1.667    
                         arrival time                           1.768    
  -------------------------------------------------------------------
                         slack                                  0.101    




