Copyright 1986-2020 Xilinx, Inc. All Rights Reserved.
------------------------------------------------------------------------------------------------------------------------------------------------------------------------
| Tool Version : Vivado v.2020.2 (win64) Build 3064766 Wed Nov 18 09:12:45 MST 2020
| Date         : Sun Jul  5 23:26:39 2026
| Host         : DESKTOP-F81OJT8 running 64-bit major release  (build 9200)
| Command      : report_clock_interaction -file {<LOCAL_DIGITAL_REPOSITORY>/results/board_replay/microblaze_full_replay/reports/system_clock_interaction.rpt}
| Design       : snn_ecg_mb_full_replay_wrapper
| Device       : 7a100t-csg324
| Speed File   : -1  PRODUCTION 1.23 2018-06-13
------------------------------------------------------------------------------------------------------------------------------------------------------------------------

Clock Interaction Report

Clock Interaction Table
-----------------------

                                                                                                                                                    WNS                            TNS Failing  TNS Total    WNS Path         Clock-Pair           Inter-Clock
From Clock                                                                To Clock                                                                  Clock Edges  WNS(ns)  TNS(ns)    Endpoints    Endpoints  Requirement(ns)  Classification       Constraints
------------------------------------------------------------------------  ------------------------------------------------------------------------  -----------  -------  -------  -----------  -----------  ---------------  -------------------  -------------------
snn_ecg_mb_full_replay_i/mdm_1/U0/Use_E2.BSCAN_I/Use_E2.BSCANE2_I/DRCK    snn_ecg_mb_full_replay_i/mdm_1/U0/Use_E2.BSCAN_I/Use_E2.BSCANE2_I/DRCK    rise - fall    13.10     0.00            0          222            16.67  Clean                Timed
snn_ecg_mb_full_replay_i/mdm_1/U0/Use_E2.BSCAN_I/Use_E2.BSCANE2_I/DRCK    snn_ecg_mb_full_replay_i/mdm_1/U0/Use_E2.BSCAN_I/Use_E2.BSCANE2_I/UPDATE                                           0           46                   Ignored              Exclusive Groups
snn_ecg_mb_full_replay_i/mdm_1/U0/Use_E2.BSCAN_I/Use_E2.BSCANE2_I/DRCK    sys_clk_pin                                                                                                        0           92                   Ignored              Asynchronous Groups
snn_ecg_mb_full_replay_i/mdm_1/U0/Use_E2.BSCAN_I/Use_E2.BSCANE2_I/UPDATE  snn_ecg_mb_full_replay_i/mdm_1/U0/Use_E2.BSCAN_I/Use_E2.BSCANE2_I/DRCK                                             0           82                   Ignored              Exclusive Groups
snn_ecg_mb_full_replay_i/mdm_1/U0/Use_E2.BSCAN_I/Use_E2.BSCANE2_I/UPDATE  snn_ecg_mb_full_replay_i/mdm_1/U0/Use_E2.BSCAN_I/Use_E2.BSCANE2_I/UPDATE  fall - rise     9.89     0.00            0           47            16.67  Clean                Timed
snn_ecg_mb_full_replay_i/mdm_1/U0/Use_E2.BSCAN_I/Use_E2.BSCANE2_I/UPDATE  sys_clk_pin                                                                                                        0           18                   Ignored              Asynchronous Groups
sys_clk_pin                                                               snn_ecg_mb_full_replay_i/mdm_1/U0/Use_E2.BSCAN_I/Use_E2.BSCANE2_I/DRCK                                             0           46                   Ignored              Asynchronous Groups
sys_clk_pin                                                               snn_ecg_mb_full_replay_i/mdm_1/U0/Use_E2.BSCAN_I/Use_E2.BSCANE2_I/UPDATE                                           0            6                   Ignored              Asynchronous Groups
sys_clk_pin                                                               sys_clk_pin                                                               rise - rise     0.10     0.00            0        23872            10.00  Clean                Partial False Path
