Copyright 1986-2020 Xilinx, Inc. All Rights Reserved.
------------------------------------------------------------------------------------
| Tool Version : Vivado v.2020.2 (win64) Build 3064766 Wed Nov 18 09:12:45 MST 2020
| Date         : Sun Jul  5 23:26:52 2026
| Host         : DESKTOP-F81OJT8 running 64-bit major release  (build 9200)
| Command      : report_ip_status
------------------------------------------------------------------------------------

IP Status Summary

1. Project IP Status
--------------------
Your project uses 14 IP. Some of these IP may have undergone changes in this release of the software. Please review the recommended actions.

More information on the Xilinx versioning policy is available at www.xilinx.com.

Project IP Instances
+----------------------------------------------------+------------+---------------------+-----------+--------------------+---------+---------------+------------+----------------------+
| Instance Name                                      | Status     | Recommendation      | Change    | IP Name            | IP      | New Version   | New        | Original Part        |
|                                                    |            |                     | Log       |                    | Version |               | License    |                      |
+----------------------------------------------------+------------+---------------------+-----------+--------------------+---------+---------------+------------+----------------------+
| snn_ecg_mb_full_replay_axi_intc_0_0                | Up-to-date | No changes required |  *(1)     | AXI Interrupt      | 4.1     | 4.1 (Rev. 15) | Included   | xc7a100tcsg324-1     |
|                                                    |            |                     |           | Controller         | (Rev.   |               |            |                      |
|                                                    |            |                     |           |                    | 15)     |               |            |                      |
+----------------------------------------------------+------------+---------------------+-----------+--------------------+---------+---------------+------------+----------------------+
| snn_ecg_mb_full_replay_axi_interconnect_0_0        | Up-to-date | No changes required |  *(2)     | AXI Interconnect   | 2.1     | 2.1 (Rev. 23) | Included   | xc7a100tcsg324-1     |
|                                                    |            |                     |           |                    | (Rev.   |               |            |                      |
|                                                    |            |                     |           |                    | 23)     |               |            |                      |
+----------------------------------------------------+------------+---------------------+-----------+--------------------+---------+---------------+------------+----------------------+
| snn_ecg_mb_full_replay_axi_uartlite_0_0            | Up-to-date | No changes required |  *(3)     | AXI Uartlite       | 2.0     | 2.0 (Rev. 26) | Included   | xc7a100tcsg324-1     |
|                                                    |            |                     |           |                    | (Rev.   |               |            |                      |
|                                                    |            |                     |           |                    | 26)     |               |            |                      |
+----------------------------------------------------+------------+---------------------+-----------+--------------------+---------+---------------+------------+----------------------+
| snn_ecg_mb_full_replay_dlmb_bram_if_cntlr_0        | Up-to-date | No changes required |  *(4)     | LMB BRAM           | 4.0     | 4.0 (Rev. 19) | Included   | xc7a100tcsg324-1     |
|                                                    |            |                     |           | Controller         | (Rev.   |               |            |                      |
|                                                    |            |                     |           |                    | 19)     |               |            |                      |
+----------------------------------------------------+------------+---------------------+-----------+--------------------+---------+---------------+------------+----------------------+
| snn_ecg_mb_full_replay_dlmb_v10_0                  | Up-to-date | No changes required |  *(5)     | Local Memory Bus   | 3.0     | 3.0 (Rev. 11) | Included   | xc7a100tcsg324-1     |
|                                                    |            |                     |           | (LMB) 1.0          | (Rev.   |               |            |                      |
|                                                    |            |                     |           |                    | 11)     |               |            |                      |
+----------------------------------------------------+------------+---------------------+-----------+--------------------+---------+---------------+------------+----------------------+
| snn_ecg_mb_full_replay_ilmb_bram_if_cntlr_0        | Up-to-date | No changes required |  *(6)     | LMB BRAM           | 4.0     | 4.0 (Rev. 19) | Included   | xc7a100tcsg324-1     |
|                                                    |            |                     |           | Controller         | (Rev.   |               |            |                      |
|                                                    |            |                     |           |                    | 19)     |               |            |                      |
+----------------------------------------------------+------------+---------------------+-----------+--------------------+---------+---------------+------------+----------------------+
| snn_ecg_mb_full_replay_ilmb_v10_0                  | Up-to-date | No changes required |  *(7)     | Local Memory Bus   | 3.0     | 3.0 (Rev. 11) | Included   | xc7a100tcsg324-1     |
|                                                    |            |                     |           | (LMB) 1.0          | (Rev.   |               |            |                      |
|                                                    |            |                     |           |                    | 11)     |               |            |                      |
+----------------------------------------------------+------------+---------------------+-----------+--------------------+---------+---------------+------------+----------------------+
| snn_ecg_mb_full_replay_lmb_bram_0                  | Up-to-date | No changes required |  *(8)     | Block Memory       | 8.4     | 8.4 (Rev. 4)  | Included   | xc7a100tcsg324-1     |
|                                                    |            |                     |           | Generator          | (Rev.   |               |            |                      |
|                                                    |            |                     |           |                    | 4)      |               |            |                      |
+----------------------------------------------------+------------+---------------------+-----------+--------------------+---------+---------------+------------+----------------------+
| snn_ecg_mb_full_replay_mdm_1_0                     | Up-to-date | No changes required |  *(9)     | MicroBlaze Debug   | 3.2     | 3.2 (Rev. 19) | Included   | xc7a100tcsg324-1     |
|                                                    |            |                     |           | Module (MDM)       | (Rev.   |               |            |                      |
|                                                    |            |                     |           |                    | 19)     |               |            |                      |
+----------------------------------------------------+------------+---------------------+-----------+--------------------+---------+---------------+------------+----------------------+
| snn_ecg_mb_full_replay_microblaze_0_0              | Up-to-date | No changes required |  *(10)    | MicroBlaze         | 11.0    | 11.0 (Rev. 4) | Included   | xc7a100tcsg324-1     |
|                                                    |            |                     |           |                    | (Rev.   |               |            |                      |
|                                                    |            |                     |           |                    | 4)      |               |            |                      |
+----------------------------------------------------+------------+---------------------+-----------+--------------------+---------+---------------+------------+----------------------+
| snn_ecg_mb_full_replay_rst_CLK100MHZ_100M_0        | Up-to-date | No changes required |  *(11)    | Processor System   | 5.0     | 5.0 (Rev. 13) | Included   | xc7a100tcsg324-1     |
|                                                    |            |                     |           | Reset              | (Rev.   |               |            |                      |
|                                                    |            |                     |           |                    | 13)     |               |            |                      |
+----------------------------------------------------+------------+---------------------+-----------+--------------------+---------+---------------+------------+----------------------+
| snn_ecg_mb_full_replay_sample_feeder_0_0           | Up-to-date | No changes required | Change    | AXI-Lite AXIS      | 1.0     | 1.0 (Rev. 1)  | Included   | xc7a100tcsg324-1     |
|                                                    |            |                     | Log not   | Sample Feeder      | (Rev.   |               |            |                      |
|                                                    |            |                     | available |                    | 1)      |               |            |                      |
+----------------------------------------------------+------------+---------------------+-----------+--------------------+---------+---------------+------------+----------------------+
| snn_ecg_mb_full_replay_snn_ecg_axi_accelerator_0_0 | Up-to-date | No changes required | Change    | Long-Window ECG    | 1.0     | 1.0 (Rev. 1)  | Included   | xc7a100tcsg324-1     |
|                                                    |            |                     | Log not   | 4-Class AXI        | (Rev.   |               |            |                      |
|                                                    |            |                     | available | Accelerator        | 1)      |               |            |                      |
+----------------------------------------------------+------------+---------------------+-----------+--------------------+---------+---------------+------------+----------------------+
| snn_ecg_mb_full_replay_xlconcat_0_0                | Up-to-date | No changes required |  *(12)    | Concat             | 2.1     | 2.1 (Rev. 4)  | Included   | xc7a100tcsg324-1     |
|                                                    |            |                     |           |                    | (Rev.   |               |            |                      |
|                                                    |            |                     |           |                    | 4)      |               |            |                      |
+----------------------------------------------------+------------+---------------------+-----------+--------------------+---------+---------------+------------+----------------------+
*(1) c:/Xilinx/Vivado/2020.2/data/ip/xilinx/axi_intc_v4_1/doc/axi_intc_v4_1_changelog.txt
*(2) c:/Xilinx/Vivado/2020.2/data/ip/xilinx/axi_interconnect_v2_1/doc/axi_interconnect_v2_1_changelog.txt
*(3) c:/Xilinx/Vivado/2020.2/data/ip/xilinx/axi_uartlite_v2_0/doc/axi_uartlite_v2_0_changelog.txt
*(4) c:/Xilinx/Vivado/2020.2/data/ip/xilinx/lmb_bram_if_cntlr_v4_0/doc/lmb_bram_if_cntlr_v4_0_changelog.txt
*(5) c:/Xilinx/Vivado/2020.2/data/ip/xilinx/lmb_v10_v3_0/doc/lmb_v10_v3_0_changelog.txt
*(6) c:/Xilinx/Vivado/2020.2/data/ip/xilinx/lmb_bram_if_cntlr_v4_0/doc/lmb_bram_if_cntlr_v4_0_changelog.txt
*(7) c:/Xilinx/Vivado/2020.2/data/ip/xilinx/lmb_v10_v3_0/doc/lmb_v10_v3_0_changelog.txt
*(8) c:/Xilinx/Vivado/2020.2/data/ip/xilinx/blk_mem_gen_v8_4/doc/blk_mem_gen_v8_4_changelog.txt
*(9) c:/Xilinx/Vivado/2020.2/data/ip/xilinx/mdm_v3_2/doc/mdm_v3_2_changelog.txt
*(10) c:/Xilinx/Vivado/2020.2/data/ip/xilinx/microblaze_v11_0/doc/microblaze_v11_0_changelog.txt
*(11) c:/Xilinx/Vivado/2020.2/data/ip/xilinx/proc_sys_reset_v5_0/doc/proc_sys_reset_v5_0_changelog.txt
*(12) c:/Xilinx/Vivado/2020.2/data/ip/xilinx/xlconcat_v2_1/doc/xlconcat_v2_1_changelog.txt
