Copyright 1986-2020 Xilinx, Inc. All Rights Reserved.
--------------------------------------------------------------------------------------------------------------------------------------------------------------------------------------------
| Tool Version : Vivado v.2020.2 (win64) Build 3064766 Wed Nov 18 09:12:45 MST 2020
| Date         : Sun Jul  5 20:24:21 2026
| Host         : DESKTOP-F81OJT8 running 64-bit major release  (build 9200)
| Command      : report_utilization -hierarchical -file {C:/Users/YangGeon/SNN ECG Classifier/results/final_membrane_v2_snn/vivado_snn_ecg_v2/reports/snn_ecg_v2_impl_utilization_hier.rpt}
| Design       : snn_ecg_v2_nexys_a7_top
| Device       : 7a100tcsg324-1
| Design State : Routed
--------------------------------------------------------------------------------------------------------------------------------------------------------------------------------------------

Utilization Design Information

Table of Contents
-----------------
1. Utilization by Hierarchy

1. Utilization by Hierarchy
---------------------------

+-----------------------------+----------------------------+------------+------------+---------+------+------+--------+--------+------------+
|           Instance          |           Module           | Total LUTs | Logic LUTs | LUTRAMs | SRLs |  FFs | RAMB36 | RAMB18 | DSP Blocks |
+-----------------------------+----------------------------+------------+------------+---------+------+------+--------+--------+------------+
| snn_ecg_v2_nexys_a7_top     |                      (top) |       9719 |       9655 |      24 |   40 | 5038 |      0 |      0 |          0 |
|   (snn_ecg_v2_nexys_a7_top) |                      (top) |        505 |        505 |       0 |    0 |   31 |      0 |      0 |          0 |
|   u_dut                     |    snn_ecg_30min_final_top |       9273 |       9209 |      24 |   40 | 5007 |      0 |      0 |          0 |
|     (u_dut)                 |    snn_ecg_30min_final_top |        148 |        148 |       0 |    0 |  473 |      0 |      0 |          0 |
|     u_final                 |       final_membrane_layer |       1458 |       1458 |       0 |    0 |  979 |      0 |      0 |          0 |
|     u_snapshot              |          snn_ecg_3feat_top |       7668 |       7604 |      24 |   40 | 3555 |      0 |      0 |          0 |
|       (u_snapshot)          |          snn_ecg_3feat_top |          0 |          0 |       0 |    0 |    2 |      0 |      0 |          0 |
|       u_class               |        class_score_neurons |       5785 |       5785 |       0 |    0 | 2691 |      0 |      0 |          0 |
|       u_dscr                |         dscr_spike_counter |        165 |        165 |       0 |    0 |   29 |      0 |      0 |          0 |
|       u_ectopic             |        ectopic_pair_neuron |         62 |         62 |       0 |    0 |   16 |      0 |      0 |          0 |
|       u_event_encoder       | ecg_event_encoder_adaptive |        319 |        319 |       0 |    0 |  237 |      0 |      0 |          0 |
|       u_pnn                 |       pnn_rhythm_predictor |        330 |        330 |       0 |    0 |   77 |      0 |      0 |          0 |
|       u_qrs_detector        |           qrs_lif_detector |         40 |         40 |       0 |    0 |   21 |      0 |      0 |          0 |
|       u_qrs_maf             |             qrs_maf_neuron |        506 |        442 |      24 |   40 |  349 |      0 |      0 |          0 |
|       u_ram                 |       ram_peak_accumulator |        162 |        162 |       0 |    0 |   24 |      0 |      0 |          0 |
|       u_rbbb_qrs_delay      |        rbbb_qrs_delay_bank |        178 |        178 |       0 |    0 |   87 |      0 |      0 |          0 |
|       u_rdm                 |     rdm_variability_neuron |        227 |        227 |       0 |    0 |   22 |      0 |      0 |          0 |
+-----------------------------+----------------------------+------------+------------+---------+------+------+--------+--------+------------+
* Note: The sum of lower-level cells may be larger than their parent cells total, due to cross-hierarchy LUT combining
