Copyright 1986-2020 Xilinx, Inc. All Rights Reserved.
---------------------------------------------------------------------------------------------------------------------------------------------------------------------------------------------
| Tool Version : Vivado v.2020.2 (win64) Build 3064766 Wed Nov 18 09:12:45 MST 2020
| Date         : Sun Jul  5 20:22:21 2026
| Host         : DESKTOP-F81OJT8 running 64-bit major release  (build 9200)
| Command      : report_utilization -hierarchical -file {C:/Users/YangGeon/SNN ECG Classifier/results/final_membrane_v2_snn/vivado_snn_ecg_v2/reports/snn_ecg_v2_synth_utilization_hier.rpt}
| Design       : snn_ecg_v2_nexys_a7_top
| Device       : 7a100tcsg324-1
| Design State : Synthesized
---------------------------------------------------------------------------------------------------------------------------------------------------------------------------------------------

Utilization Design Information

Table of Contents
-----------------
1. Utilization by Hierarchy

1. Utilization by Hierarchy
---------------------------

+-----------------------------+----------------------------+------------+------------+---------+------+------+--------+--------+------------+
|           Instance          |           Module           | Total LUTs | Logic LUTs | LUTRAMs | SRLs |  FFs | RAMB36 | RAMB18 | DSP Blocks |
+-----------------------------+----------------------------+------------+------------+---------+------+------+--------+--------+------------+
| snn_ecg_v2_nexys_a7_top     |                      (top) |       9882 |       9818 |      24 |   40 | 5037 |      0 |      0 |          0 |
|   (snn_ecg_v2_nexys_a7_top) |                      (top) |        511 |        511 |       0 |    0 |   30 |      0 |      0 |          0 |
|   u_dut                     |    snn_ecg_30min_final_top |       9426 |       9362 |      24 |   40 | 5007 |      0 |      0 |          0 |
|     (u_dut)                 |    snn_ecg_30min_final_top |        149 |        149 |       0 |    0 |  473 |      0 |      0 |          0 |
|     u_final                 |       final_membrane_layer |       1509 |       1509 |       0 |    0 |  979 |      0 |      0 |          0 |
|     u_snapshot              |          snn_ecg_3feat_top |       7768 |       7704 |      24 |   40 | 3555 |      0 |      0 |          0 |
|       (u_snapshot)          |          snn_ecg_3feat_top |          0 |          0 |       0 |    0 |    2 |      0 |      0 |          0 |
|       u_class               |        class_score_neurons |       5819 |       5819 |       0 |    0 | 2691 |      0 |      0 |          0 |
|       u_dscr                |         dscr_spike_counter |        166 |        166 |       0 |    0 |   29 |      0 |      0 |          0 |
|       u_ectopic             |        ectopic_pair_neuron |         62 |         62 |       0 |    0 |   16 |      0 |      0 |          0 |
|       u_event_encoder       | ecg_event_encoder_adaptive |        323 |        323 |       0 |    0 |  237 |      0 |      0 |          0 |
|       u_pnn                 |       pnn_rhythm_predictor |        331 |        331 |       0 |    0 |   77 |      0 |      0 |          0 |
|       u_qrs_detector        |           qrs_lif_detector |         44 |         44 |       0 |    0 |   21 |      0 |      0 |          0 |
|       u_qrs_maf             |             qrs_maf_neuron |        513 |        449 |      24 |   40 |  349 |      0 |      0 |          0 |
|       u_ram                 |       ram_peak_accumulator |        196 |        196 |       0 |    0 |   24 |      0 |      0 |          0 |
|       u_rbbb_qrs_delay      |        rbbb_qrs_delay_bank |        181 |        181 |       0 |    0 |   87 |      0 |      0 |          0 |
|       u_rdm                 |     rdm_variability_neuron |        228 |        228 |       0 |    0 |   22 |      0 |      0 |          0 |
+-----------------------------+----------------------------+------------+------------+---------+------+------+--------+--------+------------+
