Copyright 1986-2020 Xilinx, Inc. All Rights Reserved.
--------------------------------------------------------------------------------------------------------------------------------------------------------------------------
| Tool Version : Vivado v.2020.2 (win64) Build 3064766 Wed Nov 18 09:12:45 MST 2020
| Date         : Sun Jul  5 20:24:23 2026
| Host         : DESKTOP-F81OJT8 running 64-bit major release  (build 9200)
| Command      : report_timing_summary -file {C:/Users/YangGeon/SNN ECG Classifier/results/final_membrane_v2_snn/vivado_snn_ecg_v2/reports/snn_ecg_v2_timing_summary.rpt}
| Design       : snn_ecg_v2_nexys_a7_top
| Device       : 7a100t-csg324
| Speed File   : -1  PRODUCTION 1.23 2018-06-13
--------------------------------------------------------------------------------------------------------------------------------------------------------------------------

Timing Summary Report

------------------------------------------------------------------------------------------------
| Timer Settings
| --------------
------------------------------------------------------------------------------------------------

  Enable Multi Corner Analysis               :  Yes
  Enable Pessimism Removal                   :  Yes
  Pessimism Removal Resolution               :  Nearest Common Node
  Enable Input Delay Default Clock           :  No
  Enable Preset / Clear Arcs                 :  No
  Disable Flight Delays                      :  No
  Ignore I/O Paths                           :  No
  Timing Early Launch at Borrowing Latches   :  No
  Borrow Time for Max Delay Exceptions       :  Yes
  Merge Timing Exceptions                    :  Yes

  Corner  Analyze    Analyze
  Name    Max Paths  Min Paths
  ------  ---------  ---------
  Slow    Yes        Yes
  Fast    Yes        Yes



check_timing report

Table of Contents
-----------------
1. checking no_clock (0)
2. checking constant_clock (0)
3. checking pulse_width_clock (0)
4. checking unconstrained_internal_endpoints (0)
5. checking no_input_delay (2)
6. checking no_output_delay (16)
7. checking multiple_clock (0)
8. checking generated_clocks (0)
9. checking loops (0)
10. checking partial_input_delay (0)
11. checking partial_output_delay (0)
12. checking latch_loops (0)

1. checking no_clock (0)
------------------------
 There are 0 register/latch pins with no clock.


2. checking constant_clock (0)
------------------------------
 There are 0 register/latch pins with constant_clock.


3. checking pulse_width_clock (0)
---------------------------------
 There are 0 register/latch pins which need pulse_width check


4. checking unconstrained_internal_endpoints (0)
------------------------------------------------
 There are 0 pins that are not constrained for maximum delay.

 There are 0 pins that are not constrained for maximum delay due to constant clock.


5. checking no_input_delay (2)
------------------------------
 There are 2 input ports with no input delay specified. (HIGH)

 There are 0 input ports with no input delay but user has a false path constraint.


6. checking no_output_delay (16)
--------------------------------
 There are 16 ports with no output delay specified. (HIGH)

 There are 0 ports with no output delay but user has a false path constraint

 There are 0 ports with no output delay but with a timing clock defined on it or propagating through it


7. checking multiple_clock (0)
------------------------------
 There are 0 register/latch pins with multiple clocks.


8. checking generated_clocks (0)
--------------------------------
 There are 0 generated clocks that are not connected to a clock source.


9. checking loops (0)
---------------------
 There are 0 combinational loops in the design.


10. checking partial_input_delay (0)
------------------------------------
 There are 0 input ports with partial input delay specified.


11. checking partial_output_delay (0)
-------------------------------------
 There are 0 ports with partial output delay specified.


12. checking latch_loops (0)
----------------------------
 There are 0 combinational latch loops in the design through latch input



------------------------------------------------------------------------------------------------
| Design Timing Summary
| ---------------------
------------------------------------------------------------------------------------------------

    WNS(ns)      TNS(ns)  TNS Failing Endpoints  TNS Total Endpoints      WHS(ns)      THS(ns)  THS Failing Endpoints  THS Total Endpoints     WPWS(ns)     TPWS(ns)  TPWS Failing Endpoints  TPWS Total Endpoints
    -------      -------  ---------------------  -------------------      -------      -------  ---------------------  -------------------     --------     --------  ----------------------  --------------------
      8.184        0.000                      0                13108        0.039        0.000                      0                13108        4.500        0.000                       0                  5103


All user specified timing constraints are met.


------------------------------------------------------------------------------------------------
| Clock Summary
| -------------
------------------------------------------------------------------------------------------------

Clock            Waveform(ns)         Period(ns)      Frequency(MHz)
-----            ------------         ----------      --------------
sys_clk_pin      {0.000 5.000}        10.000          100.000
  core_clk_1mhz  {0.000 500.000}      1000.000        1.000


------------------------------------------------------------------------------------------------
| Intra Clock Table
| -----------------
------------------------------------------------------------------------------------------------

Clock                WNS(ns)      TNS(ns)  TNS Failing Endpoints  TNS Total Endpoints      WHS(ns)      THS(ns)  THS Failing Endpoints  THS Total Endpoints     WPWS(ns)     TPWS(ns)  TPWS Failing Endpoints  TPWS Total Endpoints
-----                -------      -------  ---------------------  -------------------      -------      -------  ---------------------  -------------------     --------     --------  ----------------------  --------------------
sys_clk_pin            8.184        0.000                      0                   15        0.157        0.000                      0                   15        4.500        0.000                       0                    10
  core_clk_1mhz      981.881        0.000                      0                13093        0.039        0.000                      0                13093      498.750        0.000                       0                  5093


------------------------------------------------------------------------------------------------
| Inter Clock Table
| -----------------
------------------------------------------------------------------------------------------------

From Clock    To Clock          WNS(ns)      TNS(ns)  TNS Failing Endpoints  TNS Total Endpoints      WHS(ns)      THS(ns)  THS Failing Endpoints  THS Total Endpoints
----------    --------          -------      -------  ---------------------  -------------------      -------      -------  ---------------------  -------------------


------------------------------------------------------------------------------------------------
| Other Path Groups Table
| -----------------------
------------------------------------------------------------------------------------------------

Path Group    From Clock    To Clock          WNS(ns)      TNS(ns)  TNS Failing Endpoints  TNS Total Endpoints      WHS(ns)      THS(ns)  THS Failing Endpoints  THS Total Endpoints
----------    ----------    --------          -------      -------  ---------------------  -------------------      -------      -------  ---------------------  -------------------


------------------------------------------------------------------------------------------------
| Timing Details
| --------------
------------------------------------------------------------------------------------------------


---------------------------------------------------------------------------------------------------
From Clock:  sys_clk_pin
  To Clock:  sys_clk_pin

Setup :            0  Failing Endpoints,  Worst Slack        8.184ns,  Total Violation        0.000ns
Hold  :            0  Failing Endpoints,  Worst Slack        0.157ns,  Total Violation        0.000ns
PW    :            0  Failing Endpoints,  Worst Slack        4.500ns,  Total Violation        0.000ns
---------------------------------------------------------------------------------------------------


Max Delay Paths
--------------------------------------------------------------------------------------
Slack (MET) :             8.184ns  (required time - arrival time)
  Source:                 rst_sync_100_reg[0]/C
                            (rising edge-triggered cell FDRE clocked by sys_clk_pin  {rise@0.000ns fall@5.000ns period=10.000ns})
  Destination:            rst_sync_100_reg[1]/D
                            (rising edge-triggered cell FDRE clocked by sys_clk_pin  {rise@0.000ns fall@5.000ns period=10.000ns})
  Path Group:             sys_clk_pin
  Path Type:              Setup (Max at Slow Process Corner)
  Requirement:            10.000ns  (sys_clk_pin rise@10.000ns - sys_clk_pin rise@0.000ns)
  Data Path Delay:        1.498ns  (logic 0.606ns (40.454%)  route 0.892ns (59.546%))
  Logic Levels:           1  (LUT2=1)
  Clock Path Skew:        0.000ns (DCD - SCD + CPR)
    Destination Clock Delay (DCD):    4.941ns = ( 14.941 - 10.000 )
    Source Clock Delay      (SCD):    5.242ns
    Clock Pessimism Removal (CPR):    0.301ns
  Clock Uncertainty:      0.035ns  ((TSJ^2 + TIJ^2)^1/2 + DJ) / 2 + PE
    Total System Jitter     (TSJ):    0.071ns
    Total Input Jitter      (TIJ):    0.000ns
    Discrete Jitter          (DJ):    0.000ns
    Phase Error              (PE):    0.000ns

    Location             Delay type                Incr(ns)  Path(ns)    Netlist Resource(s)
  -------------------------------------------------------------------    -------------------
                         (clock sys_clk_pin rise edge)
                                                      0.000     0.000 r
    E3                                                0.000     0.000 r  CLK100MHZ (IN)
                         net (fo=0)                   0.000     0.000    CLK100MHZ
    E3                   IBUF (Prop_ibuf_I_O)         1.482     1.482 r  CLK100MHZ_IBUF_inst/O
                         net (fo=1, routed)           2.025     3.506    CLK100MHZ_IBUF
    BUFGCTRL_X0Y16       BUFG (Prop_bufg_I_O)         0.096     3.602 r  CLK100MHZ_IBUF_BUFG_inst/O
                         net (fo=9, routed)           1.639     5.242    CLK100MHZ_IBUF_BUFG
    SLICE_X40Y95         FDRE                                         r  rst_sync_100_reg[0]/C
  -------------------------------------------------------------------    -------------------
    SLICE_X40Y95         FDRE (Prop_fdre_C_Q)         0.456     5.698 r  rst_sync_100_reg[0]/Q
                         net (fo=1, routed)           0.510     6.207    rst_sync_100_reg_n_0_[0]
    SLICE_X40Y95         LUT2 (Prop_lut2_I0_O)        0.150     6.357 r  rst_sync_100[1]_i_1/O
                         net (fo=1, routed)           0.382     6.740    rst_sync_100[1]_i_1_n_0
    SLICE_X40Y95         FDRE                                         r  rst_sync_100_reg[1]/D
  -------------------------------------------------------------------    -------------------

                         (clock sys_clk_pin rise edge)
                                                     10.000    10.000 r
    E3                                                0.000    10.000 r  CLK100MHZ (IN)
                         net (fo=0)                   0.000    10.000    CLK100MHZ
    E3                   IBUF (Prop_ibuf_I_O)         1.411    11.411 r  CLK100MHZ_IBUF_inst/O
                         net (fo=1, routed)           1.920    13.331    CLK100MHZ_IBUF
    BUFGCTRL_X0Y16       BUFG (Prop_bufg_I_O)         0.091    13.422 r  CLK100MHZ_IBUF_BUFG_inst/O
                         net (fo=9, routed)           1.518    14.941    CLK100MHZ_IBUF_BUFG
    SLICE_X40Y95         FDRE                                         r  rst_sync_100_reg[1]/C
                         clock pessimism              0.301    15.242
                         clock uncertainty           -0.035    15.206
    SLICE_X40Y95         FDRE (Setup_fdre_C_D)       -0.283    14.923    rst_sync_100_reg[1]
  -------------------------------------------------------------------
                         required time                         14.923
                         arrival time                          -6.740
  -------------------------------------------------------------------
                         slack                                  8.184





Min Delay Paths
--------------------------------------------------------------------------------------
Slack (MET) :             0.157ns  (arrival time - required time)
  Source:                 core_div_reg[4]/C
                            (rising edge-triggered cell FDRE clocked by sys_clk_pin  {rise@0.000ns fall@5.000ns period=10.000ns})
  Destination:            core_div_reg[5]/D
                            (rising edge-triggered cell FDRE clocked by sys_clk_pin  {rise@0.000ns fall@5.000ns period=10.000ns})
  Path Group:             sys_clk_pin
  Path Type:              Hold (Min at Fast Process Corner)
  Requirement:            0.000ns  (sys_clk_pin rise@0.000ns - sys_clk_pin rise@0.000ns)
  Data Path Delay:        0.262ns  (logic 0.186ns (70.940%)  route 0.076ns (29.060%))
  Logic Levels:           1  (LUT6=1)
  Clock Path Skew:        0.013ns (DCD - SCD - CPR)
    Destination Clock Delay (DCD):    2.002ns
    Source Clock Delay      (SCD):    1.485ns
    Clock Pessimism Removal (CPR):    0.503ns

    Location             Delay type                Incr(ns)  Path(ns)    Netlist Resource(s)
  -------------------------------------------------------------------    -------------------
                         (clock sys_clk_pin rise edge)
                                                      0.000     0.000 r
    E3                                                0.000     0.000 r  CLK100MHZ (IN)
                         net (fo=0)                   0.000     0.000    CLK100MHZ
    E3                   IBUF (Prop_ibuf_I_O)         0.250     0.250 r  CLK100MHZ_IBUF_inst/O
                         net (fo=1, routed)           0.644     0.894    CLK100MHZ_IBUF
    BUFGCTRL_X0Y16       BUFG (Prop_bufg_I_O)         0.026     0.920 r  CLK100MHZ_IBUF_BUFG_inst/O
                         net (fo=9, routed)           0.566     1.485    CLK100MHZ_IBUF_BUFG
    SLICE_X48Y95         FDRE                                         r  core_div_reg[4]/C
  -------------------------------------------------------------------    -------------------
    SLICE_X48Y95         FDRE (Prop_fdre_C_Q)         0.141     1.626 r  core_div_reg[4]/Q
                         net (fo=4, routed)           0.076     1.703    core_div_reg_n_0_[4]
    SLICE_X49Y95         LUT6 (Prop_lut6_I4_O)        0.045     1.748 r  core_div[5]_i_1/O
                         net (fo=1, routed)           0.000     1.748    core_div[5]
    SLICE_X49Y95         FDRE                                         r  core_div_reg[5]/D
  -------------------------------------------------------------------    -------------------

                         (clock sys_clk_pin rise edge)
                                                      0.000     0.000 r
    E3                                                0.000     0.000 r  CLK100MHZ (IN)
                         net (fo=0)                   0.000     0.000    CLK100MHZ
    E3                   IBUF (Prop_ibuf_I_O)         0.438     0.438 r  CLK100MHZ_IBUF_inst/O
                         net (fo=1, routed)           0.699     1.136    CLK100MHZ_IBUF
    BUFGCTRL_X0Y16       BUFG (Prop_bufg_I_O)         0.029     1.165 r  CLK100MHZ_IBUF_BUFG_inst/O
                         net (fo=9, routed)           0.837     2.002    CLK100MHZ_IBUF_BUFG
    SLICE_X49Y95         FDRE                                         r  core_div_reg[5]/C
                         clock pessimism             -0.503     1.498
    SLICE_X49Y95         FDRE (Hold_fdre_C_D)         0.092     1.590    core_div_reg[5]
  -------------------------------------------------------------------
                         required time                         -1.590
                         arrival time                           1.748
  -------------------------------------------------------------------
                         slack                                  0.157





Pulse Width Checks
--------------------------------------------------------------------------------------
Clock Name:         sys_clk_pin
Waveform(ns):       { 0.000 5.000 }
Period(ns):         10.000
Sources:            { CLK100MHZ }

Check Type        Corner  Lib Pin  Reference Pin  Required(ns)  Actual(ns)  Slack(ns)  Location        Pin
Min Period        n/a     BUFG/I   n/a            2.155         10.000      7.845      BUFGCTRL_X0Y16  CLK100MHZ_IBUF_BUFG_inst/I
Low Pulse Width   Fast    FDRE/C   n/a            0.500         5.000       4.500      SLICE_X40Y95    rst_sync_100_reg[0]/C
High Pulse Width  Slow    FDRE/C   n/a            0.500         5.000       4.500      SLICE_X49Y95    core_clk_raw_reg/C



---------------------------------------------------------------------------------------------------
From Clock:  core_clk_1mhz
  To Clock:  core_clk_1mhz

Setup :            0  Failing Endpoints,  Worst Slack      981.881ns,  Total Violation        0.000ns
Hold  :            0  Failing Endpoints,  Worst Slack        0.039ns,  Total Violation        0.000ns
PW    :            0  Failing Endpoints,  Worst Slack      498.750ns,  Total Violation        0.000ns
---------------------------------------------------------------------------------------------------


Max Delay Paths
--------------------------------------------------------------------------------------
Slack (MET) :             981.881ns  (required time - arrival time)
  Source:                 rst_sync_core_reg[1]/C
                            (rising edge-triggered cell FDRE clocked by core_clk_1mhz  {rise@0.000ns fall@500.000ns period=1000.000ns})
  Destination:            u_dut/u_snapshot/u_class/c24_event_delta_nsr_reg_reg[0]/R
                            (rising edge-triggered cell FDRE clocked by core_clk_1mhz  {rise@0.000ns fall@500.000ns period=1000.000ns})
  Path Group:             core_clk_1mhz
  Path Type:              Setup (Max at Slow Process Corner)
  Requirement:            1000.000ns  (core_clk_1mhz rise@1000.000ns - core_clk_1mhz rise@0.000ns)
  Data Path Delay:        17.705ns  (logic 0.828ns (4.677%)  route 16.877ns (95.323%))
  Logic Levels:           3  (LUT2=2 LUT5=1)
  Clock Path Skew:        0.051ns (DCD - SCD + CPR)
    Destination Clock Delay (DCD):    7.721ns = ( 1007.721 - 1000.000 )
    Source Clock Delay      (SCD):    8.155ns
    Clock Pessimism Removal (CPR):    0.485ns
  Clock Uncertainty:      0.035ns  ((TSJ^2 + TIJ^2)^1/2 + DJ) / 2 + PE
    Total System Jitter     (TSJ):    0.071ns
    Total Input Jitter      (TIJ):    0.000ns
    Discrete Jitter          (DJ):    0.000ns
    Phase Error              (PE):    0.000ns

    Location             Delay type                Incr(ns)  Path(ns)    Netlist Resource(s)
  -------------------------------------------------------------------    -------------------
                         (clock core_clk_1mhz rise edge)
                                                      0.000     0.000 r
    E3                                                0.000     0.000 r  CLK100MHZ (IN)
                         net (fo=0)                   0.000     0.000    CLK100MHZ
    E3                   IBUF (Prop_ibuf_I_O)         1.482     1.482 r  CLK100MHZ_IBUF_inst/O
                         net (fo=1, routed)           2.025     3.506    CLK100MHZ_IBUF
    BUFGCTRL_X0Y16       BUFG (Prop_bufg_I_O)         0.096     3.602 r  CLK100MHZ_IBUF_BUFG_inst/O
                         net (fo=9, routed)           1.634     5.237    CLK100MHZ_IBUF_BUFG
    SLICE_X49Y95         FDRE (Prop_fdre_C_Q)         0.456     5.693 r  core_clk_raw_reg/Q
                         net (fo=2, routed)           0.728     6.421    core_clk_raw
    BUFGCTRL_X0Y0        BUFG (Prop_bufg_I_O)         0.096     6.517 r  u_core_clk_buf/O
                         net (fo=5093, routed)        1.638     8.155    core_clk
    SLICE_X31Y91         FDRE                                         r  rst_sync_core_reg[1]/C
  -------------------------------------------------------------------    -------------------
    SLICE_X31Y91         FDRE (Prop_fdre_C_Q)         0.456     8.611 r  rst_sync_core_reg[1]/Q
                         net (fo=80, routed)          3.961    12.572    u_dut/u_snapshot/u_event_encoder/SS[0]
    SLICE_X5Y33          LUT5 (Prop_lut5_I4_O)        0.124    12.696 r  u_dut/u_snapshot/u_event_encoder/prev_sample[11]_i_1/O
                         net (fo=274, routed)         3.593    16.290    u_dut/u_snapshot/u_class/core_rst
    SLICE_X30Y8          LUT2 (Prop_lut2_I0_O)        0.124    16.414 r  u_dut/u_snapshot/u_class/score_arr[31]_i_1/O
                         net (fo=1085, routed)        4.831    21.244    u_dut/u_snapshot/u_class/SR[0]
    SLICE_X39Y41         LUT2 (Prop_lut2_I0_O)        0.124    21.368 r  u_dut/u_snapshot/u_class/c24_event_delta_nsr_reg[63]_i_1/O
                         net (fo=256, routed)         4.492    25.860    u_dut/u_snapshot/u_class/c24_event_delta_aff_reg
    SLICE_X17Y14         FDRE                                         r  u_dut/u_snapshot/u_class/c24_event_delta_nsr_reg_reg[0]/R
  -------------------------------------------------------------------    -------------------

                         (clock core_clk_1mhz rise edge)
                                                   1000.000  1000.000 r
    E3                                                0.000  1000.000 r  CLK100MHZ (IN)
                         net (fo=0)                   0.000  1000.000    CLK100MHZ
    E3                   IBUF (Prop_ibuf_I_O)         1.411  1001.411 r  CLK100MHZ_IBUF_inst/O
                         net (fo=1, routed)           1.920  1003.331    CLK100MHZ_IBUF
    BUFGCTRL_X0Y16       BUFG (Prop_bufg_I_O)         0.091  1003.422 r  CLK100MHZ_IBUF_BUFG_inst/O
                         net (fo=9, routed)           1.513  1004.936    CLK100MHZ_IBUF_BUFG
    SLICE_X49Y95         FDRE (Prop_fdre_C_Q)         0.367  1005.303 r  core_clk_raw_reg/Q
                         net (fo=2, routed)           0.646  1005.949    core_clk_raw
    BUFGCTRL_X0Y0        BUFG (Prop_bufg_I_O)         0.091  1006.040 r  u_core_clk_buf/O
                         net (fo=5093, routed)        1.681  1007.721    u_dut/u_snapshot/u_class/core_clk
    SLICE_X17Y14         FDRE                                         r  u_dut/u_snapshot/u_class/c24_event_delta_nsr_reg_reg[0]/C
                         clock pessimism              0.485  1008.206
                         clock uncertainty           -0.035  1008.171
    SLICE_X17Y14         FDRE (Setup_fdre_C_R)       -0.429  1007.742    u_dut/u_snapshot/u_class/c24_event_delta_nsr_reg_reg[0]
  -------------------------------------------------------------------
                         required time                       1007.742
                         arrival time                         -25.860
  -------------------------------------------------------------------
                         slack                                981.881





Min Delay Paths
--------------------------------------------------------------------------------------
Slack (MET) :             0.039ns  (arrival time - required time)
  Source:                 u_dut/u_final/sum_qrs_maf_reg[19]/C
                            (rising edge-triggered cell FDRE clocked by core_clk_1mhz  {rise@0.000ns fall@500.000ns period=1000.000ns})
  Destination:            u_dut/u_final/dec_qrs_maf_reg[19]/D
                            (rising edge-triggered cell FDRE clocked by core_clk_1mhz  {rise@0.000ns fall@500.000ns period=1000.000ns})
  Path Group:             core_clk_1mhz
  Path Type:              Hold (Min at Fast Process Corner)
  Requirement:            0.000ns  (core_clk_1mhz rise@0.000ns - core_clk_1mhz rise@0.000ns)
  Data Path Delay:        0.509ns  (logic 0.250ns (49.154%)  route 0.259ns (50.846%))
  Logic Levels:           2  (CARRY4=1 LUT4=1)
  Clock Path Skew:        0.336ns (DCD - SCD - CPR)
    Destination Clock Delay (DCD):    3.443ns
    Source Clock Delay      (SCD):    2.511ns
    Clock Pessimism Removal (CPR):    0.595ns

    Location             Delay type                Incr(ns)  Path(ns)    Netlist Resource(s)
  -------------------------------------------------------------------    -------------------
                         (clock core_clk_1mhz rise edge)
                                                      0.000     0.000 r
    E3                                                0.000     0.000 r  CLK100MHZ (IN)
                         net (fo=0)                   0.000     0.000    CLK100MHZ
    E3                   IBUF (Prop_ibuf_I_O)         0.250     0.250 r  CLK100MHZ_IBUF_inst/O
                         net (fo=1, routed)           0.644     0.894    CLK100MHZ_IBUF
    BUFGCTRL_X0Y16       BUFG (Prop_bufg_I_O)         0.026     0.920 r  CLK100MHZ_IBUF_BUFG_inst/O
                         net (fo=9, routed)           0.566     1.485    CLK100MHZ_IBUF_BUFG
    SLICE_X49Y95         FDRE (Prop_fdre_C_Q)         0.141     1.626 r  core_clk_raw_reg/Q
                         net (fo=2, routed)           0.289     1.916    core_clk_raw
    BUFGCTRL_X0Y0        BUFG (Prop_bufg_I_O)         0.026     1.942 r  u_core_clk_buf/O
                         net (fo=5093, routed)        0.570     2.511    u_dut/u_final/core_clk
    SLICE_X29Y53         FDRE                                         r  u_dut/u_final/sum_qrs_maf_reg[19]/C
  -------------------------------------------------------------------    -------------------
    SLICE_X29Y53         FDRE (Prop_fdre_C_Q)         0.141     2.652 r  u_dut/u_final/sum_qrs_maf_reg[19]/Q
                         net (fo=2, routed)           0.259     2.911    u_dut/u_final/sum_qrs_maf_reg[19]
    SLICE_X30Y49         LUT4 (Prop_lut4_I3_O)        0.045     2.956 r  u_dut/u_final/dec_qrs_maf[19]_i_6/O
                         net (fo=1, routed)           0.000     2.956    u_dut/u_final/dec_qrs_maf[19]_i_6_n_0
    SLICE_X30Y49         CARRY4 (Prop_carry4_S[3]_O[3])
                                                      0.064     3.020 r  u_dut/u_final/dec_qrs_maf_reg[19]_i_1/O[3]
                         net (fo=1, routed)           0.000     3.020    u_dut/u_final/dec_qrs_maf_reg[19]_i_1_n_4
    SLICE_X30Y49         FDRE                                         r  u_dut/u_final/dec_qrs_maf_reg[19]/D
  -------------------------------------------------------------------    -------------------

                         (clock core_clk_1mhz rise edge)
                                                      0.000     0.000 r
    E3                                                0.000     0.000 r  CLK100MHZ (IN)
                         net (fo=0)                   0.000     0.000    CLK100MHZ
    E3                   IBUF (Prop_ibuf_I_O)         0.438     0.438 r  CLK100MHZ_IBUF_inst/O
                         net (fo=1, routed)           0.699     1.136    CLK100MHZ_IBUF
    BUFGCTRL_X0Y16       BUFG (Prop_bufg_I_O)         0.029     1.165 r  CLK100MHZ_IBUF_BUFG_inst/O
                         net (fo=9, routed)           0.837     2.002    CLK100MHZ_IBUF_BUFG
    SLICE_X49Y95         FDRE (Prop_fdre_C_Q)         0.175     2.177 r  core_clk_raw_reg/Q
                         net (fo=2, routed)           0.326     2.503    core_clk_raw
    BUFGCTRL_X0Y0        BUFG (Prop_bufg_I_O)         0.029     2.532 r  u_core_clk_buf/O
                         net (fo=5093, routed)        0.911     3.443    u_dut/u_final/core_clk
    SLICE_X30Y49         FDRE                                         r  u_dut/u_final/dec_qrs_maf_reg[19]/C
                         clock pessimism             -0.595     2.847
    SLICE_X30Y49         FDRE (Hold_fdre_C_D)         0.134     2.981    u_dut/u_final/dec_qrs_maf_reg[19]
  -------------------------------------------------------------------
                         required time                         -2.981
                         arrival time                           3.020
  -------------------------------------------------------------------
                         slack                                  0.039





Pulse Width Checks
--------------------------------------------------------------------------------------
Clock Name:         core_clk_1mhz
Waveform(ns):       { 0.000 500.000 }
Period(ns):         1000.000
Sources:            { u_core_clk_buf/O }

Check Type        Corner  Lib Pin      Reference Pin  Required(ns)  Actual(ns)  Slack(ns)  Location     Pin
Min Period        n/a     FDRE/C       n/a            1.000         1000.000    999.000    SLICE_X7Y65  btn_meta_reg/C
Low Pulse Width   Fast    RAMD64E/CLK  n/a            1.250         500.000     498.750    SLICE_X2Y30  u_dut/u_snapshot/u_qrs_maf/pre_strong_time_fifo_reg_64_127_0_2/RAMA/CLK
High Pulse Width  Slow    RAMD64E/CLK  n/a            1.250         500.000     498.750    SLICE_X6Y32  u_dut/u_snapshot/u_qrs_maf/pre_strong_time_fifo_reg_0_63_6_6/DP/CLK
