Copyright 1986-2020 Xilinx, Inc. All Rights Reserved.
-------------------------------------------------------------------------------------------------------------------------------------------------------------------------
| Tool Version : Vivado v.2020.2 (win64) Build 3064766 Wed Nov 18 09:12:45 MST 2020
| Date         : Sun Jul  5 20:19:28 2026
| Host         : DESKTOP-F81OJT8 running 64-bit major release  (build 9200)
| Command      : report_timing_summary -file {C:/Users/YangGeon/SNN ECG Classifier/results/final_membrane_v2_snn/profile_synth_overhead/profile_en_1/timing_summary.rpt}
| Design       : snn_ecg_30min_final_top
| Device       : 7a100t-csg324
| Speed File   : -1  PRODUCTION 1.23 2018-06-13
-------------------------------------------------------------------------------------------------------------------------------------------------------------------------

Timing Summary Report

------------------------------------------------------------------------------------------------
| Timer Settings
| --------------
------------------------------------------------------------------------------------------------

  Enable Multi Corner Analysis               :  Yes
  Enable Pessimism Removal                   :  Yes
  Pessimism Removal Resolution               :  Nearest Common Node
  Enable Input Delay Default Clock           :  No
  Enable Preset / Clear Arcs                 :  No
  Disable Flight Delays                      :  No
  Ignore I/O Paths                           :  No
  Timing Early Launch at Borrowing Latches   :  No
  Borrow Time for Max Delay Exceptions       :  Yes
  Merge Timing Exceptions                    :  Yes

  Corner  Analyze    Analyze
  Name    Max Paths  Min Paths
  ------  ---------  ---------
  Slow    Yes        Yes
  Fast    Yes        Yes



check_timing report

Table of Contents
-----------------
1. checking no_clock (0)
2. checking constant_clock (0)
3. checking pulse_width_clock (0)
4. checking unconstrained_internal_endpoints (0)
5. checking no_input_delay (15)
6. checking no_output_delay (779)
7. checking multiple_clock (0)
8. checking generated_clocks (0)
9. checking loops (0)
10. checking partial_input_delay (0)
11. checking partial_output_delay (0)
12. checking latch_loops (0)

1. checking no_clock (0)
------------------------
 There are 0 register/latch pins with no clock.


2. checking constant_clock (0)
------------------------------
 There are 0 register/latch pins with constant_clock.


3. checking pulse_width_clock (0)
---------------------------------
 There are 0 register/latch pins which need pulse_width check


4. checking unconstrained_internal_endpoints (0)
------------------------------------------------
 There are 0 pins that are not constrained for maximum delay.

 There are 0 pins that are not constrained for maximum delay due to constant clock.


5. checking no_input_delay (15)
-------------------------------
 There are 15 input ports with no input delay specified. (HIGH)

 There are 0 input ports with no input delay but user has a false path constraint.


6. checking no_output_delay (779)
---------------------------------
 There are 779 ports with no output delay specified. (HIGH)

 There are 0 ports with no output delay but user has a false path constraint

 There are 0 ports with no output delay but with a timing clock defined on it or propagating through it


7. checking multiple_clock (0)
------------------------------
 There are 0 register/latch pins with multiple clocks.


8. checking generated_clocks (0)
--------------------------------
 There are 0 generated clocks that are not connected to a clock source.


9. checking loops (0)
---------------------
 There are 0 combinational loops in the design.


10. checking partial_input_delay (0)
------------------------------------
 There are 0 input ports with partial input delay specified.


11. checking partial_output_delay (0)
-------------------------------------
 There are 0 ports with partial output delay specified.


12. checking latch_loops (0)
----------------------------
 There are 0 combinational latch loops in the design through latch input



------------------------------------------------------------------------------------------------
| Design Timing Summary
| ---------------------
------------------------------------------------------------------------------------------------

    WNS(ns)      TNS(ns)  TNS Failing Endpoints  TNS Total Endpoints      WHS(ns)      THS(ns)  THS Failing Endpoints  THS Total Endpoints     WPWS(ns)     TPWS(ns)  TPWS Failing Endpoints  TPWS Total Endpoints
    -------      -------  ---------------------  -------------------      -------      -------  ---------------------  -------------------     --------     --------  ----------------------  --------------------
      0.471        0.000                      0                15230        0.190        0.000                      0                15230        3.750        0.000                       0                  5833


All user specified timing constraints are met.


------------------------------------------------------------------------------------------------
| Clock Summary
| -------------
------------------------------------------------------------------------------------------------

Clock  Waveform(ns)       Period(ns)      Frequency(MHz)
-----  ------------       ----------      --------------
clk    {0.000 5.000}      10.000          100.000


------------------------------------------------------------------------------------------------
| Intra Clock Table
| -----------------
------------------------------------------------------------------------------------------------

Clock             WNS(ns)      TNS(ns)  TNS Failing Endpoints  TNS Total Endpoints      WHS(ns)      THS(ns)  THS Failing Endpoints  THS Total Endpoints     WPWS(ns)     TPWS(ns)  TPWS Failing Endpoints  TPWS Total Endpoints
-----             -------      -------  ---------------------  -------------------      -------      -------  ---------------------  -------------------     --------     --------  ----------------------  --------------------
clk                 0.471        0.000                      0                15230        0.190        0.000                      0                15230        3.750        0.000                       0                  5833


------------------------------------------------------------------------------------------------
| Inter Clock Table
| -----------------
------------------------------------------------------------------------------------------------

From Clock    To Clock          WNS(ns)      TNS(ns)  TNS Failing Endpoints  TNS Total Endpoints      WHS(ns)      THS(ns)  THS Failing Endpoints  THS Total Endpoints
----------    --------          -------      -------  ---------------------  -------------------      -------      -------  ---------------------  -------------------


------------------------------------------------------------------------------------------------
| Other Path Groups Table
| -----------------------
------------------------------------------------------------------------------------------------

Path Group    From Clock    To Clock          WNS(ns)      TNS(ns)  TNS Failing Endpoints  TNS Total Endpoints      WHS(ns)      THS(ns)  THS Failing Endpoints  THS Total Endpoints
----------    ----------    --------          -------      -------  ---------------------  -------------------      -------      -------  ---------------------  -------------------


------------------------------------------------------------------------------------------------
| Timing Details
| --------------
------------------------------------------------------------------------------------------------


---------------------------------------------------------------------------------------------------
From Clock:  clk
  To Clock:  clk

Setup :            0  Failing Endpoints,  Worst Slack        0.471ns,  Total Violation        0.000ns
Hold  :            0  Failing Endpoints,  Worst Slack        0.190ns,  Total Violation        0.000ns
PW    :            0  Failing Endpoints,  Worst Slack        3.750ns,  Total Violation        0.000ns
---------------------------------------------------------------------------------------------------


Max Delay Paths
--------------------------------------------------------------------------------------
Slack (MET) :             0.471ns  (required time - arrival time)
  Source:                 u_final/dec_qrs_maf_reg[23]/C
                            (rising edge-triggered cell FDRE clocked by clk  {rise@0.000ns fall@5.000ns period=10.000ns})
  Destination:            u_final/struct_mem_chf_reg[29]/D
                            (rising edge-triggered cell FDRE clocked by clk  {rise@0.000ns fall@5.000ns period=10.000ns})
  Path Group:             clk
  Path Type:              Setup (Max at Slow Process Corner)
  Requirement:            10.000ns  (clk rise@10.000ns - clk rise@0.000ns)
  Data Path Delay:        9.521ns  (logic 4.115ns (43.220%)  route 5.406ns (56.780%))
  Logic Levels:           18  (CARRY4=9 LUT2=2 LUT3=3 LUT4=2 LUT5=1 LUT6=1)
  Clock Path Skew:        -0.049ns (DCD - SCD + CPR)
    Destination Clock Delay (DCD):    0.924ns = ( 10.924 - 10.000 )
    Source Clock Delay      (SCD):    0.973ns
    Clock Pessimism Removal (CPR):    0.000ns
  Clock Uncertainty:      0.035ns  ((TSJ^2 + TIJ^2)^1/2 + DJ) / 2 + PE
    Total System Jitter     (TSJ):    0.071ns
    Total Input Jitter      (TIJ):    0.000ns
    Discrete Jitter          (DJ):    0.000ns
    Phase Error              (PE):    0.000ns

    Location             Delay type                Incr(ns)  Path(ns)    Netlist Resource(s)
  -------------------------------------------------------------------    -------------------
                         (clock clk rise edge)        0.000     0.000 r
                                                      0.000     0.000 r  clk (IN)
                         net (fo=5832, unset)         0.973     0.973    u_final/clk
                         FDRE                                         r  u_final/dec_qrs_maf_reg[23]/C
  -------------------------------------------------------------------    -------------------
                         FDRE (Prop_fdre_C_Q)         0.478     1.451 f  u_final/dec_qrs_maf_reg[23]/Q
                         net (fo=2, unplaced)         0.774     2.225    u_final/dec_qrs_maf[23]
                         LUT4 (Prop_lut4_I1_O)        0.295     2.520 f  u_final/gate_base_chf_from_aff_r_i_10/O
                         net (fo=1, unplaced)         0.941     3.461    u_final/gate_base_chf_from_aff_r_i_10_n_0
                         LUT5 (Prop_lut5_I0_O)        0.124     3.585 f  u_final/gate_base_chf_from_aff_r_i_8/O
                         net (fo=2, unplaced)         0.460     4.045    u_final/gate_base_chf_from_aff_r_i_8_n_0
                         LUT3 (Prop_lut3_I2_O)        0.124     4.169 f  u_final/gate_base_chf_from_aff_r_i_5/O
                         net (fo=2, unplaced)         0.460     4.629    u_final/gate_base_chf_from_aff_r_i_5_n_0
                         LUT2 (Prop_lut2_I1_O)        0.124     4.753 r  u_final/gate_base_chf_from_aff_r_i_2/O
                         net (fo=3, unplaced)         0.467     5.220    u_final/gate_base_chf_from_aff_r_i_2_n_0
                         LUT2 (Prop_lut2_I0_O)        0.124     5.344 r  u_final/gate_base_nsr_from_chf_r_i_27/O
                         net (fo=3, unplaced)         0.467     5.811    u_final/gate_base_nsr_from_chf_r_i_27_n_0
                         LUT3 (Prop_lut3_I0_O)        0.124     5.935 f  u_final/struct_mem_arr[2]_i_3/O
                         net (fo=2, unplaced)         0.743     6.678    u_final/struct_mem_arr[2]_i_3_n_0
                         LUT6 (Prop_lut6_I0_O)        0.124     6.802 r  u_final/struct_mem_chf[11]_i_8/O
                         net (fo=11, unplaced)        0.465     7.267    u_final/gate_struct_silent_aff
                         LUT3 (Prop_lut3_I0_O)        0.124     7.391 r  u_final/struct_mem_chf[3]_i_6/O
                         net (fo=1, unplaced)         0.000     7.391    u_final/struct_mem_chf[3]_i_6_n_0
                         CARRY4 (Prop_carry4_S[3]_CO[3])
                                                      0.376     7.767 r  u_final/struct_mem_chf_reg[3]_i_3/CO[3]
                         net (fo=1, unplaced)         0.000     7.767    u_final/struct_mem_chf_reg[3]_i_3_n_0
                         CARRY4 (Prop_carry4_CI_O[1])
                                                      0.337     8.104 r  u_final/struct_mem_chf_reg[11]_i_2/O[1]
                         net (fo=3, unplaced)         0.629     8.733    u_final/struct_mem_chf_reg[11]_i_2_n_6
                         LUT4 (Prop_lut4_I0_O)        0.306     9.039 r  u_final/struct_mem_chf[7]_i_8/O
                         net (fo=1, unplaced)         0.000     9.039    u_final/struct_mem_chf[7]_i_8_n_0
                         CARRY4 (Prop_carry4_S[1]_CO[3])
                                                      0.533     9.572 r  u_final/struct_mem_chf_reg[7]_i_1/CO[3]
                         net (fo=1, unplaced)         0.000     9.572    u_final/struct_mem_chf_reg[7]_i_1_n_0
                         CARRY4 (Prop_carry4_CI_CO[3])
                                                      0.117     9.689 r  u_final/struct_mem_chf_reg[11]_i_1/CO[3]
                         net (fo=1, unplaced)         0.000     9.689    u_final/struct_mem_chf_reg[11]_i_1_n_0
                         CARRY4 (Prop_carry4_CI_CO[3])
                                                      0.117     9.806 r  u_final/struct_mem_chf_reg[15]_i_1/CO[3]
                         net (fo=1, unplaced)         0.000     9.806    u_final/struct_mem_chf_reg[15]_i_1_n_0
                         CARRY4 (Prop_carry4_CI_CO[3])
                                                      0.117     9.923 r  u_final/struct_mem_chf_reg[19]_i_1/CO[3]
                         net (fo=1, unplaced)         0.000     9.923    u_final/struct_mem_chf_reg[19]_i_1_n_0
                         CARRY4 (Prop_carry4_CI_CO[3])
                                                      0.117    10.040 r  u_final/struct_mem_chf_reg[23]_i_1/CO[3]
                         net (fo=1, unplaced)         0.000    10.040    u_final/struct_mem_chf_reg[23]_i_1_n_0
                         CARRY4 (Prop_carry4_CI_CO[3])
                                                      0.117    10.157 r  u_final/struct_mem_chf_reg[27]_i_1/CO[3]
                         net (fo=1, unplaced)         0.000    10.157    u_final/struct_mem_chf_reg[27]_i_1_n_0
                         CARRY4 (Prop_carry4_CI_O[1])
                                                      0.337    10.494 r  u_final/struct_mem_chf_reg[31]_i_1/O[1]
                         net (fo=1, unplaced)         0.000    10.494    u_final/struct_mem_chf_comb[29]
                         FDRE                                         r  u_final/struct_mem_chf_reg[29]/D
  -------------------------------------------------------------------    -------------------

                         (clock clk rise edge)       10.000    10.000 r
                                                      0.000    10.000 r  clk (IN)
                         net (fo=5832, unset)         0.924    10.924    u_final/clk
                         FDRE                                         r  u_final/struct_mem_chf_reg[29]/C
                         clock pessimism              0.000    10.924
                         clock uncertainty           -0.035    10.889
                         FDRE (Setup_fdre_C_D)        0.076    10.965    u_final/struct_mem_chf_reg[29]
  -------------------------------------------------------------------
                         required time                         10.965
                         arrival time                         -10.494
  -------------------------------------------------------------------
                         slack                                  0.471





Min Delay Paths
--------------------------------------------------------------------------------------
Slack (MET) :             0.190ns  (arrival time - required time)
  Source:                 u_snapshot/u_event_encoder/strong_event_reg/C
                            (rising edge-triggered cell FDRE clocked by clk  {rise@0.000ns fall@5.000ns period=10.000ns})
  Destination:            u_snapshot/u_qrs_maf/pre_strong_sr_reg[31]_srl32___pre_strong_sr_reg_r_30/D
                            (rising edge-triggered cell SRLC32E clocked by clk  {rise@0.000ns fall@5.000ns period=10.000ns})
  Path Group:             clk
  Path Type:              Hold (Min at Fast Process Corner)
  Requirement:            0.000ns  (clk rise@0.000ns - clk rise@0.000ns)
  Data Path Delay:        0.341ns  (logic 0.147ns (43.068%)  route 0.194ns (56.932%))
  Logic Levels:           0
  Clock Path Skew:        0.022ns (DCD - SCD - CPR)
    Destination Clock Delay (DCD):    0.432ns
    Source Clock Delay      (SCD):    0.410ns
    Clock Pessimism Removal (CPR):    -0.000ns

    Location             Delay type                Incr(ns)  Path(ns)    Netlist Resource(s)
  -------------------------------------------------------------------    -------------------
                         (clock clk rise edge)        0.000     0.000 r
                                                      0.000     0.000 r  clk (IN)
                         net (fo=5832, unset)         0.410     0.410    u_snapshot/u_event_encoder/clk
                         FDRE                                         r  u_snapshot/u_event_encoder/strong_event_reg/C
  -------------------------------------------------------------------    -------------------
                         FDRE (Prop_fdre_C_Q)         0.147     0.557 r  u_snapshot/u_event_encoder/strong_event_reg/Q
                         net (fo=41, unplaced)        0.194     0.751    u_snapshot/u_qrs_maf/strong_event
                         SRLC32E                                      r  u_snapshot/u_qrs_maf/pre_strong_sr_reg[31]_srl32___pre_strong_sr_reg_r_30/D
  -------------------------------------------------------------------    -------------------

                         (clock clk rise edge)        0.000     0.000 r
                                                      0.000     0.000 r  clk (IN)
                         net (fo=5832, unset)         0.432     0.432    u_snapshot/u_qrs_maf/clk
                         SRLC32E                                      r  u_snapshot/u_qrs_maf/pre_strong_sr_reg[31]_srl32___pre_strong_sr_reg_r_30/CLK
                         clock pessimism              0.000     0.432
                         SRLC32E (Hold_srlc32e_CLK_D)
                                                      0.130     0.562    u_snapshot/u_qrs_maf/pre_strong_sr_reg[31]_srl32___pre_strong_sr_reg_r_30
  -------------------------------------------------------------------
                         required time                         -0.562
                         arrival time                           0.751
  -------------------------------------------------------------------
                         slack                                  0.190





Pulse Width Checks
--------------------------------------------------------------------------------------
Clock Name:         clk
Waveform(ns):       { 0.000 5.000 }
Period(ns):         10.000
Sources:            { clk }

Check Type        Corner  Lib Pin      Reference Pin  Required(ns)  Actual(ns)  Slack(ns)  Location  Pin
Min Period        n/a     FDRE/C       n/a            1.000         10.000      9.000                prof_run_cycle_counter_reg[4]/C
Low Pulse Width   Fast    RAMD64E/CLK  n/a            1.250         5.000       3.750                u_snapshot/u_qrs_maf/pre_strong_time_fifo_reg_0_63_0_2/RAMA/CLK
High Pulse Width  Slow    RAMD64E/CLK  n/a            1.250         5.000       3.750                u_snapshot/u_qrs_maf/pre_strong_time_fifo_reg_0_63_0_2/RAMA/CLK
